2023-11-27 17:26:41,045 [INFO] McuFinderGlobals:63 - Set McuFinder mode to 2 (CubeIDE integrated)
2023-11-27 17:26:41,268 [INFO] MainUpdater:2868 - connection check result : 10
2023-11-27 17:26:41,269 [INFO] MainUpdater:2868 - connection check result : 10
2023-11-27 17:26:42,088 [INFO] MicroXplorer:468 - Change Database Path : 
2023-11-27 17:26:42,089 [INFO] MicroXplorer:498 - Change Database Version : DB.6.0.92
2023-11-27 17:26:42,094 [WARN] ThirdParty:871 - waiting for thirdparty lock release [close project]
2023-11-27 17:26:42,094 [INFO] ThirdParty:873 - entering critical section [close project]
2023-11-27 17:26:42,104 [INFO] ThirdParty:883 - exiting critical section [close project]
2023-11-27 17:26:42,111 [INFO] PinOutPanel:1499 - setPackage(No Configuration,No Configuration)
2023-11-27 17:26:42,180 [INFO] UtilMem:75 - Begin LoadConfig() Used Memory: 905400480 Bytes (1069547520)
2023-11-27 17:26:42,183 [INFO] MicroXplorer:468 - Change Database Path : 
2023-11-27 17:26:42,183 [INFO] MicroXplorer:498 - Change Database Version : DB.6.0.92
2023-11-27 17:26:42,183 [INFO] OpenFileManager:308 - Change cursor
2023-11-27 17:26:42,320 [INFO] Mcu:1946 - Initializing MCU STM32L476R(C-E-G)Tx STM32L476RGTx STM32L476RGT3
2023-11-27 17:26:46,345 [INFO] Context:659 - Trying to add GPIOservice into a context  which must be forbidden
2023-11-27 17:26:48,524 [INFO] RtosManager:555 - Registered RTOS mode: class=CMSIS, group=RTOS, mode=CMSIS_V1, owner=FREERTOS
2023-11-27 17:26:48,529 [INFO] RtosManager:555 - Registered RTOS mode: class=CMSIS, group=RTOS2, mode=CMSIS_V2, owner=FREERTOS
2023-11-27 17:26:48,529 [INFO] RtosManager:555 - Registered RTOS mode: class=RTOS, group=Core, mode=CMSIS_V1, owner=FREERTOS
2023-11-27 17:26:48,529 [INFO] RtosManager:555 - Registered RTOS mode: class=RTOS, group=Core, mode=CMSIS_V2, owner=FREERTOS
2023-11-27 17:26:48,529 [WARN] ModelIntegratedComponent:184 - Missing modes for component STMicroelectronics:FreeRTOS:0.0.1:STMicroelectronics:RTOS:FreeRTOS:Core:::10.2.0:
2023-11-27 17:26:48,603 [WARN] ModelIntegratedComponent:63 - No mode defined for component null
2023-11-27 17:26:48,603 [WARN] ModelIntegratedComponent:63 - No mode defined for component null
2023-11-27 17:26:48,603 [WARN] ModelIntegratedComponent:63 - No mode defined for component null
2023-11-27 17:26:48,603 [WARN] ModelIntegratedComponent:63 - No mode defined for component null
2023-11-27 17:26:48,603 [WARN] ModelIntegratedComponent:63 - No mode defined for component null
2023-11-27 17:26:48,604 [WARN] ModelIntegratedComponent:63 - No mode defined for component null
2023-11-27 17:26:48,604 [WARN] ModelIntegratedComponent:63 - No mode defined for component null
2023-11-27 17:26:48,604 [WARN] ModelIntegratedComponent:63 - No mode defined for component null
2023-11-27 17:26:48,604 [WARN] ModelIntegratedComponent:63 - No mode defined for component null
2023-11-27 17:26:48,604 [WARN] ModelIntegratedComponent:63 - No mode defined for component null
2023-11-27 17:26:48,604 [WARN] ModelIntegratedComponent:63 - No mode defined for component null
2023-11-27 17:26:48,604 [WARN] ModelIntegratedComponent:63 - No mode defined for component null
2023-11-27 17:26:48,604 [WARN] ModelIntegratedComponent:63 - No mode defined for component null
2023-11-27 17:26:48,604 [WARN] ModelIntegratedComponent:63 - No mode defined for component null
2023-11-27 17:26:48,604 [WARN] ModelIntegratedComponent:63 - No mode defined for component null
2023-11-27 17:26:48,604 [WARN] ModelIntegratedComponent:63 - No mode defined for component null
2023-11-27 17:26:48,604 [WARN] ModelIntegratedComponent:63 - No mode defined for component null
2023-11-27 17:26:48,604 [WARN] ModelIntegratedComponent:63 - No mode defined for component null
2023-11-27 17:26:48,604 [WARN] ModelIntegratedComponent:63 - No mode defined for component null
2023-11-27 17:26:48,604 [WARN] ModelIntegratedComponent:63 - No mode defined for component null
2023-11-27 17:26:48,604 [WARN] ModelIntegratedComponent:63 - No mode defined for component null
2023-11-27 17:26:48,604 [WARN] ModelIntegratedComponent:63 - No mode defined for component null
2023-11-27 17:26:48,604 [WARN] ModelIntegratedComponent:63 - No mode defined for component null
2023-11-27 17:26:48,604 [WARN] ModelIntegratedComponent:63 - No mode defined for component null
2023-11-27 17:26:48,604 [WARN] ModelIntegratedComponent:63 - No mode defined for component null
2023-11-27 17:26:48,604 [WARN] ModelIntegratedComponent:63 - No mode defined for component null
2023-11-27 17:26:48,604 [WARN] ModelIntegratedComponent:63 - No mode defined for component null
2023-11-27 17:26:48,604 [WARN] ModelIntegratedComponent:63 - No mode defined for component null
2023-11-27 17:26:48,604 [WARN] ModelIntegratedComponent:63 - No mode defined for component null
2023-11-27 17:26:48,605 [WARN] ModelIntegratedComponent:63 - No mode defined for component null
2023-11-27 17:26:48,605 [WARN] ModelIntegratedComponent:63 - No mode defined for component null
2023-11-27 17:26:48,605 [WARN] ModelIntegratedComponent:63 - No mode defined for component null
2023-11-27 17:26:48,605 [WARN] ModelIntegratedComponent:63 - No mode defined for component null
2023-11-27 17:26:48,953 [INFO] ThirdPartyModel:298 - Start build external matchings
2023-11-27 17:26:50,233 [INFO] ThirdPartyModel:316 - End build external matchings
2023-11-27 17:26:50,339 [INFO] RtosManager:919 - Current active RTOS is FREERTOS [Cortex-M4NS]
2023-11-27 17:26:51,087 [INFO] UtilMem:75 - End LoadConfig() Used Memory: 598016264 Bytes (1073741824)
2023-11-27 17:26:51,698 [INFO] ApiDb:581 - Connected to CubeFinder SQLite database (/Users/thomas/.stmcufinder/plugins/mcufinder/mcu/cube-finder-db.db)
2023-11-27 17:26:51,824 [INFO] ApiDb:668 - CubeFinder database Data Model version=2.1
2023-11-27 17:26:51,824 [INFO] ApiDb:669 - CubeFinder database Configuration version=3.0.39
2023-11-27 17:26:51,840 [INFO] ApiDb:670 - CubeFinder database generation date=2023-11-06 (1699269565)
2023-11-27 17:26:51,840 [INFO] ApiDb:671 - CubeFinder database FW Pack versions=[FP-ATR-ASTRA1_V2.0.0, FP-SNS-FLIGHT1_V5.0.1, FP-SNS-FLIGHT1_V5.0.2, FP-SNS-MOTENV1_V4.3.1, FP-SNS-MOTENV1_V4.3.2, FP-SNS-MOTENVWB1_V1.3.0, FP-SNS-SMARTAG2_V1.2.0, STM32Cube_FW_C0_V1.1.0, STM32Cube_FW_F4_V1.28.0, STM32Cube_FW_F7_V1.17.0, STM32Cube_FW_G0_V1.6.1, STM32Cube_FW_G4_V1.5.1, STM32Cube_FW_H5_V0.5.1, STM32Cube_FW_H5_V1.1.1, STM32Cube_FW_H5_V1.2.0RC2, STM32Cube_FW_H7_V1.11.0, STM32Cube_FW_L0_V1.12.2, STM32Cube_FW_L5_V1.5.0, STM32Cube_FW_U5_V1.3.0RC4, STM32Cube_FW_U5_V1.4.0, STM32Cube_FW_WBA_V1.0.0RC1, STM32Cube_FW_WBA_V1.1.0RC1, STM32Cube_FW_WBA_V1.2.0, STM32Cube_FW_WBA_V1.2.0RC2, STM32Cube_FW_WB_V1.15.0RC1, STM32Cube_FW_WB_V1.16.0, STM32Cube_FW_WB_V1.16.0RC2, STM32Cube_FW_WB_V1.18.0, STM32Cube_FW_WL_V1.3.0, X-CUBE-ALGOBUILD_V1.3.0, X-CUBE-ALS_V1.0.1, X-CUBE-AZRTOS-F4_V1.1.0, X-CUBE-AZRTOS-F7_V1.1.0, X-CUBE-AZRTOS-G0_V1.1.0, X-CUBE-AZRTOS-G4_V2.0.0, X-CUBE-AZRTOS-H7_V3.1.0, X-CUBE-AZRTOS-L4_V1.0.0, X-CUBE-AZRTOS-L4_V2.0.0, X-CUBE-AZRTOS-L5_V1.1.0, X-CUBE-AZRTOS-WB_V2.0.0, X-CUBE-AZRTOS-WL_V2.0.0, X-CUBE-BLE1_V7.0.0, X-CUBE-BLE2_V3.3.0, X-CUBE-BLEMGR_V2.0.0, X-CUBE-EEPRMA1_V4.1.0, X-CUBE-EEPRMA1_V4.2.0, X-CUBE-FREERTOS_V1.1.0, X-CUBE-GNSS1_V6.0.0, X-CUBE-MEMS1_V10.0.0, X-CUBE-MEMS1_V9.1.0, X-CUBE-MEMS1_V9.4.0, X-CUBE-MEMS1_V9.6.0, X-CUBE-NFC4_V3.0.0, X-CUBE-NFC7_V1.0.1, X-CUBE-SFXS2LP1_V4.0.0, X-CUBE-SUBG2_V5.0.0, X-CUBE-TOF1_V3.3.1]
2023-11-27 17:26:54,059 [INFO] ApiDb:240 - Found 323 in-development CPN: [B-G473E-ZEST1S, B-WB1M-WPAN1, B-WL5M-SUBG1, NUCLEO-C031C6, NUCLEO-H503RB, NUCLEO-H563ZI, NUCLEO-U545RE-Q, NUCLEO-U5A5ZJ-Q, NUCLEO-WBA52CG, STEVAL-PROTEUS1, STEVAL-SMARTAG2, STEVAL-STWINBX1, STM320518-EVAL, STM32C0116-DK, STM32C011D6Y3TR, STM32C011D6Y6TR, STM32C011F4P3, STM32C011F4P6, STM32C011F4U3, STM32C011F4U6TR, STM32C011F6P3, STM32C011F6P6, STM32C011F6U3, STM32C011F6U6TR, STM32C011J4M3, STM32C011J4M6, STM32C011J6M3, STM32C011J6M6, STM32C0316-DK, STM32C031C4T3, STM32C031C4T6, STM32C031C4U3, STM32C031C4U6, STM32C031C6T3, STM32C031C6T6, STM32C031C6U3, STM32C031C6U6, STM32C031F4P3, STM32C031F4P6, STM32C031F6P3, STM32C031F6P6, STM32C031G4U3, STM32C031G4U6, STM32C031G6U3, STM32C031G6U6, STM32C031K4T3, STM32C031K4T6, STM32C031K4U3, STM32C031K4U6, STM32C031K6T3, STM32C031K6T6, STM32C031K6U3, STM32C031K6U6, STM32G071K8TXN, STM32G071K8UXN, STM32G081GBU6N, STM32G081KBT6N, STM32G081KBUXN, STM32G0B1CCT6N, STM32G0B1KCT6, STM32G0B1NEY6TR, STM32G0B1RCT6N, STM32G0C1CCT6, STM32G0C1CCT6N, STM32G0C1CCU6N, STM32G0C1CET6N, STM32G0C1CEU6N, STM32G0C1KCT6, STM32G0C1NEY6TR, STM32G0C1RCI6N, STM32G0C1RCT6N, STM32G0C1REI6N, STM32G0C1RET6N, STM32G0C1VCI6, STM32G0C1VEI6, STM32G471CCT6, STM32G471CCU6, STM32G471CET3, STM32G471CET6, STM32G471CEU3, STM32G471CEU6, STM32G471MCT6, STM32G471MET3, STM32G471MET6, STM32G471MEY6TR, STM32G471QCT6, STM32G471QET3, STM32G471RCT6, STM32G471RET3, STM32G471RET6, STM32G471VCH6, STM32G471VCI6, STM32G471VCT6, STM32G471VEH3, STM32G471VEH6, STM32G471VEI3, STM32G471VEI6, STM32G471VET3, STM32G471VET6, STM32G474CCT6, STM32H503CBT6, STM32H503CBU6, STM32H503EBY6TR, STM32H503KBU6, STM32H503RBT6, STM32H562AGI6, STM32H562AII6, STM32H562IGK6, STM32H562IGT6, STM32H562IIK6, STM32H562IIT6, STM32H562RGT6, STM32H562RGV6, STM32H562RIT6, STM32H562RIV6, STM32H562VGT6, STM32H562VIT6, STM32H562ZGT6, STM32H562ZIT6, STM32H563AGI6, STM32H563AII3Q, STM32H563AII6, STM32H563IGK6, STM32H563IGT6, STM32H563IIK3Q, STM32H563IIK6, STM32H563IIT3Q, STM32H563IIT6, STM32H563MIY3QTR, STM32H563RGT6, STM32H563RGV6, STM32H563RIT6, STM32H563RIV6, STM32H563VGT6, STM32H563VIT3Q, STM32H563VIT6, STM32H563ZGT6, STM32H563ZIT3Q, STM32H563ZIT6, STM32H573AII3Q, STM32H573AII6, STM32H573I-DK, STM32H573IIK3Q, STM32H573IIK6, STM32H573IIT3Q, STM32H573IIT6, STM32H573MIY3QTR, STM32H573RIT6, STM32H573RIV6, STM32H573VIT3Q, STM32H573VIT6, STM32H573ZIT3Q, STM32H573ZIT6, STM32L4R5QGI6STR, STM32MP131AAE3, STM32MP131AAF3, STM32MP131AAG3, STM32MP131CAE3, STM32MP131CAF3, STM32MP131CAG3, STM32MP131DAE7, STM32MP131DAF7, STM32MP131DAG7, STM32MP131FAE7, STM32MP131FAF7, STM32MP131FAG7, STM32MP133AAE3, STM32MP133AAF3, STM32MP133AAG3, STM32MP133CAE3, STM32MP133CAF3, STM32MP133CAG3, STM32MP133DAE7, STM32MP133DAF7, STM32MP133DAG7, STM32MP133FAE7, STM32MP133FAF7, STM32MP133FAG7, STM32MP135AAE3, STM32MP135AAF3, STM32MP135AAG3, STM32MP135CAE3, STM32MP135CAF3, STM32MP135CAG3, STM32MP135DAE7, STM32MP135DAF7, STM32MP135DAG7, STM32MP135F-DK, STM32MP135FAE7, STM32MP135FAF7, STM32MP135FAF7T, STM32MP135FAF7U, STM32MP135FAG7, STM32U535CBT6, STM32U535CBT6Q, STM32U535CBU6, STM32U535CBU6Q, STM32U535CCT6, STM32U535CCT6Q, STM32U535CCU6, STM32U535CCU6Q, STM32U535CET6, STM32U535CET6Q, STM32U535CEU6, STM32U535CEU6Q, STM32U535JEY6QTR, STM32U535NCY6QTR, STM32U535NEY6QTR, STM32U535RBI6, STM32U535RBI6Q, STM32U535RBT6, STM32U535RBT6Q, STM32U535RCI6, STM32U535RCI6Q, STM32U535RCT6, STM32U535RCT6Q, STM32U535REI6, STM32U535REI6Q, STM32U535RET6, STM32U535RET6Q, STM32U535VCI6, STM32U535VCI6Q, STM32U535VCT6, STM32U535VCT6Q, STM32U535VEI6, STM32U535VEI6Q, STM32U535VET6, STM32U535VET6Q, STM32U545CET6, STM32U545CET6Q, STM32U545CEU6, STM32U545CEU6Q, STM32U545JEY6QTR, STM32U545NEY6QTR, STM32U545REI6, STM32U545REI6Q, STM32U545RET6, STM32U545RET6Q, STM32U545VEI6, STM32U545VEI6Q, STM32U545VET6, STM32U545VET6Q, STM32U595AIH6, STM32U595AIH6Q, STM32U595AJH6, STM32U595AJH6Q, STM32U595QII6, STM32U595QII6Q, STM32U595QJI6, STM32U595QJI6Q, STM32U595RIT6, STM32U595RIT6Q, STM32U595RJT6, STM32U595RJT6Q, STM32U595VIT6, STM32U595VIT6Q, STM32U595VJT6, STM32U595VJT6Q, STM32U595ZIT6, STM32U595ZIT6Q, STM32U595ZIY6QTR, STM32U595ZJT6, STM32U595ZJT6Q, STM32U595ZJY6QTR, STM32U599BJY6QTR, STM32U599NIH6Q, STM32U599NJH6Q, STM32U599VIT6Q, STM32U599VJT6, STM32U599VJT6Q, STM32U599ZIT6Q, STM32U599ZIY6QTR, STM32U599ZJT6Q, STM32U599ZJY6QTR, STM32U5A5AJH6, STM32U5A5AJH6Q, STM32U5A5QJI6, STM32U5A5QJI6Q, STM32U5A5RJT6, STM32U5A5RJT6Q, STM32U5A5VJT6, STM32U5A5VJT6Q, STM32U5A5ZJT6, STM32U5A5ZJT6Q, STM32U5A5ZJY6QTR, STM32U5A9BJY6QTR, STM32U5A9J-DK, STM32U5A9NJH6Q, STM32U5A9VJT6Q, STM32U5A9ZJT6Q, STM32U5A9ZJY6QTR, STM32U5F7VIT6, STM32U5F7VIT6Q, STM32U5F7VJT6, STM32U5F7VJT6Q, STM32U5F9BJY6QTR, STM32U5F9NJH6Q, STM32U5F9VIT6Q, STM32U5F9VJT6Q, STM32U5F9ZIJ6QTR, STM32U5F9ZIT6Q, STM32U5F9ZJJ6QTR, STM32U5F9ZJT6Q, STM32U5G7VJT6, STM32U5G7VJT6Q, STM32U5G9BJY6QTR, STM32U5G9J-DK1, STM32U5G9J-DK2, STM32U5G9NJH6Q, STM32U5G9VJT6Q, STM32U5G9ZJJ6QTR, STM32U5G9ZJT6Q, STM32WB1MMCH6, STM32WBA52CEU6, STM32WBA52CEU6T, STM32WBA52CGU6, STM32WBA52CGU6T, STM32WBA52KEU6, STM32WBA52KEU6T, STM32WBA52KGU6, STM32WBA52KGU6T, STM32WL5MOCH6, STM32WL5MOCH6TR]
2023-11-27 17:26:54,064 [INFO] DbMcus:217 - Found 3882 MCUs, 3882 are supported
2023-11-27 17:26:54,067 [INFO] ApiDb:423 - Load user favorites file /Users/thomas/.stm32cubeide/favorites.mcus.txt: 0 item(s)
2023-11-27 17:26:54,067 [INFO] ApiDb:427 - User favorites MCUs=[]
2023-11-27 17:26:54,067 [INFO] DbMcus:223 - Set 0 / 0 favorites MCUs
2023-11-27 17:26:54,582 [WARN] ThirdParty:833 - waiting for thirdparty lock release [change project]
2023-11-27 17:26:54,582 [INFO] ThirdParty:835 - entering critical section [change project]
2023-11-27 17:26:54,583 [INFO] ThirdParty:1030 - CMSIS Pack Vendor :STMicroelectronics X-CUBE-ISPU 1.1.0
2023-11-27 17:26:54,583 [INFO] ThirdParty:1030 - CMSIS Pack Vendor :STMicroelectronics USBPD 4.1
2023-11-27 17:26:54,584 [INFO] ThirdParty:1030 - CMSIS Pack Vendor :RoweBots I-CUBE-UNISONRTOS 5.5.0-4
2023-11-27 17:26:54,584 [INFO] ThirdParty:1030 - CMSIS Pack Vendor :STMicroelectronics X-CUBE-GNSS1 6.0.0
2023-11-27 17:26:54,584 [INFO] ThirdParty:1030 - CMSIS Pack Vendor :STMicroelectronics USB_HOST 2.0.0
2023-11-27 17:26:54,584 [INFO] ThirdParty:1030 - CMSIS Pack Vendor :STMicroelectronics X-CUBE-AZRTOS-F4 1.1.0
2023-11-27 17:26:54,584 [INFO] ThirdParty:1030 - CMSIS Pack Vendor :STMicroelectronics LIBJPEG 8.0.0
2023-11-27 17:26:54,584 [INFO] ThirdParty:1030 - CMSIS Pack Vendor :STMicroelectronics X-CUBE-SMBUS 2.1.0
2023-11-27 17:26:54,584 [INFO] ThirdParty:1030 - CMSIS Pack Vendor :wolfSSL I-CUBE-wolfSSL 5.6.0
2023-11-27 17:26:54,584 [INFO] ThirdParty:1030 - CMSIS Pack Vendor :STMicroelectronics USB_DEVICE 3.0.0
2023-11-27 17:26:54,584 [INFO] ThirdParty:1030 - CMSIS Pack Vendor :STMicroelectronics X-CUBE-AI 8.0.0
2023-11-27 17:26:54,584 [INFO] ThirdParty:1030 - CMSIS Pack Vendor :STMicroelectronics X-CUBE-AZRTOS-WB 2.0.0
2023-11-27 17:26:54,584 [INFO] ThirdParty:1030 - CMSIS Pack Vendor :STMicroelectronics X-CUBE-FREERTOS 1.0.0
2023-11-27 17:26:54,584 [INFO] ThirdParty:1030 - CMSIS Pack Vendor :STMicroelectronics X-CUBE-TOUCHGFX 4.21.3
2023-11-27 17:26:54,584 [INFO] ThirdParty:1030 - CMSIS Pack Vendor :STMicroelectronics X-CUBE-AZRTOS-F7 1.1.0
2023-11-27 17:26:54,584 [INFO] ThirdParty:1030 - CMSIS Pack Vendor :STMicroelectronics X-CUBE-AZRTOS-L5 2.0.0
2023-11-27 17:26:54,584 [INFO] ThirdParty:1030 - CMSIS Pack Vendor :STMicroelectronics USB_DEVICE 2.0.0
2023-11-27 17:26:54,584 [INFO] ThirdParty:1030 - CMSIS Pack Vendor :STMicroelectronics X-CUBE-EEPRMA1 4.2.0
2023-11-27 17:26:54,584 [INFO] ThirdParty:1030 - CMSIS Pack Vendor :ITTIA_DB I-CUBE-ITTIADB 8.8.0
2023-11-27 17:26:54,584 [INFO] ThirdParty:1030 - CMSIS Pack Vendor :STMicroelectronics FP-SNS-MOTENV1 4.3.2
2023-11-27 17:26:54,584 [INFO] ThirdParty:1030 - CMSIS Pack Vendor :STMicroelectronics X-CUBE-ALGOBUILD 1.3.0
2023-11-27 17:26:54,584 [INFO] ThirdParty:1030 - CMSIS Pack Vendor :STMicroelectronics X-CUBE-BLE1 6.2.4
2023-11-27 17:26:54,584 [INFO] ThirdParty:1030 - CMSIS Pack Vendor :STMicroelectronics X-CUBE-AZRTOS-L5 1.1.0
2023-11-27 17:26:54,584 [INFO] ThirdParty:1030 - CMSIS Pack Vendor :STMicroelectronics FreeRTOS 0.0.1
2023-11-27 17:26:54,584 [INFO] ThirdParty:1030 - CMSIS Pack Vendor :STMicroelectronics X-CUBE-AZRTOS-G0 1.1.0
2023-11-27 17:26:54,585 [INFO] ThirdParty:1030 - CMSIS Pack Vendor :emotas I-CUBE-CANOPEN 1.1.3
2023-11-27 17:26:54,585 [INFO] ThirdParty:1030 - CMSIS Pack Vendor :STMicroelectronics X-CUBE-BLEMGR 2.0.0
2023-11-27 17:26:54,585 [INFO] ThirdParty:1030 - CMSIS Pack Vendor :STMicroelectronics X-CUBE-NFC4 3.0.0
2023-11-27 17:26:54,585 [INFO] ThirdParty:1030 - CMSIS Pack Vendor :STMicroelectronics X-CUBE-SUBG2 5.0.0
2023-11-27 17:26:54,585 [INFO] ThirdParty:1030 - CMSIS Pack Vendor :STMicroelectronics STM32_WPAN 1.0.0
2023-11-27 17:26:54,585 [INFO] ThirdParty:1030 - CMSIS Pack Vendor :STMicroelectronics lwIP 2.0.3
2023-11-27 17:26:54,585 [INFO] ThirdParty:1030 - CMSIS Pack Vendor :STMicroelectronics FP-SNS-FLIGHT1 5.0.2
2023-11-27 17:26:54,585 [INFO] ThirdParty:1030 - CMSIS Pack Vendor :STMicroelectronics USB_HOST 1.0.0
2023-11-27 17:26:54,585 [INFO] ThirdParty:1030 - CMSIS Pack Vendor :STMicroelectronics X-CUBE-TOF1 3.3.1
2023-11-27 17:26:54,585 [INFO] ThirdParty:1030 - CMSIS Pack Vendor :STMicroelectronics X-CUBE-AZRTOS-G4 2.0.0
2023-11-27 17:26:54,585 [INFO] ThirdParty:1030 - CMSIS Pack Vendor :STMicroelectronics PDM2PCM 3.1.0
2023-11-27 17:26:54,585 [INFO] ThirdParty:1030 - CMSIS Pack Vendor :STMicroelectronics X-CUBE-AZRTOS-H7 3.1.0
2023-11-27 17:26:54,585 [INFO] ThirdParty:1030 - CMSIS Pack Vendor :STMicroelectronics X-CUBE-TOF1 3.3.0
2023-11-27 17:26:54,585 [INFO] ThirdParty:1030 - CMSIS Pack Vendor :STMicroelectronics FP-ATR-ASTRA1 1.1.1
2023-11-27 17:26:54,585 [INFO] ThirdParty:1030 - CMSIS Pack Vendor :Infineon AIROC-Wi-Fi-Bluetooth-STM32 1.5.1
2023-11-27 17:26:54,585 [INFO] ThirdParty:1030 - CMSIS Pack Vendor :STMicroelectronics X-CUBE-BLEMGR 3.0.0
2023-11-27 17:26:54,585 [INFO] ThirdParty:1030 - CMSIS Pack Vendor :STMicroelectronics PDM2PCM 3.3.0
2023-11-27 17:26:54,585 [INFO] ThirdParty:1030 - CMSIS Pack Vendor :STMicroelectronics X-CUBE-DISPLAY 3.0.0
2023-11-27 17:26:54,585 [INFO] ThirdParty:1030 - CMSIS Pack Vendor :STMicroelectronics FP-SNS-MOTENVWB1 1.3.0
2023-11-27 17:26:54,586 [INFO] ThirdParty:1030 - CMSIS Pack Vendor :STMicroelectronics X-CUBE-BLE1 7.0.0
2023-11-27 17:26:54,586 [INFO] ThirdParty:1030 - CMSIS Pack Vendor :STMicroelectronics FP-ATR-SIGFOX1 3.2.0
2023-11-27 17:26:54,586 [INFO] ThirdParty:1030 - CMSIS Pack Vendor :STMicroelectronics X-CUBE-AZRTOS-G4 1.0.0
2023-11-27 17:26:54,586 [INFO] ThirdParty:1030 - CMSIS Pack Vendor :STMicroelectronics X-CUBE-AZRTOS-L4 1.0.0
2023-11-27 17:26:54,586 [INFO] ThirdParty:1030 - CMSIS Pack Vendor :STMicroelectronics HAL Drivers 0.0.0
2023-11-27 17:26:54,586 [INFO] ThirdParty:1030 - CMSIS Pack Vendor :STMicroelectronics MBEDTLS 2.16.2
2023-11-27 17:26:54,586 [INFO] ThirdParty:1030 - CMSIS Pack Vendor :STMicroelectronics X-CUBE-MEMS1 10.0.0
2023-11-27 17:26:54,586 [INFO] ThirdParty:1030 - CMSIS Pack Vendor :STMicroelectronics X-CUBE-FREERTOS 1.1.0
2023-11-27 17:26:54,586 [INFO] ThirdParty:1030 - CMSIS Pack Vendor :STMicroelectronics X-CUBE-NFC7 1.0.1
2023-11-27 17:26:54,586 [INFO] ThirdParty:1030 - CMSIS Pack Vendor :STMicroelectronics MBEDTLS 2.14.1
2023-11-27 17:26:54,586 [INFO] ThirdParty:1030 - CMSIS Pack Vendor :STMicroelectronics X-CUBE-NFC7 1.0.0
2023-11-27 17:26:54,586 [INFO] ThirdParty:1030 - CMSIS Pack Vendor :STMicroelectronics X-CUBE-TOUCHGFX 4.22.1
2023-11-27 17:26:54,586 [INFO] ThirdParty:1030 - CMSIS Pack Vendor :STMicroelectronics X-CUBE-AZRTOS-WL 1.0.0
2023-11-27 17:26:54,586 [INFO] ThirdParty:1030 - CMSIS Pack Vendor :STMicroelectronics X-CUBE-NFC6 3.0.0
2023-11-27 17:26:54,586 [INFO] ThirdParty:1030 - CMSIS Pack Vendor :STMicroelectronics X-CUBE-EEPRMA1 4.1.0
2023-11-27 17:26:54,586 [INFO] ThirdParty:1030 - CMSIS Pack Vendor :portGmbH I-Cube-SoM-uGOAL 1.1.0
2023-11-27 17:26:54,586 [INFO] ThirdParty:1030 - CMSIS Pack Vendor :STMicroelectronics X-CUBE-ALS 1.0.1
2023-11-27 17:26:54,588 [INFO] ThirdParty:1030 - CMSIS Pack Vendor :STMicroelectronics X-CUBE-MEMS1 9.5.0
2023-11-27 17:26:54,588 [INFO] ThirdParty:1030 - CMSIS Pack Vendor :STMicroelectronics ThreadX 1.0.0
2023-11-27 17:26:54,589 [INFO] ThirdParty:1030 - CMSIS Pack Vendor :STMicroelectronics FP-SNS-SMARTAG2 1.2.0
2023-11-27 17:26:54,589 [INFO] ThirdParty:1030 - CMSIS Pack Vendor :STMicroelectronics X-CUBE-AZRTOS-WB 1.1.0
2023-11-27 17:26:54,589 [INFO] ThirdParty:1030 - CMSIS Pack Vendor :STMicroelectronics X-CUBE-AZRTOS-WL 2.0.0
2023-11-27 17:26:54,589 [INFO] ThirdParty:1030 - CMSIS Pack Vendor :SEGGER I-CUBE-embOS 1.3.1
2023-11-27 17:26:54,589 [INFO] ThirdParty:1030 - CMSIS Pack Vendor :STMicroelectronics USB_DEVICE 1.0.0
2023-11-27 17:26:54,589 [INFO] ThirdParty:1030 - CMSIS Pack Vendor :STMicroelectronics X-CUBE-AI 8.1.0
2023-11-27 17:26:54,589 [INFO] ThirdParty:1030 - CMSIS Pack Vendor :STMicroelectronics X-CUBE-AZRTOS-L4 2.0.0
2023-11-27 17:26:54,589 [INFO] ThirdParty:1030 - CMSIS Pack Vendor :STMicroelectronics ThreadX 0.0.2
2023-11-27 17:26:54,589 [INFO] ThirdParty:1030 - CMSIS Pack Vendor :WES I-CUBE-Cesium 1.3.0
2023-11-27 17:26:54,589 [INFO] ThirdParty:1030 - CMSIS Pack Vendor :STMicroelectronics FP-ATR-ASTRA1 2.0.0
2023-11-27 17:26:54,590 [INFO] ThirdParty:1030 - CMSIS Pack Vendor :STMicroelectronics lwIP 2.1.2
2023-11-27 17:26:54,590 [INFO] ThirdParty:1030 - CMSIS Pack Vendor :STMicroelectronics X-CUBE-SFXS2LP1 4.0.0
2023-11-27 17:26:54,590 [INFO] ThirdParty:1030 - CMSIS Pack Vendor :STMicroelectronics X-CUBE-BLE2 3.3.0
2023-11-27 17:26:54,590 [INFO] ThirdParty:1030 - CMSIS Pack Vendor :STMicroelectronics X-CUBE-TOF1 3.4.0
2023-11-27 17:26:54,590 [INFO] ThirdParty:1030 - CMSIS Pack Vendor :STMicroelectronics PDM2PCM 3.2.0
2023-11-27 17:26:54,590 [INFO] ThirdParty:1030 - CMSIS Pack Vendor :STMicroelectronics X-CUBE-AZRTOS-H7 3.0.0
2023-11-27 17:26:54,592 [INFO] ThirdParty:841 - exiting critical section [change project]
2023-11-27 17:26:56,206 [INFO] PinOutPanel:1499 - setPackage(No Configuration,No Configuration)
2023-11-27 17:26:56,212 [INFO] PinOutPanel:1499 - setPackage(STM32L476RGTx,LQFP64)
2023-11-27 17:26:58,748 [INFO] UtilMem:75 - Before build in PCC Used Memory: 802149760 Bytes (1073741824)
2023-11-27 17:27:01,038 [INFO] UtilMem:75 - After build in PCC Used Memory: 733684736 Bytes (1073741824)
2023-11-27 17:27:01,214 [INFO] ApiDbMcu:507 - Load IP Config File for FREERTOS
2023-11-27 17:27:01,431 [INFO] IPUIPlugin:80 - create IPUIPlugin
2023-11-27 17:27:01,434 [INFO] IPUIPlugin:80 - create IPUIPlugin
2023-11-27 17:27:01,434 [INFO] IPUIPlugin:80 - create IPUIPlugin
2023-11-27 17:27:01,435 [INFO] IPUIPlugin:80 - create IPUIPlugin
2023-11-27 17:27:01,435 [INFO] IPUIPlugin:80 - create IPUIPlugin
2023-11-27 17:27:01,435 [INFO] IPUIPlugin:80 - create IPUIPlugin
2023-11-27 17:27:01,436 [INFO] IPUIPlugin:80 - create IPUIPlugin
2023-11-27 17:27:01,436 [INFO] IPUIPlugin:80 - create IPUIPlugin
2023-11-27 17:27:01,436 [INFO] IPUIPlugin:80 - create IPUIPlugin
2023-11-27 17:27:01,437 [INFO] IPUIPlugin:80 - create IPUIPlugin
2023-11-27 17:27:01,437 [INFO] IPUIPlugin:80 - create IPUIPlugin
2023-11-27 17:27:01,437 [INFO] IPUIPlugin:80 - create IPUIPlugin
2023-11-27 17:27:01,437 [INFO] IPUIPlugin:80 - create IPUIPlugin
2023-11-27 17:27:01,438 [INFO] IPUIPlugin:80 - create IPUIPlugin
2023-11-27 17:27:01,438 [INFO] IPUIPlugin:80 - create IPUIPlugin
2023-11-27 17:27:01,438 [INFO] IPUIPlugin:80 - create IPUIPlugin
2023-11-27 17:27:01,438 [INFO] IPUIPlugin:80 - create IPUIPlugin
2023-11-27 17:27:01,450 [INFO] IPUIPlugin:80 - create IPUIPlugin
2023-11-27 17:27:01,451 [INFO] IPUIPlugin:80 - create IPUIPlugin
2023-11-27 17:27:01,452 [INFO] IPUIPlugin:80 - create IPUIPlugin
2023-11-27 17:27:01,452 [INFO] IPUIPlugin:80 - create IPUIPlugin
2023-11-27 17:27:01,453 [INFO] IPUIPlugin:80 - create IPUIPlugin
2023-11-27 17:27:01,453 [INFO] IPUIPlugin:80 - create IPUIPlugin
2023-11-27 17:27:01,453 [INFO] IPUIPlugin:80 - create IPUIPlugin
2023-11-27 17:27:01,453 [INFO] IPUIPlugin:80 - create IPUIPlugin
2023-11-27 17:27:01,454 [INFO] IPUIPlugin:80 - create IPUIPlugin
2023-11-27 17:27:01,455 [INFO] IPUIPlugin:80 - create IPUIPlugin
2023-11-27 17:27:01,455 [INFO] IPUIPlugin:80 - create IPUIPlugin
2023-11-27 17:27:01,456 [INFO] IPUIPlugin:80 - create IPUIPlugin
2023-11-27 17:27:01,458 [INFO] IPUIPlugin:80 - create IPUIPlugin
2023-11-27 17:27:01,459 [INFO] IPUIPlugin:80 - create IPUIPlugin
2023-11-27 17:27:01,459 [INFO] IPUIPlugin:80 - create IPUIPlugin
2023-11-27 17:27:01,459 [INFO] IPUIPlugin:80 - create IPUIPlugin
2023-11-27 17:27:01,459 [INFO] IPUIPlugin:80 - create IPUIPlugin
2023-11-27 17:27:01,459 [INFO] IPUIPlugin:80 - create IPUIPlugin
2023-11-27 17:27:01,460 [INFO] IPUIPlugin:80 - create IPUIPlugin
2023-11-27 17:27:01,460 [INFO] IPUIPlugin:80 - create IPUIPlugin
2023-11-27 17:27:01,460 [INFO] IPUIPlugin:80 - create IPUIPlugin
2023-11-27 17:27:01,460 [INFO] IPUIPlugin:80 - create IPUIPlugin
2023-11-27 17:27:01,460 [INFO] IPUIPlugin:80 - create IPUIPlugin
2023-11-27 17:27:01,461 [INFO] IPUIPlugin:80 - create IPUIPlugin
2023-11-27 17:27:01,461 [INFO] IPUIPlugin:80 - create IPUIPlugin
2023-11-27 17:27:01,461 [INFO] IPUIPlugin:80 - create IPUIPlugin
2023-11-27 17:27:01,461 [INFO] IPUIPlugin:80 - create IPUIPlugin
2023-11-27 17:27:01,461 [INFO] IPUIPlugin:80 - create IPUIPlugin
2023-11-27 17:27:01,461 [INFO] IPUIPlugin:80 - create IPUIPlugin
2023-11-27 17:27:01,461 [INFO] IPUIPlugin:80 - create IPUIPlugin
2023-11-27 17:27:01,461 [INFO] IPUIPlugin:80 - create IPUIPlugin
2023-11-27 17:27:01,462 [INFO] IPUIPlugin:80 - create IPUIPlugin
2023-11-27 17:27:01,462 [INFO] IPUIPlugin:80 - create IPUIPlugin
2023-11-27 17:27:01,462 [INFO] IPUIPlugin:80 - create IPUIPlugin
2023-11-27 17:27:01,463 [INFO] IPUIPlugin:80 - create IPUIPlugin
2023-11-27 17:27:01,463 [INFO] IPUIPlugin:80 - create IPUIPlugin
2023-11-27 17:27:01,463 [INFO] IPUIPlugin:80 - create IPUIPlugin
2023-11-27 17:27:01,464 [INFO] IPUIPlugin:80 - create IPUIPlugin
2023-11-27 17:27:01,464 [INFO] IPUIPlugin:80 - create IPUIPlugin
2023-11-27 17:27:01,465 [INFO] IPUIPlugin:80 - create IPUIPlugin
2023-11-27 17:27:01,468 [INFO] IPUIPlugin:80 - create IPUIPlugin
2023-11-27 17:27:01,469 [INFO] IPUIPlugin:80 - create IPUIPlugin
2023-11-27 17:27:01,604 [WARN] FreeRTOS:1023 - Null or empty value: should not occur! (nothing added to the table)
2023-11-27 17:27:02,138 [INFO] CADModel:165 - CPN selected for project levelSTM32L476RGT3
2023-11-27 17:27:02,138 [INFO] CADModel:114 - Register for checkConnection events
2023-11-27 17:27:02,159 [INFO] RtosManager:697 - Active RTOS found at IOC load: FREERTOS [Cortex-M4NS]
2023-11-27 17:27:02,247 [INFO] OpenFileManager:328 - Restore cursor
2023-11-27 17:27:10,047 [ERROR] RtosPanel:558 - Can not restore the selected Tab for FREERTOS(A reason can be that the tab is no more available.)
2023-11-27 17:27:12,294 [INFO] TasksAndQueuesTab:757 - Dynamic
2023-11-27 17:27:12,294 [WARN] TasksAndQueuesTab:763 - 128 128
2023-11-27 17:27:12,305 [WARN] TasksAndQueuesTab:775 - max value is: 750.0
2023-11-27 17:27:12,305 [INFO] TasksAndQueuesTab:757 - Dynamic
2023-11-27 17:27:12,305 [WARN] TasksAndQueuesTab:763 - 128 128
2023-11-27 17:27:12,305 [WARN] TasksAndQueuesTab:775 - max value is: 750.0
2023-11-27 17:27:12,305 [INFO] TasksAndQueuesTab:757 - Dynamic
2023-11-27 17:27:12,306 [WARN] TasksAndQueuesTab:763 - 128 128
2023-11-27 17:27:12,306 [WARN] TasksAndQueuesTab:775 - max value is: 750.0
2023-11-27 17:27:12,306 [INFO] TasksAndQueuesTab:757 - Dynamic
2023-11-27 17:27:12,306 [WARN] TasksAndQueuesTab:763 - 128 128
2023-11-27 17:27:12,306 [WARN] TasksAndQueuesTab:775 - max value is: 750.0
2023-11-27 17:27:15,354 [INFO] EditThreadDialog:704 - RAM SIZE (in KB): 128
2023-11-27 17:27:15,355 [INFO] EditThreadDialog:706 - RAM SIZE (in words): 32768
2023-11-27 17:28:21,513 [INFO] TasksAndQueuesTab:757 - Dynamic
2023-11-27 17:28:21,525 [WARN] TasksAndQueuesTab:763 - 128 128
2023-11-27 17:28:21,525 [WARN] TasksAndQueuesTab:775 - max value is: 750.0
2023-11-27 17:28:21,525 [INFO] TasksAndQueuesTab:757 - Dynamic
2023-11-27 17:28:21,525 [WARN] TasksAndQueuesTab:763 - 128 128
2023-11-27 17:28:21,525 [WARN] TasksAndQueuesTab:775 - max value is: 750.0
2023-11-27 17:28:21,525 [INFO] TasksAndQueuesTab:757 - Dynamic
2023-11-27 17:28:21,525 [WARN] TasksAndQueuesTab:763 - 128 128
2023-11-27 17:28:21,525 [WARN] TasksAndQueuesTab:775 - max value is: 750.0
2023-11-27 17:28:21,525 [INFO] TasksAndQueuesTab:757 - Dynamic
2023-11-27 17:28:21,525 [WARN] TasksAndQueuesTab:763 - 128 128
2023-11-27 17:28:21,526 [WARN] TasksAndQueuesTab:775 - max value is: 750.0
2023-11-27 17:28:21,526 [INFO] TasksAndQueuesTab:757 - Dynamic
2023-11-27 17:28:21,526 [WARN] TasksAndQueuesTab:763 - 128 128
2023-11-27 17:28:21,526 [WARN] TasksAndQueuesTab:775 - max value is: 750.0
2023-11-27 17:28:33,853 [INFO] UtilMem:75 - End SaveConfig() Used Memory: 727238816 Bytes (1073741824)
2023-11-27 17:28:34,526 [INFO] UtilMem:75 - End SaveConfig() Used Memory: 762972312 Bytes (1073741824)
2023-11-27 17:28:35,837 [INFO] ProjectBuilder:2350 - IP not ready for code generation: FREERTOS
2023-11-27 17:28:44,233 [INFO] BlockDiagram:2759 - set Specific Code input for plugin: FREERTOS
2023-11-27 17:28:44,238 [INFO] BlockDiagram:2759 - set Specific Code input for plugin: SYS
2023-11-27 17:28:44,238 [INFO] BlockDiagram:2759 - set Specific Code input for plugin: RCC
2023-11-27 17:28:44,238 [INFO] BlockDiagram:2759 - set Specific Code input for plugin: NVIC
2023-11-27 17:28:44,247 [INFO] BlockDiagram:2759 - set Specific Code input for plugin: GPIO
2023-11-27 17:28:44,250 [INFO] CodeGenerator:799 - code generatio: config db path: /Applications/STM32CubeIDE.app/Contents/Eclipse/plugins/com.st.stm32cube.common.mx_6.9.2.202309101412//db/
2023-11-27 17:28:45,210 [INFO] CodeEngine:255 - oldGeneratedFile, /Users/thomas/STM32CubeIDE/workspace_1.13.3/RTOS/MXTmpFiles/license.tmp_save
2023-11-27 17:28:46,552 [INFO] CodeEngine:279 - Generated code: /Users/thomas/STM32CubeIDE/workspace_1.13.3/RTOS/MXTmpFiles/license.tmp
2023-11-27 17:28:46,839 [INFO] CodeEngine:255 - oldGeneratedFile, /Users/thomas/STM32CubeIDE/workspace_1.13.3/RTOS/Core/Src/gpio.c_save
2023-11-27 17:28:47,395 [INFO] CodeEngine:279 - Generated code: /Users/thomas/STM32CubeIDE/workspace_1.13.3/RTOS/Core/Src/gpio.c
2023-11-27 17:28:47,407 [INFO] CodeEngine:255 - oldGeneratedFile, /Users/thomas/STM32CubeIDE/workspace_1.13.3/RTOS/Core/Inc/gpio.h_save
2023-11-27 17:28:47,876 [INFO] CodeEngine:279 - Generated code: /Users/thomas/STM32CubeIDE/workspace_1.13.3/RTOS/Core/Inc/gpio.h
2023-11-27 17:28:48,550 [INFO] Middleware:1439 - No code input for Bsp Dependency
2023-11-27 17:28:48,574 [INFO] CodeEngine:255 - oldGeneratedFile, /Users/thomas/STM32CubeIDE/workspace_1.13.3/RTOS/MXTmpFiles/rtos_inc.tmp_save
2023-11-27 17:28:48,796 [INFO] CodeEngine:279 - Generated code: /Users/thomas/STM32CubeIDE/workspace_1.13.3/RTOS/MXTmpFiles/rtos_inc.tmp
2023-11-27 17:28:48,798 [INFO] CodeEngine:255 - oldGeneratedFile, /Users/thomas/STM32CubeIDE/workspace_1.13.3/RTOS/MXTmpFiles/rtos_kernelInit.tmp_save
2023-11-27 17:28:48,979 [INFO] CodeEngine:279 - Generated code: /Users/thomas/STM32CubeIDE/workspace_1.13.3/RTOS/MXTmpFiles/rtos_kernelInit.tmp
2023-11-27 17:28:48,982 [INFO] CodeEngine:255 - oldGeneratedFile, /Users/thomas/STM32CubeIDE/workspace_1.13.3/RTOS/MXTmpFiles/rtos_kernelStart.tmp_save
2023-11-27 17:28:49,161 [INFO] CodeEngine:279 - Generated code: /Users/thomas/STM32CubeIDE/workspace_1.13.3/RTOS/MXTmpFiles/rtos_kernelStart.tmp
2023-11-27 17:28:49,165 [INFO] CodeEngine:255 - oldGeneratedFile, /Users/thomas/STM32CubeIDE/workspace_1.13.3/RTOS/MXTmpFiles/rtos_typedefs.tmp_save
2023-11-27 17:28:49,333 [INFO] CodeEngine:279 - Generated code: /Users/thomas/STM32CubeIDE/workspace_1.13.3/RTOS/MXTmpFiles/rtos_typedefs.tmp
2023-11-27 17:28:49,338 [INFO] CodeEngine:255 - oldGeneratedFile, /Users/thomas/STM32CubeIDE/workspace_1.13.3/RTOS/MXTmpFiles/rtos_vars.tmp_save
2023-11-27 17:28:49,518 [INFO] CodeEngine:279 - Generated code: /Users/thomas/STM32CubeIDE/workspace_1.13.3/RTOS/MXTmpFiles/rtos_vars.tmp
2023-11-27 17:28:49,521 [INFO] CodeEngine:255 - oldGeneratedFile, /Users/thomas/STM32CubeIDE/workspace_1.13.3/RTOS/MXTmpFiles/rtos_pfp.tmp_save
2023-11-27 17:28:49,724 [INFO] CodeEngine:279 - Generated code: /Users/thomas/STM32CubeIDE/workspace_1.13.3/RTOS/MXTmpFiles/rtos_pfp.tmp
2023-11-27 17:28:49,727 [INFO] CodeEngine:255 - oldGeneratedFile, /Users/thomas/STM32CubeIDE/workspace_1.13.3/RTOS/MXTmpFiles/rtos_obj_creat.tmp_save
2023-11-27 17:28:49,917 [INFO] CodeEngine:279 - Generated code: /Users/thomas/STM32CubeIDE/workspace_1.13.3/RTOS/MXTmpFiles/rtos_obj_creat.tmp
2023-11-27 17:28:49,920 [INFO] CodeEngine:255 - oldGeneratedFile, /Users/thomas/STM32CubeIDE/workspace_1.13.3/RTOS/MXTmpFiles/rtos_default_thread.tmp_save
2023-11-27 17:28:50,064 [INFO] CodeEngine:279 - Generated code: /Users/thomas/STM32CubeIDE/workspace_1.13.3/RTOS/MXTmpFiles/rtos_default_thread.tmp
2023-11-27 17:28:50,067 [INFO] CodeEngine:255 - oldGeneratedFile, /Users/thomas/STM32CubeIDE/workspace_1.13.3/RTOS/MXTmpFiles/rtos_threads.tmp_save
2023-11-27 17:28:50,221 [INFO] CodeEngine:279 - Generated code: /Users/thomas/STM32CubeIDE/workspace_1.13.3/RTOS/MXTmpFiles/rtos_threads.tmp
2023-11-27 17:28:50,240 [INFO] Middleware:1439 - No code input for Bsp Dependency
2023-11-27 17:28:50,261 [INFO] CodeEngine:255 - oldGeneratedFile, /Users/thomas/STM32CubeIDE/workspace_1.13.3/RTOS/MXTmpFiles/rtos_inc.tmp_save
2023-11-27 17:28:50,386 [INFO] CodeEngine:279 - Generated code: /Users/thomas/STM32CubeIDE/workspace_1.13.3/RTOS/MXTmpFiles/rtos_inc.tmp
2023-11-27 17:28:50,392 [INFO] CodeEngine:255 - oldGeneratedFile, /Users/thomas/STM32CubeIDE/workspace_1.13.3/RTOS/MXTmpFiles/rtos_kernelInit.tmp_save
2023-11-27 17:28:50,526 [INFO] CodeEngine:279 - Generated code: /Users/thomas/STM32CubeIDE/workspace_1.13.3/RTOS/MXTmpFiles/rtos_kernelInit.tmp
2023-11-27 17:28:50,530 [INFO] CodeEngine:255 - oldGeneratedFile, /Users/thomas/STM32CubeIDE/workspace_1.13.3/RTOS/MXTmpFiles/rtos_kernelStart.tmp_save
2023-11-27 17:28:50,825 [INFO] CodeEngine:279 - Generated code: /Users/thomas/STM32CubeIDE/workspace_1.13.3/RTOS/MXTmpFiles/rtos_kernelStart.tmp
2023-11-27 17:28:50,829 [INFO] CodeEngine:255 - oldGeneratedFile, /Users/thomas/STM32CubeIDE/workspace_1.13.3/RTOS/MXTmpFiles/rtos_typedefs.tmp_save
2023-11-27 17:28:50,957 [INFO] CodeEngine:279 - Generated code: /Users/thomas/STM32CubeIDE/workspace_1.13.3/RTOS/MXTmpFiles/rtos_typedefs.tmp
2023-11-27 17:28:50,960 [INFO] CodeEngine:255 - oldGeneratedFile, /Users/thomas/STM32CubeIDE/workspace_1.13.3/RTOS/MXTmpFiles/rtos_vars.tmp_save
2023-11-27 17:28:51,209 [INFO] CodeEngine:279 - Generated code: /Users/thomas/STM32CubeIDE/workspace_1.13.3/RTOS/MXTmpFiles/rtos_vars.tmp
2023-11-27 17:28:51,223 [INFO] CodeEngine:255 - oldGeneratedFile, /Users/thomas/STM32CubeIDE/workspace_1.13.3/RTOS/MXTmpFiles/rtos_pfp.tmp_save
2023-11-27 17:28:51,473 [INFO] CodeEngine:279 - Generated code: /Users/thomas/STM32CubeIDE/workspace_1.13.3/RTOS/MXTmpFiles/rtos_pfp.tmp
2023-11-27 17:28:51,502 [INFO] CodeEngine:255 - oldGeneratedFile, /Users/thomas/STM32CubeIDE/workspace_1.13.3/RTOS/MXTmpFiles/rtos_obj_creat.tmp_save
2023-11-27 17:28:51,649 [INFO] CodeEngine:279 - Generated code: /Users/thomas/STM32CubeIDE/workspace_1.13.3/RTOS/MXTmpFiles/rtos_obj_creat.tmp
2023-11-27 17:28:51,661 [INFO] CodeEngine:255 - oldGeneratedFile, /Users/thomas/STM32CubeIDE/workspace_1.13.3/RTOS/MXTmpFiles/rtos_default_thread.tmp_save
2023-11-27 17:28:51,804 [INFO] CodeEngine:279 - Generated code: /Users/thomas/STM32CubeIDE/workspace_1.13.3/RTOS/MXTmpFiles/rtos_default_thread.tmp
2023-11-27 17:28:51,809 [INFO] CodeEngine:255 - oldGeneratedFile, /Users/thomas/STM32CubeIDE/workspace_1.13.3/RTOS/MXTmpFiles/rtos_threads.tmp_save
2023-11-27 17:28:51,966 [INFO] CodeEngine:279 - Generated code: /Users/thomas/STM32CubeIDE/workspace_1.13.3/RTOS/MXTmpFiles/rtos_threads.tmp
2023-11-27 17:28:51,972 [INFO] CodeEngine:255 - oldGeneratedFile, /Users/thomas/STM32CubeIDE/workspace_1.13.3/RTOS/Core/Inc/FreeRTOSConfig.h_save
2023-11-27 17:28:52,170 [INFO] CodeEngine:279 - Generated code: /Users/thomas/STM32CubeIDE/workspace_1.13.3/RTOS/Core/Inc/FreeRTOSConfig.h
2023-11-27 17:28:52,175 [INFO] CodeEngine:255 - oldGeneratedFile, /Users/thomas/STM32CubeIDE/workspace_1.13.3/RTOS/Core/Src/freertos.c_save
2023-11-27 17:28:52,378 [INFO] CodeEngine:279 - Generated code: /Users/thomas/STM32CubeIDE/workspace_1.13.3/RTOS/Core/Src/freertos.c
2023-11-27 17:28:52,444 [INFO] CodeEngine:255 - oldGeneratedFile, /Users/thomas/STM32CubeIDE/workspace_1.13.3/RTOS/Core/Src/stm32l4xx_it.c_save
2023-11-27 17:28:52,914 [INFO] CodeEngine:279 - Generated code: /Users/thomas/STM32CubeIDE/workspace_1.13.3/RTOS/Core/Src/stm32l4xx_it.c
2023-11-27 17:28:52,935 [INFO] CodeEngine:255 - oldGeneratedFile, /Users/thomas/STM32CubeIDE/workspace_1.13.3/RTOS/Core/Inc/stm32l4xx_it.h_save
2023-11-27 17:28:53,067 [INFO] CodeEngine:279 - Generated code: /Users/thomas/STM32CubeIDE/workspace_1.13.3/RTOS/Core/Inc/stm32l4xx_it.h
2023-11-27 17:28:53,113 [INFO] CodeEngine:255 - oldGeneratedFile, /Users/thomas/STM32CubeIDE/workspace_1.13.3/RTOS/Core/Src/stm32l4xx_hal_msp.c_save
2023-11-27 17:28:53,549 [INFO] CodeEngine:279 - Generated code: /Users/thomas/STM32CubeIDE/workspace_1.13.3/RTOS/Core/Src/stm32l4xx_hal_msp.c
2023-11-27 17:28:53,553 [INFO] CodeEngine:255 - oldGeneratedFile, /Users/thomas/STM32CubeIDE/workspace_1.13.3/RTOS/MXTmpFiles/system.tmp_save
2023-11-27 17:28:53,684 [INFO] CodeEngine:279 - Generated code: /Users/thomas/STM32CubeIDE/workspace_1.13.3/RTOS/MXTmpFiles/system.tmp
2023-11-27 17:28:53,686 [INFO] CodeEngine:255 - oldGeneratedFile, /Users/thomas/STM32CubeIDE/workspace_1.13.3/RTOS/Core/Src/stm32l4xx_hal_timebase_tim.c_save
2023-11-27 17:28:53,780 [INFO] CodeEngine:279 - Generated code: /Users/thomas/STM32CubeIDE/workspace_1.13.3/RTOS/Core/Src/stm32l4xx_hal_timebase_tim.c
2023-11-27 17:28:53,790 [INFO] CodeEngine:311 - oldGeneratedFile, /Users/thomas/STM32CubeIDE/workspace_1.13.3/RTOS/Core/Inc/stm32l4xx_hal_conf.h_save
2023-11-27 17:28:53,941 [INFO] CodeEngine:335 - Generated code: /Users/thomas/STM32CubeIDE/workspace_1.13.3/RTOS/Core/Inc/stm32l4xx_hal_conf.h
2023-11-27 17:28:54,134 [INFO] CodeEngine:255 - oldGeneratedFile, /Users/thomas/STM32CubeIDE/workspace_1.13.3/RTOS/Core/Inc/main.h_save
2023-11-27 17:28:54,328 [INFO] CodeEngine:279 - Generated code: /Users/thomas/STM32CubeIDE/workspace_1.13.3/RTOS/Core/Inc/main.h
2023-11-27 17:28:54,333 [INFO] CodeEngine:255 - oldGeneratedFile, /Users/thomas/STM32CubeIDE/workspace_1.13.3/RTOS/Core/Src/main.c_save
2023-11-27 17:28:55,064 [INFO] CodeEngine:279 - Generated code: /Users/thomas/STM32CubeIDE/workspace_1.13.3/RTOS/Core/Src/main.c
2023-11-27 17:28:56,816 [INFO] ProjectBuilder:3064 - Time for Copy HAL[1] : 334mS.
2023-11-27 17:28:56,917 [INFO] ProjectBuilder:4404 - Project Generator version: 4.1.0
2023-11-27 17:28:57,848 [INFO] ConfigFileManager:1457 - The Die is : DIE415
2023-11-27 17:28:57,895 [INFO] ApiDbMcu:507 - Load IP Config File for FATFS
2023-11-27 17:28:57,961 [INFO] ApiDbMcu:507 - Load IP Config File for TOUCHSENSING
2023-11-27 17:28:58,008 [INFO] ApiDbMcu:507 - Load IP Config File for USB_DEVICE
2023-11-27 17:28:58,022 [INFO] ApiDbMcu:507 - Load IP Config File for USB_HOST
2023-11-27 17:29:06,804 [INFO] ProjectBuilder:4626 - Time for Generating toolchain IDE Files: 9849mS.
2023-11-27 17:29:06,832 [INFO] ProjectBuilder:2935 - Time for Copy CMSIS : 9mS.
2023-11-27 17:29:06,840 [INFO] ProjectBuilder:2935 - Time for Copy CMSIS : 0mS.
2023-11-27 17:29:51,491 [INFO] UtilMem:75 - End SaveConfig() Used Memory: 816716912 Bytes (1073741824)
2023-11-27 17:29:54,421 [INFO] UtilMem:75 - End SaveConfig() Used Memory: 686884280 Bytes (1073741824)
2023-11-27 17:30:06,175 [INFO] BlockDiagram:2759 - set Specific Code input for plugin: FREERTOS
2023-11-27 17:30:06,180 [INFO] BlockDiagram:2759 - set Specific Code input for plugin: SYS
2023-11-27 17:30:06,180 [INFO] BlockDiagram:2759 - set Specific Code input for plugin: RCC
2023-11-27 17:30:06,180 [INFO] BlockDiagram:2759 - set Specific Code input for plugin: NVIC
2023-11-27 17:30:06,193 [INFO] BlockDiagram:2759 - set Specific Code input for plugin: GPIO
2023-11-27 17:30:06,195 [INFO] CodeGenerator:799 - code generatio: config db path: /Applications/STM32CubeIDE.app/Contents/Eclipse/plugins/com.st.stm32cube.common.mx_6.9.2.202309101412//db/
2023-11-27 17:30:06,473 [INFO] CodeEngine:255 - oldGeneratedFile, /Users/thomas/STM32CubeIDE/workspace_1.13.3/RTOS/MXTmpFiles/license.tmp_save
2023-11-27 17:30:06,747 [INFO] CodeEngine:279 - Generated code: /Users/thomas/STM32CubeIDE/workspace_1.13.3/RTOS/MXTmpFiles/license.tmp
2023-11-27 17:30:06,859 [INFO] CodeEngine:255 - oldGeneratedFile, /Users/thomas/STM32CubeIDE/workspace_1.13.3/RTOS/Core/Src/gpio.c_save
2023-11-27 17:30:07,101 [INFO] CodeEngine:279 - Generated code: /Users/thomas/STM32CubeIDE/workspace_1.13.3/RTOS/Core/Src/gpio.c
2023-11-27 17:30:07,107 [INFO] CodeEngine:255 - oldGeneratedFile, /Users/thomas/STM32CubeIDE/workspace_1.13.3/RTOS/Core/Inc/gpio.h_save
2023-11-27 17:30:07,240 [INFO] CodeEngine:279 - Generated code: /Users/thomas/STM32CubeIDE/workspace_1.13.3/RTOS/Core/Inc/gpio.h
2023-11-27 17:30:07,438 [INFO] Middleware:1439 - No code input for Bsp Dependency
2023-11-27 17:30:07,448 [INFO] CodeEngine:255 - oldGeneratedFile, /Users/thomas/STM32CubeIDE/workspace_1.13.3/RTOS/MXTmpFiles/rtos_inc.tmp_save
2023-11-27 17:30:07,645 [INFO] CodeEngine:279 - Generated code: /Users/thomas/STM32CubeIDE/workspace_1.13.3/RTOS/MXTmpFiles/rtos_inc.tmp
2023-11-27 17:30:07,649 [INFO] CodeEngine:255 - oldGeneratedFile, /Users/thomas/STM32CubeIDE/workspace_1.13.3/RTOS/MXTmpFiles/rtos_kernelInit.tmp_save
2023-11-27 17:30:07,766 [INFO] CodeEngine:279 - Generated code: /Users/thomas/STM32CubeIDE/workspace_1.13.3/RTOS/MXTmpFiles/rtos_kernelInit.tmp
2023-11-27 17:30:07,768 [INFO] CodeEngine:255 - oldGeneratedFile, /Users/thomas/STM32CubeIDE/workspace_1.13.3/RTOS/MXTmpFiles/rtos_kernelStart.tmp_save
2023-11-27 17:30:07,874 [INFO] CodeEngine:279 - Generated code: /Users/thomas/STM32CubeIDE/workspace_1.13.3/RTOS/MXTmpFiles/rtos_kernelStart.tmp
2023-11-27 17:30:07,878 [INFO] CodeEngine:255 - oldGeneratedFile, /Users/thomas/STM32CubeIDE/workspace_1.13.3/RTOS/MXTmpFiles/rtos_typedefs.tmp_save
2023-11-27 17:30:07,971 [INFO] CodeEngine:279 - Generated code: /Users/thomas/STM32CubeIDE/workspace_1.13.3/RTOS/MXTmpFiles/rtos_typedefs.tmp
2023-11-27 17:30:07,974 [INFO] CodeEngine:255 - oldGeneratedFile, /Users/thomas/STM32CubeIDE/workspace_1.13.3/RTOS/MXTmpFiles/rtos_vars.tmp_save
2023-11-27 17:30:08,119 [INFO] CodeEngine:279 - Generated code: /Users/thomas/STM32CubeIDE/workspace_1.13.3/RTOS/MXTmpFiles/rtos_vars.tmp
2023-11-27 17:30:08,122 [INFO] CodeEngine:255 - oldGeneratedFile, /Users/thomas/STM32CubeIDE/workspace_1.13.3/RTOS/MXTmpFiles/rtos_pfp.tmp_save
2023-11-27 17:30:08,216 [INFO] CodeEngine:279 - Generated code: /Users/thomas/STM32CubeIDE/workspace_1.13.3/RTOS/MXTmpFiles/rtos_pfp.tmp
2023-11-27 17:30:08,219 [INFO] CodeEngine:255 - oldGeneratedFile, /Users/thomas/STM32CubeIDE/workspace_1.13.3/RTOS/MXTmpFiles/rtos_obj_creat.tmp_save
2023-11-27 17:30:08,330 [INFO] CodeEngine:279 - Generated code: /Users/thomas/STM32CubeIDE/workspace_1.13.3/RTOS/MXTmpFiles/rtos_obj_creat.tmp
2023-11-27 17:30:08,333 [INFO] CodeEngine:255 - oldGeneratedFile, /Users/thomas/STM32CubeIDE/workspace_1.13.3/RTOS/MXTmpFiles/rtos_default_thread.tmp_save
2023-11-27 17:30:08,485 [INFO] CodeEngine:279 - Generated code: /Users/thomas/STM32CubeIDE/workspace_1.13.3/RTOS/MXTmpFiles/rtos_default_thread.tmp
2023-11-27 17:30:08,491 [INFO] CodeEngine:255 - oldGeneratedFile, /Users/thomas/STM32CubeIDE/workspace_1.13.3/RTOS/MXTmpFiles/rtos_threads.tmp_save
2023-11-27 17:30:08,613 [INFO] CodeEngine:279 - Generated code: /Users/thomas/STM32CubeIDE/workspace_1.13.3/RTOS/MXTmpFiles/rtos_threads.tmp
2023-11-27 17:30:08,636 [INFO] Middleware:1439 - No code input for Bsp Dependency
2023-11-27 17:30:08,642 [INFO] CodeEngine:255 - oldGeneratedFile, /Users/thomas/STM32CubeIDE/workspace_1.13.3/RTOS/MXTmpFiles/rtos_inc.tmp_save
2023-11-27 17:30:08,737 [INFO] CodeEngine:279 - Generated code: /Users/thomas/STM32CubeIDE/workspace_1.13.3/RTOS/MXTmpFiles/rtos_inc.tmp
2023-11-27 17:30:08,744 [INFO] CodeEngine:255 - oldGeneratedFile, /Users/thomas/STM32CubeIDE/workspace_1.13.3/RTOS/MXTmpFiles/rtos_kernelInit.tmp_save
2023-11-27 17:30:08,831 [INFO] CodeEngine:279 - Generated code: /Users/thomas/STM32CubeIDE/workspace_1.13.3/RTOS/MXTmpFiles/rtos_kernelInit.tmp
2023-11-27 17:30:08,833 [INFO] CodeEngine:255 - oldGeneratedFile, /Users/thomas/STM32CubeIDE/workspace_1.13.3/RTOS/MXTmpFiles/rtos_kernelStart.tmp_save
2023-11-27 17:30:08,966 [INFO] CodeEngine:279 - Generated code: /Users/thomas/STM32CubeIDE/workspace_1.13.3/RTOS/MXTmpFiles/rtos_kernelStart.tmp
2023-11-27 17:30:08,983 [INFO] CodeEngine:255 - oldGeneratedFile, /Users/thomas/STM32CubeIDE/workspace_1.13.3/RTOS/MXTmpFiles/rtos_typedefs.tmp_save
2023-11-27 17:30:09,102 [INFO] CodeEngine:279 - Generated code: /Users/thomas/STM32CubeIDE/workspace_1.13.3/RTOS/MXTmpFiles/rtos_typedefs.tmp
2023-11-27 17:30:09,117 [INFO] CodeEngine:255 - oldGeneratedFile, /Users/thomas/STM32CubeIDE/workspace_1.13.3/RTOS/MXTmpFiles/rtos_vars.tmp_save
2023-11-27 17:30:09,242 [INFO] CodeEngine:279 - Generated code: /Users/thomas/STM32CubeIDE/workspace_1.13.3/RTOS/MXTmpFiles/rtos_vars.tmp
2023-11-27 17:30:09,247 [INFO] CodeEngine:255 - oldGeneratedFile, /Users/thomas/STM32CubeIDE/workspace_1.13.3/RTOS/MXTmpFiles/rtos_pfp.tmp_save
2023-11-27 17:30:09,363 [INFO] CodeEngine:279 - Generated code: /Users/thomas/STM32CubeIDE/workspace_1.13.3/RTOS/MXTmpFiles/rtos_pfp.tmp
2023-11-27 17:30:09,366 [INFO] CodeEngine:255 - oldGeneratedFile, /Users/thomas/STM32CubeIDE/workspace_1.13.3/RTOS/MXTmpFiles/rtos_obj_creat.tmp_save
2023-11-27 17:30:09,472 [INFO] CodeEngine:279 - Generated code: /Users/thomas/STM32CubeIDE/workspace_1.13.3/RTOS/MXTmpFiles/rtos_obj_creat.tmp
2023-11-27 17:30:09,475 [INFO] CodeEngine:255 - oldGeneratedFile, /Users/thomas/STM32CubeIDE/workspace_1.13.3/RTOS/MXTmpFiles/rtos_default_thread.tmp_save
2023-11-27 17:30:09,578 [INFO] CodeEngine:279 - Generated code: /Users/thomas/STM32CubeIDE/workspace_1.13.3/RTOS/MXTmpFiles/rtos_default_thread.tmp
2023-11-27 17:30:09,580 [INFO] CodeEngine:255 - oldGeneratedFile, /Users/thomas/STM32CubeIDE/workspace_1.13.3/RTOS/MXTmpFiles/rtos_threads.tmp_save
2023-11-27 17:30:09,666 [INFO] CodeEngine:279 - Generated code: /Users/thomas/STM32CubeIDE/workspace_1.13.3/RTOS/MXTmpFiles/rtos_threads.tmp
2023-11-27 17:30:09,673 [INFO] CodeEngine:255 - oldGeneratedFile, /Users/thomas/STM32CubeIDE/workspace_1.13.3/RTOS/Core/Inc/FreeRTOSConfig.h_save
2023-11-27 17:30:09,802 [INFO] CodeEngine:279 - Generated code: /Users/thomas/STM32CubeIDE/workspace_1.13.3/RTOS/Core/Inc/FreeRTOSConfig.h
2023-11-27 17:30:09,808 [INFO] CodeEngine:255 - oldGeneratedFile, /Users/thomas/STM32CubeIDE/workspace_1.13.3/RTOS/Core/Src/freertos.c_save
2023-11-27 17:30:09,974 [INFO] CodeEngine:279 - Generated code: /Users/thomas/STM32CubeIDE/workspace_1.13.3/RTOS/Core/Src/freertos.c
2023-11-27 17:30:09,997 [INFO] CodeEngine:255 - oldGeneratedFile, /Users/thomas/STM32CubeIDE/workspace_1.13.3/RTOS/Core/Src/stm32l4xx_it.c_save
2023-11-27 17:30:10,227 [INFO] CodeEngine:279 - Generated code: /Users/thomas/STM32CubeIDE/workspace_1.13.3/RTOS/Core/Src/stm32l4xx_it.c
2023-11-27 17:30:10,254 [INFO] CodeEngine:255 - oldGeneratedFile, /Users/thomas/STM32CubeIDE/workspace_1.13.3/RTOS/Core/Inc/stm32l4xx_it.h_save
2023-11-27 17:30:10,470 [INFO] CodeEngine:279 - Generated code: /Users/thomas/STM32CubeIDE/workspace_1.13.3/RTOS/Core/Inc/stm32l4xx_it.h
2023-11-27 17:30:10,524 [INFO] CodeEngine:255 - oldGeneratedFile, /Users/thomas/STM32CubeIDE/workspace_1.13.3/RTOS/Core/Src/stm32l4xx_hal_msp.c_save
2023-11-27 17:30:10,817 [INFO] CodeEngine:279 - Generated code: /Users/thomas/STM32CubeIDE/workspace_1.13.3/RTOS/Core/Src/stm32l4xx_hal_msp.c
2023-11-27 17:30:10,823 [INFO] CodeEngine:255 - oldGeneratedFile, /Users/thomas/STM32CubeIDE/workspace_1.13.3/RTOS/MXTmpFiles/system.tmp_save
2023-11-27 17:30:11,146 [INFO] CodeEngine:279 - Generated code: /Users/thomas/STM32CubeIDE/workspace_1.13.3/RTOS/MXTmpFiles/system.tmp
2023-11-27 17:30:11,183 [INFO] CodeEngine:255 - oldGeneratedFile, /Users/thomas/STM32CubeIDE/workspace_1.13.3/RTOS/Core/Src/stm32l4xx_hal_timebase_tim.c_save
2023-11-27 17:30:11,341 [INFO] CodeEngine:279 - Generated code: /Users/thomas/STM32CubeIDE/workspace_1.13.3/RTOS/Core/Src/stm32l4xx_hal_timebase_tim.c
2023-11-27 17:30:11,360 [INFO] CodeEngine:311 - oldGeneratedFile, /Users/thomas/STM32CubeIDE/workspace_1.13.3/RTOS/Core/Inc/stm32l4xx_hal_conf.h_save
2023-11-27 17:30:11,529 [INFO] CodeEngine:335 - Generated code: /Users/thomas/STM32CubeIDE/workspace_1.13.3/RTOS/Core/Inc/stm32l4xx_hal_conf.h
2023-11-27 17:30:11,749 [INFO] CodeEngine:255 - oldGeneratedFile, /Users/thomas/STM32CubeIDE/workspace_1.13.3/RTOS/Core/Inc/main.h_save
2023-11-27 17:30:11,881 [INFO] CodeEngine:279 - Generated code: /Users/thomas/STM32CubeIDE/workspace_1.13.3/RTOS/Core/Inc/main.h
2023-11-27 17:30:11,886 [INFO] CodeEngine:255 - oldGeneratedFile, /Users/thomas/STM32CubeIDE/workspace_1.13.3/RTOS/Core/Src/main.c_save
2023-11-27 17:30:12,079 [INFO] CodeEngine:279 - Generated code: /Users/thomas/STM32CubeIDE/workspace_1.13.3/RTOS/Core/Src/main.c
2023-11-27 17:30:13,150 [INFO] ProjectBuilder:3064 - Time for Copy HAL[1] : 273mS.
2023-11-27 17:30:13,171 [INFO] ProjectBuilder:4404 - Project Generator version: 4.1.0
2023-11-27 17:30:14,225 [INFO] ConfigFileManager:1457 - The Die is : DIE415
2023-11-27 17:30:20,019 [INFO] ProjectBuilder:4626 - Time for Generating toolchain IDE Files: 6828mS.
2023-11-27 17:30:20,035 [INFO] ProjectBuilder:2935 - Time for Copy CMSIS : 3mS.
2023-11-27 17:30:20,042 [INFO] ProjectBuilder:2935 - Time for Copy CMSIS : 1mS.
2023-11-27 17:44:55,887 [INFO] MainUpdater:2868 - connection check result : 10
2023-11-27 17:44:55,890 [INFO] MainUpdater:2868 - connection check result : 10
2023-11-27 17:44:56,321 [INFO] MicroXplorer:468 - Change Database Path : 
2023-11-27 17:44:56,321 [INFO] MicroXplorer:498 - Change Database Version : DB.6.0.92
2023-11-27 17:44:56,437 [WARN] ThirdParty:871 - waiting for thirdparty lock release [close project]
2023-11-27 17:44:56,437 [INFO] ThirdParty:873 - entering critical section [close project]
2023-11-27 17:44:56,437 [INFO] ThirdParty:883 - exiting critical section [close project]
2023-11-27 17:44:56,442 [INFO] PinOutPanel:1499 - setPackage(No Configuration,No Configuration)
2023-11-27 17:44:56,467 [INFO] UtilMem:75 - Begin LoadConfig() Used Memory: 702838040 Bytes (1073741824)
2023-11-27 17:44:56,468 [INFO] MicroXplorer:468 - Change Database Path : 
2023-11-27 17:44:56,468 [INFO] MicroXplorer:498 - Change Database Version : DB.6.0.92
2023-11-27 17:44:56,468 [INFO] OpenFileManager:308 - Change cursor
2023-11-27 17:44:56,505 [INFO] RulesReader:64 - Compatibility file has been processed (293 Rules)
2023-11-27 17:44:56,515 [INFO] Mcu:1946 - Initializing MCU STM32L476R(C-E-G)Tx STM32L476RGTx STM32L476RGT3
2023-11-27 17:44:58,444 [INFO] Context:659 - Trying to add GPIOservice into a context  which must be forbidden
2023-11-27 17:44:59,275 [INFO] RtosManager:555 - Registered RTOS mode: class=CMSIS, group=RTOS, mode=CMSIS_V1, owner=FREERTOS
2023-11-27 17:44:59,278 [INFO] RtosManager:555 - Registered RTOS mode: class=CMSIS, group=RTOS2, mode=CMSIS_V2, owner=FREERTOS
2023-11-27 17:44:59,278 [INFO] RtosManager:555 - Registered RTOS mode: class=RTOS, group=Core, mode=CMSIS_V1, owner=FREERTOS
2023-11-27 17:44:59,278 [INFO] RtosManager:555 - Registered RTOS mode: class=RTOS, group=Core, mode=CMSIS_V2, owner=FREERTOS
2023-11-27 17:44:59,278 [WARN] ModelIntegratedComponent:184 - Missing modes for component STMicroelectronics:FreeRTOS:0.0.1:STMicroelectronics:RTOS:FreeRTOS:Core:::10.2.0:
2023-11-27 17:44:59,302 [WARN] ModelIntegratedComponent:63 - No mode defined for component null
2023-11-27 17:44:59,302 [WARN] ModelIntegratedComponent:63 - No mode defined for component null
2023-11-27 17:44:59,302 [WARN] ModelIntegratedComponent:63 - No mode defined for component null
2023-11-27 17:44:59,302 [WARN] ModelIntegratedComponent:63 - No mode defined for component null
2023-11-27 17:44:59,302 [WARN] ModelIntegratedComponent:63 - No mode defined for component null
2023-11-27 17:44:59,303 [WARN] ModelIntegratedComponent:63 - No mode defined for component null
2023-11-27 17:44:59,303 [WARN] ModelIntegratedComponent:63 - No mode defined for component null
2023-11-27 17:44:59,303 [WARN] ModelIntegratedComponent:63 - No mode defined for component null
2023-11-27 17:44:59,303 [WARN] ModelIntegratedComponent:63 - No mode defined for component null
2023-11-27 17:44:59,303 [WARN] ModelIntegratedComponent:63 - No mode defined for component null
2023-11-27 17:44:59,303 [WARN] ModelIntegratedComponent:63 - No mode defined for component null
2023-11-27 17:44:59,303 [WARN] ModelIntegratedComponent:63 - No mode defined for component null
2023-11-27 17:44:59,303 [WARN] ModelIntegratedComponent:63 - No mode defined for component null
2023-11-27 17:44:59,303 [WARN] ModelIntegratedComponent:63 - No mode defined for component null
2023-11-27 17:44:59,303 [WARN] ModelIntegratedComponent:63 - No mode defined for component null
2023-11-27 17:44:59,303 [WARN] ModelIntegratedComponent:63 - No mode defined for component null
2023-11-27 17:44:59,303 [WARN] ModelIntegratedComponent:63 - No mode defined for component null
2023-11-27 17:44:59,303 [WARN] ModelIntegratedComponent:63 - No mode defined for component null
2023-11-27 17:44:59,303 [WARN] ModelIntegratedComponent:63 - No mode defined for component null
2023-11-27 17:44:59,303 [WARN] ModelIntegratedComponent:63 - No mode defined for component null
2023-11-27 17:44:59,303 [WARN] ModelIntegratedComponent:63 - No mode defined for component null
2023-11-27 17:44:59,303 [WARN] ModelIntegratedComponent:63 - No mode defined for component null
2023-11-27 17:44:59,303 [WARN] ModelIntegratedComponent:63 - No mode defined for component null
2023-11-27 17:44:59,303 [WARN] ModelIntegratedComponent:63 - No mode defined for component null
2023-11-27 17:44:59,303 [WARN] ModelIntegratedComponent:63 - No mode defined for component null
2023-11-27 17:44:59,303 [WARN] ModelIntegratedComponent:63 - No mode defined for component null
2023-11-27 17:44:59,303 [WARN] ModelIntegratedComponent:63 - No mode defined for component null
2023-11-27 17:44:59,303 [WARN] ModelIntegratedComponent:63 - No mode defined for component null
2023-11-27 17:44:59,303 [WARN] ModelIntegratedComponent:63 - No mode defined for component null
2023-11-27 17:44:59,303 [WARN] ModelIntegratedComponent:63 - No mode defined for component null
2023-11-27 17:44:59,303 [WARN] ModelIntegratedComponent:63 - No mode defined for component null
2023-11-27 17:44:59,303 [WARN] ModelIntegratedComponent:63 - No mode defined for component null
2023-11-27 17:44:59,303 [WARN] ModelIntegratedComponent:63 - No mode defined for component null
2023-11-27 17:44:59,441 [INFO] ThirdPartyModel:298 - Start build external matchings
2023-11-27 17:45:00,117 [INFO] ThirdPartyModel:316 - End build external matchings
2023-11-27 17:45:00,144 [INFO] RtosManager:919 - Current active RTOS is FREERTOS [Cortex-M4NS]
2023-11-27 17:45:00,473 [INFO] UtilMem:75 - End LoadConfig() Used Memory: 699506376 Bytes (1073741824)
2023-11-27 17:45:00,578 [WARN] ThirdParty:833 - waiting for thirdparty lock release [change project]
2023-11-27 17:45:00,581 [INFO] ThirdParty:835 - entering critical section [change project]
2023-11-27 17:45:00,581 [INFO] ThirdParty:1030 - CMSIS Pack Vendor :STMicroelectronics X-CUBE-ISPU 1.1.0
2023-11-27 17:45:00,581 [INFO] ThirdParty:1030 - CMSIS Pack Vendor :STMicroelectronics USBPD 4.1
2023-11-27 17:45:00,581 [INFO] ThirdParty:1030 - CMSIS Pack Vendor :RoweBots I-CUBE-UNISONRTOS 5.5.0-4
2023-11-27 17:45:00,581 [INFO] ThirdParty:1030 - CMSIS Pack Vendor :STMicroelectronics X-CUBE-GNSS1 6.0.0
2023-11-27 17:45:00,581 [INFO] ThirdParty:1030 - CMSIS Pack Vendor :STMicroelectronics USB_HOST 2.0.0
2023-11-27 17:45:00,581 [INFO] ThirdParty:1030 - CMSIS Pack Vendor :STMicroelectronics X-CUBE-AZRTOS-F4 1.1.0
2023-11-27 17:45:00,581 [INFO] ThirdParty:1030 - CMSIS Pack Vendor :STMicroelectronics LIBJPEG 8.0.0
2023-11-27 17:45:00,581 [INFO] ThirdParty:1030 - CMSIS Pack Vendor :STMicroelectronics X-CUBE-SMBUS 2.1.0
2023-11-27 17:45:00,581 [INFO] ThirdParty:1030 - CMSIS Pack Vendor :wolfSSL I-CUBE-wolfSSL 5.6.0
2023-11-27 17:45:00,581 [INFO] ThirdParty:1030 - CMSIS Pack Vendor :STMicroelectronics USB_DEVICE 3.0.0
2023-11-27 17:45:00,581 [INFO] ThirdParty:1030 - CMSIS Pack Vendor :STMicroelectronics X-CUBE-AI 8.0.0
2023-11-27 17:45:00,581 [INFO] ThirdParty:1030 - CMSIS Pack Vendor :STMicroelectronics X-CUBE-AZRTOS-WB 2.0.0
2023-11-27 17:45:00,581 [INFO] ThirdParty:1030 - CMSIS Pack Vendor :STMicroelectronics X-CUBE-FREERTOS 1.0.0
2023-11-27 17:45:00,581 [INFO] ThirdParty:1030 - CMSIS Pack Vendor :STMicroelectronics X-CUBE-TOUCHGFX 4.21.3
2023-11-27 17:45:00,581 [INFO] ThirdParty:1030 - CMSIS Pack Vendor :STMicroelectronics X-CUBE-AZRTOS-F7 1.1.0
2023-11-27 17:45:00,581 [INFO] ThirdParty:1030 - CMSIS Pack Vendor :STMicroelectronics X-CUBE-AZRTOS-L5 2.0.0
2023-11-27 17:45:00,581 [INFO] ThirdParty:1030 - CMSIS Pack Vendor :STMicroelectronics USB_DEVICE 2.0.0
2023-11-27 17:45:00,581 [INFO] ThirdParty:1030 - CMSIS Pack Vendor :STMicroelectronics X-CUBE-EEPRMA1 4.2.0
2023-11-27 17:45:00,581 [INFO] ThirdParty:1030 - CMSIS Pack Vendor :ITTIA_DB I-CUBE-ITTIADB 8.8.0
2023-11-27 17:45:00,581 [INFO] ThirdParty:1030 - CMSIS Pack Vendor :STMicroelectronics FP-SNS-MOTENV1 4.3.2
2023-11-27 17:45:00,581 [INFO] ThirdParty:1030 - CMSIS Pack Vendor :STMicroelectronics X-CUBE-ALGOBUILD 1.3.0
2023-11-27 17:45:00,581 [INFO] ThirdParty:1030 - CMSIS Pack Vendor :STMicroelectronics X-CUBE-BLE1 6.2.4
2023-11-27 17:45:00,581 [INFO] ThirdParty:1030 - CMSIS Pack Vendor :STMicroelectronics X-CUBE-AZRTOS-L5 1.1.0
2023-11-27 17:45:00,581 [INFO] ThirdParty:1030 - CMSIS Pack Vendor :STMicroelectronics FreeRTOS 0.0.1
2023-11-27 17:45:00,581 [INFO] ThirdParty:1030 - CMSIS Pack Vendor :STMicroelectronics X-CUBE-AZRTOS-G0 1.1.0
2023-11-27 17:45:00,581 [INFO] ThirdParty:1030 - CMSIS Pack Vendor :emotas I-CUBE-CANOPEN 1.1.3
2023-11-27 17:45:00,581 [INFO] ThirdParty:1030 - CMSIS Pack Vendor :STMicroelectronics X-CUBE-BLEMGR 2.0.0
2023-11-27 17:45:00,581 [INFO] ThirdParty:1030 - CMSIS Pack Vendor :STMicroelectronics X-CUBE-NFC4 3.0.0
2023-11-27 17:45:00,582 [INFO] ThirdParty:1030 - CMSIS Pack Vendor :STMicroelectronics X-CUBE-SUBG2 5.0.0
2023-11-27 17:45:00,582 [INFO] ThirdParty:1030 - CMSIS Pack Vendor :STMicroelectronics STM32_WPAN 1.0.0
2023-11-27 17:45:00,582 [INFO] ThirdParty:1030 - CMSIS Pack Vendor :STMicroelectronics lwIP 2.0.3
2023-11-27 17:45:00,582 [INFO] ThirdParty:1030 - CMSIS Pack Vendor :STMicroelectronics FP-SNS-FLIGHT1 5.0.2
2023-11-27 17:45:00,582 [INFO] ThirdParty:1030 - CMSIS Pack Vendor :STMicroelectronics USB_HOST 1.0.0
2023-11-27 17:45:00,582 [INFO] ThirdParty:1030 - CMSIS Pack Vendor :STMicroelectronics X-CUBE-TOF1 3.3.1
2023-11-27 17:45:00,582 [INFO] ThirdParty:1030 - CMSIS Pack Vendor :STMicroelectronics X-CUBE-AZRTOS-G4 2.0.0
2023-11-27 17:45:00,582 [INFO] ThirdParty:1030 - CMSIS Pack Vendor :STMicroelectronics PDM2PCM 3.1.0
2023-11-27 17:45:00,582 [INFO] ThirdParty:1030 - CMSIS Pack Vendor :STMicroelectronics X-CUBE-AZRTOS-H7 3.1.0
2023-11-27 17:45:00,582 [INFO] ThirdParty:1030 - CMSIS Pack Vendor :STMicroelectronics X-CUBE-TOF1 3.3.0
2023-11-27 17:45:00,582 [INFO] ThirdParty:1030 - CMSIS Pack Vendor :STMicroelectronics FP-ATR-ASTRA1 1.1.1
2023-11-27 17:45:00,582 [INFO] ThirdParty:1030 - CMSIS Pack Vendor :Infineon AIROC-Wi-Fi-Bluetooth-STM32 1.5.1
2023-11-27 17:45:00,582 [INFO] ThirdParty:1030 - CMSIS Pack Vendor :STMicroelectronics X-CUBE-BLEMGR 3.0.0
2023-11-27 17:45:00,582 [INFO] ThirdParty:1030 - CMSIS Pack Vendor :STMicroelectronics PDM2PCM 3.3.0
2023-11-27 17:45:00,582 [INFO] ThirdParty:1030 - CMSIS Pack Vendor :STMicroelectronics X-CUBE-DISPLAY 3.0.0
2023-11-27 17:45:00,582 [INFO] ThirdParty:1030 - CMSIS Pack Vendor :STMicroelectronics FP-SNS-MOTENVWB1 1.3.0
2023-11-27 17:45:00,582 [INFO] ThirdParty:1030 - CMSIS Pack Vendor :STMicroelectronics X-CUBE-BLE1 7.0.0
2023-11-27 17:45:00,582 [INFO] ThirdParty:1030 - CMSIS Pack Vendor :STMicroelectronics FP-ATR-SIGFOX1 3.2.0
2023-11-27 17:45:00,582 [INFO] ThirdParty:1030 - CMSIS Pack Vendor :STMicroelectronics X-CUBE-AZRTOS-G4 1.0.0
2023-11-27 17:45:00,582 [INFO] ThirdParty:1030 - CMSIS Pack Vendor :STMicroelectronics X-CUBE-AZRTOS-L4 1.0.0
2023-11-27 17:45:00,582 [INFO] ThirdParty:1030 - CMSIS Pack Vendor :STMicroelectronics HAL Drivers 0.0.0
2023-11-27 17:45:00,582 [INFO] ThirdParty:1030 - CMSIS Pack Vendor :STMicroelectronics MBEDTLS 2.16.2
2023-11-27 17:45:00,583 [INFO] ThirdParty:1030 - CMSIS Pack Vendor :STMicroelectronics X-CUBE-MEMS1 10.0.0
2023-11-27 17:45:00,583 [INFO] ThirdParty:1030 - CMSIS Pack Vendor :STMicroelectronics X-CUBE-FREERTOS 1.1.0
2023-11-27 17:45:00,583 [INFO] ThirdParty:1030 - CMSIS Pack Vendor :STMicroelectronics X-CUBE-NFC7 1.0.1
2023-11-27 17:45:00,583 [INFO] ThirdParty:1030 - CMSIS Pack Vendor :STMicroelectronics MBEDTLS 2.14.1
2023-11-27 17:45:00,583 [INFO] ThirdParty:1030 - CMSIS Pack Vendor :STMicroelectronics X-CUBE-NFC7 1.0.0
2023-11-27 17:45:00,583 [INFO] ThirdParty:1030 - CMSIS Pack Vendor :STMicroelectronics X-CUBE-TOUCHGFX 4.22.1
2023-11-27 17:45:00,583 [INFO] ThirdParty:1030 - CMSIS Pack Vendor :STMicroelectronics X-CUBE-AZRTOS-WL 1.0.0
2023-11-27 17:45:00,583 [INFO] ThirdParty:1030 - CMSIS Pack Vendor :STMicroelectronics X-CUBE-NFC6 3.0.0
2023-11-27 17:45:00,583 [INFO] ThirdParty:1030 - CMSIS Pack Vendor :STMicroelectronics X-CUBE-EEPRMA1 4.1.0
2023-11-27 17:45:00,583 [INFO] ThirdParty:1030 - CMSIS Pack Vendor :portGmbH I-Cube-SoM-uGOAL 1.1.0
2023-11-27 17:45:00,583 [INFO] ThirdParty:1030 - CMSIS Pack Vendor :STMicroelectronics X-CUBE-ALS 1.0.1
2023-11-27 17:45:00,583 [INFO] ThirdParty:1030 - CMSIS Pack Vendor :STMicroelectronics X-CUBE-MEMS1 9.5.0
2023-11-27 17:45:00,583 [INFO] ThirdParty:1030 - CMSIS Pack Vendor :STMicroelectronics ThreadX 1.0.0
2023-11-27 17:45:00,583 [INFO] ThirdParty:1030 - CMSIS Pack Vendor :STMicroelectronics FP-SNS-SMARTAG2 1.2.0
2023-11-27 17:45:00,583 [INFO] ThirdParty:1030 - CMSIS Pack Vendor :STMicroelectronics X-CUBE-AZRTOS-WB 1.1.0
2023-11-27 17:45:00,583 [INFO] ThirdParty:1030 - CMSIS Pack Vendor :STMicroelectronics X-CUBE-AZRTOS-WL 2.0.0
2023-11-27 17:45:00,583 [INFO] ThirdParty:1030 - CMSIS Pack Vendor :SEGGER I-CUBE-embOS 1.3.1
2023-11-27 17:45:00,583 [INFO] ThirdParty:1030 - CMSIS Pack Vendor :STMicroelectronics USB_DEVICE 1.0.0
2023-11-27 17:45:00,583 [INFO] ThirdParty:1030 - CMSIS Pack Vendor :STMicroelectronics X-CUBE-AI 8.1.0
2023-11-27 17:45:00,583 [INFO] ThirdParty:1030 - CMSIS Pack Vendor :STMicroelectronics X-CUBE-AZRTOS-L4 2.0.0
2023-11-27 17:45:00,583 [INFO] ThirdParty:1030 - CMSIS Pack Vendor :STMicroelectronics ThreadX 0.0.2
2023-11-27 17:45:00,583 [INFO] ThirdParty:1030 - CMSIS Pack Vendor :WES I-CUBE-Cesium 1.3.0
2023-11-27 17:45:00,583 [INFO] ThirdParty:1030 - CMSIS Pack Vendor :STMicroelectronics FP-ATR-ASTRA1 2.0.0
2023-11-27 17:45:00,583 [INFO] ThirdParty:1030 - CMSIS Pack Vendor :STMicroelectronics lwIP 2.1.2
2023-11-27 17:45:00,583 [INFO] ThirdParty:1030 - CMSIS Pack Vendor :STMicroelectronics X-CUBE-SFXS2LP1 4.0.0
2023-11-27 17:45:00,583 [INFO] ThirdParty:1030 - CMSIS Pack Vendor :STMicroelectronics X-CUBE-BLE2 3.3.0
2023-11-27 17:45:00,583 [INFO] ThirdParty:1030 - CMSIS Pack Vendor :STMicroelectronics X-CUBE-TOF1 3.4.0
2023-11-27 17:45:00,583 [INFO] ThirdParty:1030 - CMSIS Pack Vendor :STMicroelectronics PDM2PCM 3.2.0
2023-11-27 17:45:00,583 [INFO] ThirdParty:1030 - CMSIS Pack Vendor :STMicroelectronics X-CUBE-AZRTOS-H7 3.0.0
2023-11-27 17:45:00,584 [INFO] ThirdParty:841 - exiting critical section [change project]
2023-11-27 17:45:01,146 [INFO] PinOutPanel:1499 - setPackage(No Configuration,No Configuration)
2023-11-27 17:45:01,152 [INFO] PinOutPanel:1499 - setPackage(STM32L476RGTx,LQFP64)
2023-11-27 17:45:01,687 [INFO] UtilMem:75 - Before build in PCC Used Memory: 793329680 Bytes (1073741824)
2023-11-27 17:45:02,355 [INFO] UtilMem:75 - After build in PCC Used Memory: 872495120 Bytes (1073741824)
2023-11-27 17:45:02,393 [INFO] ApiDbMcu:507 - Load IP Config File for FREERTOS
2023-11-27 17:45:02,458 [INFO] IPUIPlugin:80 - create IPUIPlugin
2023-11-27 17:45:02,458 [INFO] IPUIPlugin:80 - create IPUIPlugin
2023-11-27 17:45:02,458 [INFO] IPUIPlugin:80 - create IPUIPlugin
2023-11-27 17:45:02,458 [INFO] IPUIPlugin:80 - create IPUIPlugin
2023-11-27 17:45:02,459 [INFO] IPUIPlugin:80 - create IPUIPlugin
2023-11-27 17:45:02,459 [INFO] IPUIPlugin:80 - create IPUIPlugin
2023-11-27 17:45:02,460 [INFO] IPUIPlugin:80 - create IPUIPlugin
2023-11-27 17:45:02,461 [INFO] IPUIPlugin:80 - create IPUIPlugin
2023-11-27 17:45:02,461 [INFO] IPUIPlugin:80 - create IPUIPlugin
2023-11-27 17:45:02,461 [INFO] IPUIPlugin:80 - create IPUIPlugin
2023-11-27 17:45:02,461 [INFO] IPUIPlugin:80 - create IPUIPlugin
2023-11-27 17:45:02,461 [INFO] IPUIPlugin:80 - create IPUIPlugin
2023-11-27 17:45:02,462 [INFO] IPUIPlugin:80 - create IPUIPlugin
2023-11-27 17:45:02,462 [INFO] IPUIPlugin:80 - create IPUIPlugin
2023-11-27 17:45:02,462 [INFO] IPUIPlugin:80 - create IPUIPlugin
2023-11-27 17:45:02,462 [INFO] IPUIPlugin:80 - create IPUIPlugin
2023-11-27 17:45:02,463 [INFO] IPUIPlugin:80 - create IPUIPlugin
2023-11-27 17:45:02,463 [INFO] IPUIPlugin:80 - create IPUIPlugin
2023-11-27 17:45:02,463 [INFO] IPUIPlugin:80 - create IPUIPlugin
2023-11-27 17:45:02,463 [INFO] IPUIPlugin:80 - create IPUIPlugin
2023-11-27 17:45:02,463 [INFO] IPUIPlugin:80 - create IPUIPlugin
2023-11-27 17:45:02,463 [INFO] IPUIPlugin:80 - create IPUIPlugin
2023-11-27 17:45:02,464 [INFO] IPUIPlugin:80 - create IPUIPlugin
2023-11-27 17:45:02,464 [INFO] IPUIPlugin:80 - create IPUIPlugin
2023-11-27 17:45:02,464 [INFO] IPUIPlugin:80 - create IPUIPlugin
2023-11-27 17:45:02,464 [INFO] IPUIPlugin:80 - create IPUIPlugin
2023-11-27 17:45:02,465 [INFO] IPUIPlugin:80 - create IPUIPlugin
2023-11-27 17:45:02,466 [INFO] IPUIPlugin:80 - create IPUIPlugin
2023-11-27 17:45:02,466 [INFO] IPUIPlugin:80 - create IPUIPlugin
2023-11-27 17:45:02,467 [INFO] IPUIPlugin:80 - create IPUIPlugin
2023-11-27 17:45:02,467 [INFO] IPUIPlugin:80 - create IPUIPlugin
2023-11-27 17:45:02,467 [INFO] IPUIPlugin:80 - create IPUIPlugin
2023-11-27 17:45:02,467 [INFO] IPUIPlugin:80 - create IPUIPlugin
2023-11-27 17:45:02,467 [INFO] IPUIPlugin:80 - create IPUIPlugin
2023-11-27 17:45:02,467 [INFO] IPUIPlugin:80 - create IPUIPlugin
2023-11-27 17:45:02,467 [INFO] IPUIPlugin:80 - create IPUIPlugin
2023-11-27 17:45:02,468 [INFO] IPUIPlugin:80 - create IPUIPlugin
2023-11-27 17:45:02,468 [INFO] IPUIPlugin:80 - create IPUIPlugin
2023-11-27 17:45:02,468 [INFO] IPUIPlugin:80 - create IPUIPlugin
2023-11-27 17:45:02,468 [INFO] IPUIPlugin:80 - create IPUIPlugin
2023-11-27 17:45:02,468 [INFO] IPUIPlugin:80 - create IPUIPlugin
2023-11-27 17:45:02,468 [INFO] IPUIPlugin:80 - create IPUIPlugin
2023-11-27 17:45:02,468 [INFO] IPUIPlugin:80 - create IPUIPlugin
2023-11-27 17:45:02,468 [INFO] IPUIPlugin:80 - create IPUIPlugin
2023-11-27 17:45:02,468 [INFO] IPUIPlugin:80 - create IPUIPlugin
2023-11-27 17:45:02,468 [INFO] IPUIPlugin:80 - create IPUIPlugin
2023-11-27 17:45:02,468 [INFO] IPUIPlugin:80 - create IPUIPlugin
2023-11-27 17:45:02,468 [INFO] IPUIPlugin:80 - create IPUIPlugin
2023-11-27 17:45:02,468 [INFO] IPUIPlugin:80 - create IPUIPlugin
2023-11-27 17:45:02,469 [INFO] IPUIPlugin:80 - create IPUIPlugin
2023-11-27 17:45:02,469 [INFO] IPUIPlugin:80 - create IPUIPlugin
2023-11-27 17:45:02,469 [INFO] IPUIPlugin:80 - create IPUIPlugin
2023-11-27 17:45:02,469 [INFO] IPUIPlugin:80 - create IPUIPlugin
2023-11-27 17:45:02,471 [INFO] IPUIPlugin:80 - create IPUIPlugin
2023-11-27 17:45:02,471 [INFO] IPUIPlugin:80 - create IPUIPlugin
2023-11-27 17:45:02,471 [INFO] IPUIPlugin:80 - create IPUIPlugin
2023-11-27 17:45:02,472 [INFO] IPUIPlugin:80 - create IPUIPlugin
2023-11-27 17:45:02,474 [INFO] IPUIPlugin:80 - create IPUIPlugin
2023-11-27 17:45:02,474 [INFO] IPUIPlugin:80 - create IPUIPlugin
2023-11-27 17:45:02,503 [WARN] FreeRTOS:1023 - Null or empty value: should not occur! (nothing added to the table)
2023-11-27 17:45:02,588 [INFO] CADModel:165 - CPN selected for project levelSTM32L476RGT3
2023-11-27 17:45:02,588 [INFO] CADModel:114 - Register for checkConnection events
2023-11-27 17:45:02,590 [INFO] RtosManager:697 - Active RTOS found at IOC load: FREERTOS [Cortex-M4NS]
2023-11-27 17:45:02,649 [INFO] OpenFileManager:328 - Restore cursor
2023-11-27 17:45:06,998 [ERROR] RtosPanel:558 - Can not restore the selected Tab for FREERTOS(A reason can be that the tab is no more available.)
2023-11-27 17:45:12,410 [INFO] TasksAndQueuesTab:757 - Dynamic
2023-11-27 17:45:12,415 [WARN] TasksAndQueuesTab:763 - 128 128
2023-11-27 17:45:12,415 [WARN] TasksAndQueuesTab:775 - max value is: 1000.0
2023-11-27 17:45:12,415 [INFO] TasksAndQueuesTab:757 - Dynamic
2023-11-27 17:45:12,415 [WARN] TasksAndQueuesTab:763 - 128 128
2023-11-27 17:45:12,415 [WARN] TasksAndQueuesTab:775 - max value is: 1000.0
2023-11-27 17:45:12,415 [INFO] TasksAndQueuesTab:757 - Dynamic
2023-11-27 17:45:12,415 [WARN] TasksAndQueuesTab:763 - 128 128
2023-11-27 17:45:12,415 [WARN] TasksAndQueuesTab:775 - max value is: 1000.0
2023-11-27 17:45:12,415 [INFO] TasksAndQueuesTab:757 - Dynamic
2023-11-27 17:45:12,415 [WARN] TasksAndQueuesTab:763 - 128 128
2023-11-27 17:45:12,415 [WARN] TasksAndQueuesTab:775 - max value is: 1000.0
2023-11-27 17:45:12,415 [INFO] TasksAndQueuesTab:757 - Dynamic
2023-11-27 17:45:12,415 [WARN] TasksAndQueuesTab:763 - 128 128
2023-11-27 17:45:12,415 [WARN] TasksAndQueuesTab:775 - max value is: 1000.0
2023-11-27 19:30:36,630 [INFO] MainUpdater:2868 - connection check result : 10
2023-11-27 19:30:36,633 [INFO] MainUpdater:2868 - connection check result : 10
2023-11-27 19:30:37,091 [INFO] MicroXplorer:468 - Change Database Path : 
2023-11-27 19:30:37,092 [INFO] MicroXplorer:498 - Change Database Version : DB.6.0.92
2023-11-27 19:30:37,193 [WARN] ThirdParty:871 - waiting for thirdparty lock release [close project]
2023-11-27 19:30:37,193 [INFO] ThirdParty:873 - entering critical section [close project]
2023-11-27 19:30:37,194 [INFO] ThirdParty:883 - exiting critical section [close project]
2023-11-27 19:30:37,200 [INFO] PinOutPanel:1499 - setPackage(No Configuration,No Configuration)
2023-11-27 19:30:37,213 [INFO] UtilMem:75 - Begin LoadConfig() Used Memory: 863877888 Bytes (1073741824)
2023-11-27 19:30:37,213 [INFO] MicroXplorer:468 - Change Database Path : 
2023-11-27 19:30:37,213 [INFO] MicroXplorer:498 - Change Database Version : DB.6.0.92
2023-11-27 19:30:37,213 [INFO] OpenFileManager:308 - Change cursor
2023-11-27 19:30:37,241 [INFO] Mcu:1946 - Initializing MCU STM32L476R(C-E-G)Tx STM32L476RGTx STM32L476RGT3
2023-11-27 19:30:39,177 [INFO] Context:659 - Trying to add GPIOservice into a context  which must be forbidden
2023-11-27 19:30:39,761 [INFO] RtosManager:555 - Registered RTOS mode: class=CMSIS, group=RTOS, mode=CMSIS_V1, owner=FREERTOS
2023-11-27 19:30:39,761 [INFO] RtosManager:555 - Registered RTOS mode: class=CMSIS, group=RTOS2, mode=CMSIS_V2, owner=FREERTOS
2023-11-27 19:30:39,762 [INFO] RtosManager:555 - Registered RTOS mode: class=RTOS, group=Core, mode=CMSIS_V1, owner=FREERTOS
2023-11-27 19:30:39,762 [INFO] RtosManager:555 - Registered RTOS mode: class=RTOS, group=Core, mode=CMSIS_V2, owner=FREERTOS
2023-11-27 19:30:39,762 [WARN] ModelIntegratedComponent:184 - Missing modes for component STMicroelectronics:FreeRTOS:0.0.1:STMicroelectronics:RTOS:FreeRTOS:Core:::10.2.0:
2023-11-27 19:30:39,778 [WARN] ModelIntegratedComponent:63 - No mode defined for component null
2023-11-27 19:30:39,778 [WARN] ModelIntegratedComponent:63 - No mode defined for component null
2023-11-27 19:30:39,778 [WARN] ModelIntegratedComponent:63 - No mode defined for component null
2023-11-27 19:30:39,778 [WARN] ModelIntegratedComponent:63 - No mode defined for component null
2023-11-27 19:30:39,778 [WARN] ModelIntegratedComponent:63 - No mode defined for component null
2023-11-27 19:30:39,778 [WARN] ModelIntegratedComponent:63 - No mode defined for component null
2023-11-27 19:30:39,778 [WARN] ModelIntegratedComponent:63 - No mode defined for component null
2023-11-27 19:30:39,778 [WARN] ModelIntegratedComponent:63 - No mode defined for component null
2023-11-27 19:30:39,778 [WARN] ModelIntegratedComponent:63 - No mode defined for component null
2023-11-27 19:30:39,778 [WARN] ModelIntegratedComponent:63 - No mode defined for component null
2023-11-27 19:30:39,778 [WARN] ModelIntegratedComponent:63 - No mode defined for component null
2023-11-27 19:30:39,778 [WARN] ModelIntegratedComponent:63 - No mode defined for component null
2023-11-27 19:30:39,778 [WARN] ModelIntegratedComponent:63 - No mode defined for component null
2023-11-27 19:30:39,778 [WARN] ModelIntegratedComponent:63 - No mode defined for component null
2023-11-27 19:30:39,778 [WARN] ModelIntegratedComponent:63 - No mode defined for component null
2023-11-27 19:30:39,778 [WARN] ModelIntegratedComponent:63 - No mode defined for component null
2023-11-27 19:30:39,778 [WARN] ModelIntegratedComponent:63 - No mode defined for component null
2023-11-27 19:30:39,778 [WARN] ModelIntegratedComponent:63 - No mode defined for component null
2023-11-27 19:30:39,778 [WARN] ModelIntegratedComponent:63 - No mode defined for component null
2023-11-27 19:30:39,778 [WARN] ModelIntegratedComponent:63 - No mode defined for component null
2023-11-27 19:30:39,778 [WARN] ModelIntegratedComponent:63 - No mode defined for component null
2023-11-27 19:30:39,778 [WARN] ModelIntegratedComponent:63 - No mode defined for component null
2023-11-27 19:30:39,778 [WARN] ModelIntegratedComponent:63 - No mode defined for component null
2023-11-27 19:30:39,778 [WARN] ModelIntegratedComponent:63 - No mode defined for component null
2023-11-27 19:30:39,778 [WARN] ModelIntegratedComponent:63 - No mode defined for component null
2023-11-27 19:30:39,778 [WARN] ModelIntegratedComponent:63 - No mode defined for component null
2023-11-27 19:30:39,778 [WARN] ModelIntegratedComponent:63 - No mode defined for component null
2023-11-27 19:30:39,778 [WARN] ModelIntegratedComponent:63 - No mode defined for component null
2023-11-27 19:30:39,778 [WARN] ModelIntegratedComponent:63 - No mode defined for component null
2023-11-27 19:30:39,778 [WARN] ModelIntegratedComponent:63 - No mode defined for component null
2023-11-27 19:30:39,779 [WARN] ModelIntegratedComponent:63 - No mode defined for component null
2023-11-27 19:30:39,779 [WARN] ModelIntegratedComponent:63 - No mode defined for component null
2023-11-27 19:30:39,779 [WARN] ModelIntegratedComponent:63 - No mode defined for component null
2023-11-27 19:30:39,941 [INFO] ThirdPartyModel:298 - Start build external matchings
2023-11-27 19:30:40,598 [INFO] ThirdPartyModel:316 - End build external matchings
2023-11-27 19:30:40,623 [INFO] RtosManager:919 - Current active RTOS is FREERTOS [Cortex-M4NS]
2023-11-27 19:30:40,905 [INFO] UtilMem:75 - End LoadConfig() Used Memory: 903443480 Bytes (1073741824)
2023-11-27 19:30:41,040 [WARN] ThirdParty:833 - waiting for thirdparty lock release [change project]
2023-11-27 19:30:41,042 [INFO] ThirdParty:835 - entering critical section [change project]
2023-11-27 19:30:41,043 [INFO] ThirdParty:1030 - CMSIS Pack Vendor :STMicroelectronics X-CUBE-ISPU 1.1.0
2023-11-27 19:30:41,043 [INFO] ThirdParty:1030 - CMSIS Pack Vendor :STMicroelectronics USBPD 4.1
2023-11-27 19:30:41,043 [INFO] ThirdParty:1030 - CMSIS Pack Vendor :RoweBots I-CUBE-UNISONRTOS 5.5.0-4
2023-11-27 19:30:41,043 [INFO] ThirdParty:1030 - CMSIS Pack Vendor :STMicroelectronics X-CUBE-GNSS1 6.0.0
2023-11-27 19:30:41,043 [INFO] ThirdParty:1030 - CMSIS Pack Vendor :STMicroelectronics USB_HOST 2.0.0
2023-11-27 19:30:41,043 [INFO] ThirdParty:1030 - CMSIS Pack Vendor :STMicroelectronics X-CUBE-AZRTOS-F4 1.1.0
2023-11-27 19:30:41,043 [INFO] ThirdParty:1030 - CMSIS Pack Vendor :STMicroelectronics LIBJPEG 8.0.0
2023-11-27 19:30:41,043 [INFO] ThirdParty:1030 - CMSIS Pack Vendor :STMicroelectronics X-CUBE-SMBUS 2.1.0
2023-11-27 19:30:41,043 [INFO] ThirdParty:1030 - CMSIS Pack Vendor :wolfSSL I-CUBE-wolfSSL 5.6.0
2023-11-27 19:30:41,043 [INFO] ThirdParty:1030 - CMSIS Pack Vendor :STMicroelectronics USB_DEVICE 3.0.0
2023-11-27 19:30:41,043 [INFO] ThirdParty:1030 - CMSIS Pack Vendor :STMicroelectronics X-CUBE-AI 8.0.0
2023-11-27 19:30:41,043 [INFO] ThirdParty:1030 - CMSIS Pack Vendor :STMicroelectronics X-CUBE-AZRTOS-WB 2.0.0
2023-11-27 19:30:41,043 [INFO] ThirdParty:1030 - CMSIS Pack Vendor :STMicroelectronics X-CUBE-FREERTOS 1.0.0
2023-11-27 19:30:41,043 [INFO] ThirdParty:1030 - CMSIS Pack Vendor :STMicroelectronics X-CUBE-TOUCHGFX 4.21.3
2023-11-27 19:30:41,043 [INFO] ThirdParty:1030 - CMSIS Pack Vendor :STMicroelectronics X-CUBE-AZRTOS-F7 1.1.0
2023-11-27 19:30:41,043 [INFO] ThirdParty:1030 - CMSIS Pack Vendor :STMicroelectronics X-CUBE-AZRTOS-L5 2.0.0
2023-11-27 19:30:41,043 [INFO] ThirdParty:1030 - CMSIS Pack Vendor :STMicroelectronics USB_DEVICE 2.0.0
2023-11-27 19:30:41,043 [INFO] ThirdParty:1030 - CMSIS Pack Vendor :STMicroelectronics X-CUBE-EEPRMA1 4.2.0
2023-11-27 19:30:41,043 [INFO] ThirdParty:1030 - CMSIS Pack Vendor :ITTIA_DB I-CUBE-ITTIADB 8.8.0
2023-11-27 19:30:41,043 [INFO] ThirdParty:1030 - CMSIS Pack Vendor :STMicroelectronics FP-SNS-MOTENV1 4.3.2
2023-11-27 19:30:41,043 [INFO] ThirdParty:1030 - CMSIS Pack Vendor :STMicroelectronics X-CUBE-ALGOBUILD 1.3.0
2023-11-27 19:30:41,043 [INFO] ThirdParty:1030 - CMSIS Pack Vendor :STMicroelectronics X-CUBE-BLE1 6.2.4
2023-11-27 19:30:41,043 [INFO] ThirdParty:1030 - CMSIS Pack Vendor :STMicroelectronics X-CUBE-AZRTOS-L5 1.1.0
2023-11-27 19:30:41,043 [INFO] ThirdParty:1030 - CMSIS Pack Vendor :STMicroelectronics FreeRTOS 0.0.1
2023-11-27 19:30:41,043 [INFO] ThirdParty:1030 - CMSIS Pack Vendor :STMicroelectronics X-CUBE-AZRTOS-G0 1.1.0
2023-11-27 19:30:41,043 [INFO] ThirdParty:1030 - CMSIS Pack Vendor :emotas I-CUBE-CANOPEN 1.1.3
2023-11-27 19:30:41,043 [INFO] ThirdParty:1030 - CMSIS Pack Vendor :STMicroelectronics X-CUBE-BLEMGR 2.0.0
2023-11-27 19:30:41,043 [INFO] ThirdParty:1030 - CMSIS Pack Vendor :STMicroelectronics X-CUBE-NFC4 3.0.0
2023-11-27 19:30:41,043 [INFO] ThirdParty:1030 - CMSIS Pack Vendor :STMicroelectronics X-CUBE-SUBG2 5.0.0
2023-11-27 19:30:41,043 [INFO] ThirdParty:1030 - CMSIS Pack Vendor :STMicroelectronics STM32_WPAN 1.0.0
2023-11-27 19:30:41,043 [INFO] ThirdParty:1030 - CMSIS Pack Vendor :STMicroelectronics lwIP 2.0.3
2023-11-27 19:30:41,043 [INFO] ThirdParty:1030 - CMSIS Pack Vendor :STMicroelectronics FP-SNS-FLIGHT1 5.0.2
2023-11-27 19:30:41,044 [INFO] ThirdParty:1030 - CMSIS Pack Vendor :STMicroelectronics USB_HOST 1.0.0
2023-11-27 19:30:41,044 [INFO] ThirdParty:1030 - CMSIS Pack Vendor :STMicroelectronics X-CUBE-TOF1 3.3.1
2023-11-27 19:30:41,044 [INFO] ThirdParty:1030 - CMSIS Pack Vendor :STMicroelectronics X-CUBE-AZRTOS-G4 2.0.0
2023-11-27 19:30:41,044 [INFO] ThirdParty:1030 - CMSIS Pack Vendor :STMicroelectronics PDM2PCM 3.1.0
2023-11-27 19:30:41,044 [INFO] ThirdParty:1030 - CMSIS Pack Vendor :STMicroelectronics X-CUBE-AZRTOS-H7 3.1.0
2023-11-27 19:30:41,044 [INFO] ThirdParty:1030 - CMSIS Pack Vendor :STMicroelectronics X-CUBE-TOF1 3.3.0
2023-11-27 19:30:41,044 [INFO] ThirdParty:1030 - CMSIS Pack Vendor :STMicroelectronics FP-ATR-ASTRA1 1.1.1
2023-11-27 19:30:41,044 [INFO] ThirdParty:1030 - CMSIS Pack Vendor :Infineon AIROC-Wi-Fi-Bluetooth-STM32 1.5.1
2023-11-27 19:30:41,044 [INFO] ThirdParty:1030 - CMSIS Pack Vendor :STMicroelectronics X-CUBE-BLEMGR 3.0.0
2023-11-27 19:30:41,044 [INFO] ThirdParty:1030 - CMSIS Pack Vendor :STMicroelectronics PDM2PCM 3.3.0
2023-11-27 19:30:41,044 [INFO] ThirdParty:1030 - CMSIS Pack Vendor :STMicroelectronics X-CUBE-DISPLAY 3.0.0
2023-11-27 19:30:41,044 [INFO] ThirdParty:1030 - CMSIS Pack Vendor :STMicroelectronics FP-SNS-MOTENVWB1 1.3.0
2023-11-27 19:30:41,044 [INFO] ThirdParty:1030 - CMSIS Pack Vendor :STMicroelectronics X-CUBE-BLE1 7.0.0
2023-11-27 19:30:41,044 [INFO] ThirdParty:1030 - CMSIS Pack Vendor :STMicroelectronics FP-ATR-SIGFOX1 3.2.0
2023-11-27 19:30:41,044 [INFO] ThirdParty:1030 - CMSIS Pack Vendor :STMicroelectronics X-CUBE-AZRTOS-G4 1.0.0
2023-11-27 19:30:41,044 [INFO] ThirdParty:1030 - CMSIS Pack Vendor :STMicroelectronics X-CUBE-AZRTOS-L4 1.0.0
2023-11-27 19:30:41,044 [INFO] ThirdParty:1030 - CMSIS Pack Vendor :STMicroelectronics HAL Drivers 0.0.0
2023-11-27 19:30:41,044 [INFO] ThirdParty:1030 - CMSIS Pack Vendor :STMicroelectronics MBEDTLS 2.16.2
2023-11-27 19:30:41,044 [INFO] ThirdParty:1030 - CMSIS Pack Vendor :STMicroelectronics X-CUBE-MEMS1 10.0.0
2023-11-27 19:30:41,044 [INFO] ThirdParty:1030 - CMSIS Pack Vendor :STMicroelectronics X-CUBE-FREERTOS 1.1.0
2023-11-27 19:30:41,044 [INFO] ThirdParty:1030 - CMSIS Pack Vendor :STMicroelectronics X-CUBE-NFC7 1.0.1
2023-11-27 19:30:41,044 [INFO] ThirdParty:1030 - CMSIS Pack Vendor :STMicroelectronics MBEDTLS 2.14.1
2023-11-27 19:30:41,044 [INFO] ThirdParty:1030 - CMSIS Pack Vendor :STMicroelectronics X-CUBE-NFC7 1.0.0
2023-11-27 19:30:41,044 [INFO] ThirdParty:1030 - CMSIS Pack Vendor :STMicroelectronics X-CUBE-TOUCHGFX 4.22.1
2023-11-27 19:30:41,045 [INFO] ThirdParty:1030 - CMSIS Pack Vendor :STMicroelectronics X-CUBE-AZRTOS-WL 1.0.0
2023-11-27 19:30:41,045 [INFO] ThirdParty:1030 - CMSIS Pack Vendor :STMicroelectronics X-CUBE-NFC6 3.0.0
2023-11-27 19:30:41,045 [INFO] ThirdParty:1030 - CMSIS Pack Vendor :STMicroelectronics X-CUBE-EEPRMA1 4.1.0
2023-11-27 19:30:41,045 [INFO] ThirdParty:1030 - CMSIS Pack Vendor :portGmbH I-Cube-SoM-uGOAL 1.1.0
2023-11-27 19:30:41,045 [INFO] ThirdParty:1030 - CMSIS Pack Vendor :STMicroelectronics X-CUBE-ALS 1.0.1
2023-11-27 19:30:41,045 [INFO] ThirdParty:1030 - CMSIS Pack Vendor :STMicroelectronics X-CUBE-MEMS1 9.5.0
2023-11-27 19:30:41,045 [INFO] ThirdParty:1030 - CMSIS Pack Vendor :STMicroelectronics ThreadX 1.0.0
2023-11-27 19:30:41,045 [INFO] ThirdParty:1030 - CMSIS Pack Vendor :STMicroelectronics FP-SNS-SMARTAG2 1.2.0
2023-11-27 19:30:41,045 [INFO] ThirdParty:1030 - CMSIS Pack Vendor :STMicroelectronics X-CUBE-AZRTOS-WB 1.1.0
2023-11-27 19:30:41,045 [INFO] ThirdParty:1030 - CMSIS Pack Vendor :STMicroelectronics X-CUBE-AZRTOS-WL 2.0.0
2023-11-27 19:30:41,045 [INFO] ThirdParty:1030 - CMSIS Pack Vendor :SEGGER I-CUBE-embOS 1.3.1
2023-11-27 19:30:41,045 [INFO] ThirdParty:1030 - CMSIS Pack Vendor :STMicroelectronics USB_DEVICE 1.0.0
2023-11-27 19:30:41,045 [INFO] ThirdParty:1030 - CMSIS Pack Vendor :STMicroelectronics X-CUBE-AI 8.1.0
2023-11-27 19:30:41,045 [INFO] ThirdParty:1030 - CMSIS Pack Vendor :STMicroelectronics X-CUBE-AZRTOS-L4 2.0.0
2023-11-27 19:30:41,045 [INFO] ThirdParty:1030 - CMSIS Pack Vendor :STMicroelectronics ThreadX 0.0.2
2023-11-27 19:30:41,045 [INFO] ThirdParty:1030 - CMSIS Pack Vendor :WES I-CUBE-Cesium 1.3.0
2023-11-27 19:30:41,045 [INFO] ThirdParty:1030 - CMSIS Pack Vendor :STMicroelectronics FP-ATR-ASTRA1 2.0.0
2023-11-27 19:30:41,046 [INFO] ThirdParty:1030 - CMSIS Pack Vendor :STMicroelectronics lwIP 2.1.2
2023-11-27 19:30:41,046 [INFO] ThirdParty:1030 - CMSIS Pack Vendor :STMicroelectronics X-CUBE-SFXS2LP1 4.0.0
2023-11-27 19:30:41,046 [INFO] ThirdParty:1030 - CMSIS Pack Vendor :STMicroelectronics X-CUBE-BLE2 3.3.0
2023-11-27 19:30:41,046 [INFO] ThirdParty:1030 - CMSIS Pack Vendor :STMicroelectronics X-CUBE-TOF1 3.4.0
2023-11-27 19:30:41,046 [INFO] ThirdParty:1030 - CMSIS Pack Vendor :STMicroelectronics PDM2PCM 3.2.0
2023-11-27 19:30:41,047 [INFO] ThirdParty:1030 - CMSIS Pack Vendor :STMicroelectronics X-CUBE-AZRTOS-H7 3.0.0
2023-11-27 19:30:41,055 [INFO] ThirdParty:841 - exiting critical section [change project]
2023-11-27 19:30:41,599 [INFO] PinOutPanel:1499 - setPackage(No Configuration,No Configuration)
2023-11-27 19:30:41,607 [INFO] PinOutPanel:1499 - setPackage(STM32L476RGTx,LQFP64)
2023-11-27 19:30:42,343 [INFO] UtilMem:75 - Before build in PCC Used Memory: 795238944 Bytes (1073741824)
2023-11-27 19:30:42,740 [INFO] UtilMem:75 - After build in PCC Used Memory: 873885280 Bytes (1073741824)
2023-11-27 19:30:42,763 [INFO] ApiDbMcu:507 - Load IP Config File for FREERTOS
2023-11-27 19:30:42,812 [INFO] IPUIPlugin:80 - create IPUIPlugin
2023-11-27 19:30:42,812 [INFO] IPUIPlugin:80 - create IPUIPlugin
2023-11-27 19:30:42,812 [INFO] IPUIPlugin:80 - create IPUIPlugin
2023-11-27 19:30:42,812 [INFO] IPUIPlugin:80 - create IPUIPlugin
2023-11-27 19:30:42,812 [INFO] IPUIPlugin:80 - create IPUIPlugin
2023-11-27 19:30:42,812 [INFO] IPUIPlugin:80 - create IPUIPlugin
2023-11-27 19:30:42,812 [INFO] IPUIPlugin:80 - create IPUIPlugin
2023-11-27 19:30:42,812 [INFO] IPUIPlugin:80 - create IPUIPlugin
2023-11-27 19:30:42,812 [INFO] IPUIPlugin:80 - create IPUIPlugin
2023-11-27 19:30:42,812 [INFO] IPUIPlugin:80 - create IPUIPlugin
2023-11-27 19:30:42,813 [INFO] IPUIPlugin:80 - create IPUIPlugin
2023-11-27 19:30:42,813 [INFO] IPUIPlugin:80 - create IPUIPlugin
2023-11-27 19:30:42,813 [INFO] IPUIPlugin:80 - create IPUIPlugin
2023-11-27 19:30:42,813 [INFO] IPUIPlugin:80 - create IPUIPlugin
2023-11-27 19:30:42,813 [INFO] IPUIPlugin:80 - create IPUIPlugin
2023-11-27 19:30:42,813 [INFO] IPUIPlugin:80 - create IPUIPlugin
2023-11-27 19:30:42,813 [INFO] IPUIPlugin:80 - create IPUIPlugin
2023-11-27 19:30:42,813 [INFO] IPUIPlugin:80 - create IPUIPlugin
2023-11-27 19:30:42,814 [INFO] IPUIPlugin:80 - create IPUIPlugin
2023-11-27 19:30:42,814 [INFO] IPUIPlugin:80 - create IPUIPlugin
2023-11-27 19:30:42,814 [INFO] IPUIPlugin:80 - create IPUIPlugin
2023-11-27 19:30:42,814 [INFO] IPUIPlugin:80 - create IPUIPlugin
2023-11-27 19:30:42,814 [INFO] IPUIPlugin:80 - create IPUIPlugin
2023-11-27 19:30:42,814 [INFO] IPUIPlugin:80 - create IPUIPlugin
2023-11-27 19:30:42,814 [INFO] IPUIPlugin:80 - create IPUIPlugin
2023-11-27 19:30:42,814 [INFO] IPUIPlugin:80 - create IPUIPlugin
2023-11-27 19:30:42,814 [INFO] IPUIPlugin:80 - create IPUIPlugin
2023-11-27 19:30:42,815 [INFO] IPUIPlugin:80 - create IPUIPlugin
2023-11-27 19:30:42,815 [INFO] IPUIPlugin:80 - create IPUIPlugin
2023-11-27 19:30:42,815 [INFO] IPUIPlugin:80 - create IPUIPlugin
2023-11-27 19:30:42,815 [INFO] IPUIPlugin:80 - create IPUIPlugin
2023-11-27 19:30:42,815 [INFO] IPUIPlugin:80 - create IPUIPlugin
2023-11-27 19:30:42,815 [INFO] IPUIPlugin:80 - create IPUIPlugin
2023-11-27 19:30:42,815 [INFO] IPUIPlugin:80 - create IPUIPlugin
2023-11-27 19:30:42,815 [INFO] IPUIPlugin:80 - create IPUIPlugin
2023-11-27 19:30:42,816 [INFO] IPUIPlugin:80 - create IPUIPlugin
2023-11-27 19:30:42,816 [INFO] IPUIPlugin:80 - create IPUIPlugin
2023-11-27 19:30:42,816 [INFO] IPUIPlugin:80 - create IPUIPlugin
2023-11-27 19:30:42,816 [INFO] IPUIPlugin:80 - create IPUIPlugin
2023-11-27 19:30:42,816 [INFO] IPUIPlugin:80 - create IPUIPlugin
2023-11-27 19:30:42,816 [INFO] IPUIPlugin:80 - create IPUIPlugin
2023-11-27 19:30:42,816 [INFO] IPUIPlugin:80 - create IPUIPlugin
2023-11-27 19:30:42,816 [INFO] IPUIPlugin:80 - create IPUIPlugin
2023-11-27 19:30:42,816 [INFO] IPUIPlugin:80 - create IPUIPlugin
2023-11-27 19:30:42,816 [INFO] IPUIPlugin:80 - create IPUIPlugin
2023-11-27 19:30:42,816 [INFO] IPUIPlugin:80 - create IPUIPlugin
2023-11-27 19:30:42,816 [INFO] IPUIPlugin:80 - create IPUIPlugin
2023-11-27 19:30:42,816 [INFO] IPUIPlugin:80 - create IPUIPlugin
2023-11-27 19:30:42,817 [INFO] IPUIPlugin:80 - create IPUIPlugin
2023-11-27 19:30:42,817 [INFO] IPUIPlugin:80 - create IPUIPlugin
2023-11-27 19:30:42,817 [INFO] IPUIPlugin:80 - create IPUIPlugin
2023-11-27 19:30:42,817 [INFO] IPUIPlugin:80 - create IPUIPlugin
2023-11-27 19:30:42,817 [INFO] IPUIPlugin:80 - create IPUIPlugin
2023-11-27 19:30:42,819 [INFO] IPUIPlugin:80 - create IPUIPlugin
2023-11-27 19:30:42,820 [INFO] IPUIPlugin:80 - create IPUIPlugin
2023-11-27 19:30:42,820 [INFO] IPUIPlugin:80 - create IPUIPlugin
2023-11-27 19:30:42,820 [INFO] IPUIPlugin:80 - create IPUIPlugin
2023-11-27 19:30:42,823 [INFO] IPUIPlugin:80 - create IPUIPlugin
2023-11-27 19:30:42,823 [INFO] IPUIPlugin:80 - create IPUIPlugin
2023-11-27 19:30:42,834 [WARN] FreeRTOS:1023 - Null or empty value: should not occur! (nothing added to the table)
2023-11-27 19:30:42,887 [INFO] CADModel:165 - CPN selected for project levelSTM32L476RGT3
2023-11-27 19:30:42,887 [INFO] CADModel:114 - Register for checkConnection events
2023-11-27 19:30:42,890 [INFO] RtosManager:697 - Active RTOS found at IOC load: FREERTOS [Cortex-M4NS]
2023-11-27 19:30:42,938 [INFO] OpenFileManager:328 - Restore cursor
2023-11-27 19:30:50,585 [ERROR] RtosPanel:558 - Can not restore the selected Tab for FREERTOS(A reason can be that the tab is no more available.)
2023-11-27 19:31:48,609 [INFO] UtilMem:75 - End SaveConfig() Used Memory: 693576704 Bytes (1073741824)
2023-11-27 19:31:50,462 [INFO] UtilMem:75 - End SaveConfig() Used Memory: 725033984 Bytes (1073741824)
2023-11-27 19:31:50,756 [INFO] UtilMem:75 - End SaveConfig() Used Memory: 797907968 Bytes (1073741824)
2023-11-27 19:31:52,796 [INFO] BlockDiagram:2759 - set Specific Code input for plugin: FREERTOS
2023-11-27 19:31:52,799 [INFO] BlockDiagram:2759 - set Specific Code input for plugin: SYS
2023-11-27 19:31:52,799 [INFO] BlockDiagram:2759 - set Specific Code input for plugin: RCC
2023-11-27 19:31:52,799 [INFO] BlockDiagram:2759 - set Specific Code input for plugin: NVIC
2023-11-27 19:31:52,804 [INFO] BlockDiagram:2759 - set Specific Code input for plugin: GPIO
2023-11-27 19:31:52,806 [INFO] CodeGenerator:799 - code generatio: config db path: /Applications/STM32CubeIDE.app/Contents/Eclipse/plugins/com.st.stm32cube.common.mx_6.9.2.202309101412//db/
2023-11-27 19:31:52,991 [INFO] CodeEngine:255 - oldGeneratedFile, /Users/thomas/STM32CubeIDE/workspace_1.13.3/RTOS/MXTmpFiles/license.tmp_save
2023-11-27 19:31:53,146 [INFO] CodeEngine:279 - Generated code: /Users/thomas/STM32CubeIDE/workspace_1.13.3/RTOS/MXTmpFiles/license.tmp
2023-11-27 19:31:53,210 [INFO] CodeEngine:255 - oldGeneratedFile, /Users/thomas/STM32CubeIDE/workspace_1.13.3/RTOS/Core/Src/gpio.c_save
2023-11-27 19:31:53,301 [INFO] CodeEngine:279 - Generated code: /Users/thomas/STM32CubeIDE/workspace_1.13.3/RTOS/Core/Src/gpio.c
2023-11-27 19:31:53,302 [INFO] CodeEngine:255 - oldGeneratedFile, /Users/thomas/STM32CubeIDE/workspace_1.13.3/RTOS/Core/Inc/gpio.h_save
2023-11-27 19:31:53,351 [INFO] CodeEngine:279 - Generated code: /Users/thomas/STM32CubeIDE/workspace_1.13.3/RTOS/Core/Inc/gpio.h
2023-11-27 19:31:53,447 [INFO] Middleware:1439 - No code input for Bsp Dependency
2023-11-27 19:31:53,451 [INFO] CodeEngine:255 - oldGeneratedFile, /Users/thomas/STM32CubeIDE/workspace_1.13.3/RTOS/MXTmpFiles/rtos_inc.tmp_save
2023-11-27 19:31:53,500 [INFO] CodeEngine:279 - Generated code: /Users/thomas/STM32CubeIDE/workspace_1.13.3/RTOS/MXTmpFiles/rtos_inc.tmp
2023-11-27 19:31:53,501 [INFO] CodeEngine:255 - oldGeneratedFile, /Users/thomas/STM32CubeIDE/workspace_1.13.3/RTOS/MXTmpFiles/rtos_kernelInit.tmp_save
2023-11-27 19:31:53,592 [INFO] CodeEngine:279 - Generated code: /Users/thomas/STM32CubeIDE/workspace_1.13.3/RTOS/MXTmpFiles/rtos_kernelInit.tmp
2023-11-27 19:31:53,593 [INFO] CodeEngine:255 - oldGeneratedFile, /Users/thomas/STM32CubeIDE/workspace_1.13.3/RTOS/MXTmpFiles/rtos_kernelStart.tmp_save
2023-11-27 19:31:53,641 [INFO] CodeEngine:279 - Generated code: /Users/thomas/STM32CubeIDE/workspace_1.13.3/RTOS/MXTmpFiles/rtos_kernelStart.tmp
2023-11-27 19:31:53,643 [INFO] CodeEngine:255 - oldGeneratedFile, /Users/thomas/STM32CubeIDE/workspace_1.13.3/RTOS/MXTmpFiles/rtos_typedefs.tmp_save
2023-11-27 19:31:53,691 [INFO] CodeEngine:279 - Generated code: /Users/thomas/STM32CubeIDE/workspace_1.13.3/RTOS/MXTmpFiles/rtos_typedefs.tmp
2023-11-27 19:31:53,692 [INFO] CodeEngine:255 - oldGeneratedFile, /Users/thomas/STM32CubeIDE/workspace_1.13.3/RTOS/MXTmpFiles/rtos_vars.tmp_save
2023-11-27 19:31:53,772 [INFO] CodeEngine:279 - Generated code: /Users/thomas/STM32CubeIDE/workspace_1.13.3/RTOS/MXTmpFiles/rtos_vars.tmp
2023-11-27 19:31:53,773 [INFO] CodeEngine:255 - oldGeneratedFile, /Users/thomas/STM32CubeIDE/workspace_1.13.3/RTOS/MXTmpFiles/rtos_pfp.tmp_save
2023-11-27 19:31:53,829 [INFO] CodeEngine:279 - Generated code: /Users/thomas/STM32CubeIDE/workspace_1.13.3/RTOS/MXTmpFiles/rtos_pfp.tmp
2023-11-27 19:31:53,830 [INFO] CodeEngine:255 - oldGeneratedFile, /Users/thomas/STM32CubeIDE/workspace_1.13.3/RTOS/MXTmpFiles/rtos_obj_creat.tmp_save
2023-11-27 19:31:53,883 [INFO] CodeEngine:279 - Generated code: /Users/thomas/STM32CubeIDE/workspace_1.13.3/RTOS/MXTmpFiles/rtos_obj_creat.tmp
2023-11-27 19:31:53,884 [INFO] CodeEngine:255 - oldGeneratedFile, /Users/thomas/STM32CubeIDE/workspace_1.13.3/RTOS/MXTmpFiles/rtos_default_thread.tmp_save
2023-11-27 19:31:53,936 [INFO] CodeEngine:279 - Generated code: /Users/thomas/STM32CubeIDE/workspace_1.13.3/RTOS/MXTmpFiles/rtos_default_thread.tmp
2023-11-27 19:31:53,938 [INFO] CodeEngine:255 - oldGeneratedFile, /Users/thomas/STM32CubeIDE/workspace_1.13.3/RTOS/MXTmpFiles/rtos_threads.tmp_save
2023-11-27 19:31:53,987 [INFO] CodeEngine:279 - Generated code: /Users/thomas/STM32CubeIDE/workspace_1.13.3/RTOS/MXTmpFiles/rtos_threads.tmp
2023-11-27 19:31:53,995 [INFO] Middleware:1439 - No code input for Bsp Dependency
2023-11-27 19:31:53,999 [INFO] CodeEngine:255 - oldGeneratedFile, /Users/thomas/STM32CubeIDE/workspace_1.13.3/RTOS/MXTmpFiles/rtos_inc.tmp_save
2023-11-27 19:31:54,046 [INFO] CodeEngine:279 - Generated code: /Users/thomas/STM32CubeIDE/workspace_1.13.3/RTOS/MXTmpFiles/rtos_inc.tmp
2023-11-27 19:31:54,047 [INFO] CodeEngine:255 - oldGeneratedFile, /Users/thomas/STM32CubeIDE/workspace_1.13.3/RTOS/MXTmpFiles/rtos_kernelInit.tmp_save
2023-11-27 19:31:54,094 [INFO] CodeEngine:279 - Generated code: /Users/thomas/STM32CubeIDE/workspace_1.13.3/RTOS/MXTmpFiles/rtos_kernelInit.tmp
2023-11-27 19:31:54,095 [INFO] CodeEngine:255 - oldGeneratedFile, /Users/thomas/STM32CubeIDE/workspace_1.13.3/RTOS/MXTmpFiles/rtos_kernelStart.tmp_save
2023-11-27 19:31:54,140 [INFO] CodeEngine:279 - Generated code: /Users/thomas/STM32CubeIDE/workspace_1.13.3/RTOS/MXTmpFiles/rtos_kernelStart.tmp
2023-11-27 19:31:54,141 [INFO] CodeEngine:255 - oldGeneratedFile, /Users/thomas/STM32CubeIDE/workspace_1.13.3/RTOS/MXTmpFiles/rtos_typedefs.tmp_save
2023-11-27 19:31:54,189 [INFO] CodeEngine:279 - Generated code: /Users/thomas/STM32CubeIDE/workspace_1.13.3/RTOS/MXTmpFiles/rtos_typedefs.tmp
2023-11-27 19:31:54,191 [INFO] CodeEngine:255 - oldGeneratedFile, /Users/thomas/STM32CubeIDE/workspace_1.13.3/RTOS/MXTmpFiles/rtos_vars.tmp_save
2023-11-27 19:31:54,243 [INFO] CodeEngine:279 - Generated code: /Users/thomas/STM32CubeIDE/workspace_1.13.3/RTOS/MXTmpFiles/rtos_vars.tmp
2023-11-27 19:31:54,245 [INFO] CodeEngine:255 - oldGeneratedFile, /Users/thomas/STM32CubeIDE/workspace_1.13.3/RTOS/MXTmpFiles/rtos_pfp.tmp_save
2023-11-27 19:31:54,295 [INFO] CodeEngine:279 - Generated code: /Users/thomas/STM32CubeIDE/workspace_1.13.3/RTOS/MXTmpFiles/rtos_pfp.tmp
2023-11-27 19:31:54,297 [INFO] CodeEngine:255 - oldGeneratedFile, /Users/thomas/STM32CubeIDE/workspace_1.13.3/RTOS/MXTmpFiles/rtos_obj_creat.tmp_save
2023-11-27 19:31:54,351 [INFO] CodeEngine:279 - Generated code: /Users/thomas/STM32CubeIDE/workspace_1.13.3/RTOS/MXTmpFiles/rtos_obj_creat.tmp
2023-11-27 19:31:54,352 [INFO] CodeEngine:255 - oldGeneratedFile, /Users/thomas/STM32CubeIDE/workspace_1.13.3/RTOS/MXTmpFiles/rtos_default_thread.tmp_save
2023-11-27 19:31:54,402 [INFO] CodeEngine:279 - Generated code: /Users/thomas/STM32CubeIDE/workspace_1.13.3/RTOS/MXTmpFiles/rtos_default_thread.tmp
2023-11-27 19:31:54,403 [INFO] CodeEngine:255 - oldGeneratedFile, /Users/thomas/STM32CubeIDE/workspace_1.13.3/RTOS/MXTmpFiles/rtos_threads.tmp_save
2023-11-27 19:31:54,450 [INFO] CodeEngine:279 - Generated code: /Users/thomas/STM32CubeIDE/workspace_1.13.3/RTOS/MXTmpFiles/rtos_threads.tmp
2023-11-27 19:31:54,452 [INFO] CodeEngine:255 - oldGeneratedFile, /Users/thomas/STM32CubeIDE/workspace_1.13.3/RTOS/Core/Inc/FreeRTOSConfig.h_save
2023-11-27 19:31:54,517 [INFO] CodeEngine:279 - Generated code: /Users/thomas/STM32CubeIDE/workspace_1.13.3/RTOS/Core/Inc/FreeRTOSConfig.h
2023-11-27 19:31:54,520 [INFO] CodeEngine:255 - oldGeneratedFile, /Users/thomas/STM32CubeIDE/workspace_1.13.3/RTOS/Core/Src/freertos.c_save
2023-11-27 19:31:54,585 [INFO] CodeEngine:279 - Generated code: /Users/thomas/STM32CubeIDE/workspace_1.13.3/RTOS/Core/Src/freertos.c
2023-11-27 19:31:54,589 [INFO] CodeEngine:255 - oldGeneratedFile, /Users/thomas/STM32CubeIDE/workspace_1.13.3/RTOS/Core/Src/stm32l4xx_it.c_save
2023-11-27 19:31:54,763 [INFO] CodeEngine:279 - Generated code: /Users/thomas/STM32CubeIDE/workspace_1.13.3/RTOS/Core/Src/stm32l4xx_it.c
2023-11-27 19:31:54,765 [INFO] CodeEngine:255 - oldGeneratedFile, /Users/thomas/STM32CubeIDE/workspace_1.13.3/RTOS/Core/Inc/stm32l4xx_it.h_save
2023-11-27 19:31:54,826 [INFO] CodeEngine:279 - Generated code: /Users/thomas/STM32CubeIDE/workspace_1.13.3/RTOS/Core/Inc/stm32l4xx_it.h
2023-11-27 19:31:54,846 [INFO] CodeEngine:255 - oldGeneratedFile, /Users/thomas/STM32CubeIDE/workspace_1.13.3/RTOS/Core/Src/stm32l4xx_hal_msp.c_save
2023-11-27 19:31:54,933 [INFO] CodeEngine:279 - Generated code: /Users/thomas/STM32CubeIDE/workspace_1.13.3/RTOS/Core/Src/stm32l4xx_hal_msp.c
2023-11-27 19:31:54,935 [INFO] CodeEngine:255 - oldGeneratedFile, /Users/thomas/STM32CubeIDE/workspace_1.13.3/RTOS/MXTmpFiles/system.tmp_save
2023-11-27 19:31:54,988 [INFO] CodeEngine:279 - Generated code: /Users/thomas/STM32CubeIDE/workspace_1.13.3/RTOS/MXTmpFiles/system.tmp
2023-11-27 19:31:54,990 [INFO] CodeEngine:255 - oldGeneratedFile, /Users/thomas/STM32CubeIDE/workspace_1.13.3/RTOS/Core/Src/stm32l4xx_hal_timebase_tim.c_save
2023-11-27 19:31:55,144 [INFO] CodeEngine:279 - Generated code: /Users/thomas/STM32CubeIDE/workspace_1.13.3/RTOS/Core/Src/stm32l4xx_hal_timebase_tim.c
2023-11-27 19:31:55,169 [INFO] CodeEngine:311 - oldGeneratedFile, /Users/thomas/STM32CubeIDE/workspace_1.13.3/RTOS/Core/Inc/stm32l4xx_hal_conf.h_save
2023-11-27 19:31:55,236 [INFO] CodeEngine:335 - Generated code: /Users/thomas/STM32CubeIDE/workspace_1.13.3/RTOS/Core/Inc/stm32l4xx_hal_conf.h
2023-11-27 19:31:55,323 [INFO] CodeEngine:255 - oldGeneratedFile, /Users/thomas/STM32CubeIDE/workspace_1.13.3/RTOS/Core/Inc/main.h_save
2023-11-27 19:31:55,409 [INFO] CodeEngine:279 - Generated code: /Users/thomas/STM32CubeIDE/workspace_1.13.3/RTOS/Core/Inc/main.h
2023-11-27 19:31:55,412 [INFO] CodeEngine:255 - oldGeneratedFile, /Users/thomas/STM32CubeIDE/workspace_1.13.3/RTOS/Core/Src/main.c_save
2023-11-27 19:31:55,485 [INFO] CodeEngine:279 - Generated code: /Users/thomas/STM32CubeIDE/workspace_1.13.3/RTOS/Core/Src/main.c
2023-11-27 19:31:56,017 [INFO] ProjectBuilder:3064 - Time for Copy HAL[1] : 180mS.
2023-11-27 19:31:56,035 [INFO] ProjectBuilder:4404 - Project Generator version: 4.1.0
2023-11-27 19:31:56,360 [INFO] ConfigFileManager:1457 - The Die is : DIE415
2023-11-27 19:31:56,372 [INFO] ApiDbMcu:507 - Load IP Config File for FATFS
2023-11-27 19:31:56,388 [INFO] ApiDbMcu:507 - Load IP Config File for TOUCHSENSING
2023-11-27 19:31:56,401 [INFO] ApiDbMcu:507 - Load IP Config File for USB_DEVICE
2023-11-27 19:31:56,411 [INFO] ApiDbMcu:507 - Load IP Config File for USB_HOST
2023-11-27 19:31:58,694 [INFO] ProjectBuilder:4626 - Time for Generating toolchain IDE Files: 2654mS.
2023-11-27 19:31:58,700 [INFO] ProjectBuilder:2935 - Time for Copy CMSIS : 1mS.
2023-11-27 19:31:58,703 [INFO] ProjectBuilder:2935 - Time for Copy CMSIS : 0mS.
