2023-11-06 13:11:48,821 [INFO] Activator:176 - 


2023-11-06 13:11:48,829 [INFO] Activator:177 - !SESSION log4j initialized
2023-11-06 13:11:57,228 [ERROR] LogOutputStream:75 - [STDERR_REDIRECT] 
2023-11-06 13:11:58,888 [INFO] LogOutputStream:77 - [STDOUT_REDIRECT] 
2023-11-06 13:12:00,614 [INFO] LogOutputStream:77 - [STDOUT_REDIRECT] 
2023-11-06 13:12:02,648 [INFO] ApplicationProperties:184 - Using Application install path: /Applications/STM32CubeIDE.app/Contents/Eclipse/plugins/com.st.stm32cube.common.mx_6.9.2.202309101412
2023-11-06 13:12:02,681 [INFO] DbMcusXml:78 - Set database path to: /Applications/STM32CubeIDE.app/Contents/Eclipse/plugins/com.st.stm32cube.common.mx_6.9.2.202309101412//db//mcu/
2023-11-06 13:12:02,682 [INFO] ApiDb:274 - Set plugin database path to: /Applications/STM32CubeIDE.app/Contents/Eclipse/plugins/com.st.stm32cube.common.mx_6.9.2.202309101412//db//plugins/boardmanager/
2023-11-06 13:12:02,687 [WARN] ApiDb:259 - Overriding images path with different value:  => /Applications/STM32CubeIDE.app/Contents/Eclipse/plugins/com.st.stm32cube.common.mx_6.9.2.202309101412//db//plugins/mcufinder/images/
2023-11-06 13:12:02,787 [INFO] ApiDb:250 - Set database path to: /Users/thomas/.stmcufinder/plugins/mcufinder//mcu/
2023-11-06 13:12:02,792 [INFO] DbMcusAds:125 - Set database path to: /Users/thomas/.stmcufinder/plugins/mcufinder//mcu/
2023-11-06 13:12:02,799 [INFO] CrossReferenceDbSqlite:203 - Set database path to: /Users/thomas/.stmcufinder/plugins/mcufinder//mcu/cs/
2023-11-06 13:12:03,090 [INFO] RulesReader:64 - Compatibility file has been processed (293 Rules)
2023-11-06 13:12:03,194 [INFO] DbMcusXml:78 - Set database path to: /Applications/STM32CubeIDE.app/Contents/Eclipse/plugins/com.st.stm32cube.common.mx_6.9.2.202309101412//db//mcu/
2023-11-06 13:12:03,194 [INFO] ApiDb:274 - Set plugin database path to: /Applications/STM32CubeIDE.app/Contents/Eclipse/plugins/com.st.stm32cube.common.mx_6.9.2.202309101412//db//plugins/boardmanager/
2023-11-06 13:12:03,195 [INFO] ApiDb:261 - Set plugin images path to: /Applications/STM32CubeIDE.app/Contents/Eclipse/plugins/com.st.stm32cube.common.mx_6.9.2.202309101412//db//plugins/mcufinder/images/
2023-11-06 13:12:03,195 [WARN] DbFile:41 - Overriding database path with different value: /Users/thomas/.stmcufinder/plugins/mcufinder/ => /Users/thomas/.stmcufinder/plugins/mcufinder
2023-11-06 13:12:03,196 [INFO] ApiDb:250 - Set database path to: /Users/thomas/.stmcufinder/plugins/mcufinder//mcu/
2023-11-06 13:12:03,196 [WARN] DbFile:41 - Overriding database path with different value: /Users/thomas/.stmcufinder/plugins/mcufinder/ => /Users/thomas/.stmcufinder/plugins/mcufinder
2023-11-06 13:12:03,196 [INFO] DbMcusAds:125 - Set database path to: /Users/thomas/.stmcufinder/plugins/mcufinder//mcu/
2023-11-06 13:12:03,196 [WARN] DbFile:41 - Overriding database path with different value: /Users/thomas/.stmcufinder/plugins/mcufinder/ => /Users/thomas/.stmcufinder/plugins/mcufinder
2023-11-06 13:12:03,196 [WARN] DbFile:41 - Overriding database path with different value: /Users/thomas/.stmcufinder/plugins/mcufinder/ => /Users/thomas/.stmcufinder/plugins/mcufinder
2023-11-06 13:12:03,196 [INFO] CrossReferenceDbSqlite:203 - Set database path to: /Users/thomas/.stmcufinder/plugins/mcufinder//mcu/cs/
2023-11-06 13:12:03,324 [INFO] MainPanel:262 - HeapMemory: 268435456
2023-11-06 13:12:03,478 [INFO] DbMcusXml:78 - Set database path to: /Applications/STM32CubeIDE.app/Contents/Eclipse/plugins/com.st.stm32cube.common.mx_6.9.2.202309101412//db//mcu/
2023-11-06 13:12:03,478 [INFO] ApiDb:274 - Set plugin database path to: /Applications/STM32CubeIDE.app/Contents/Eclipse/plugins/com.st.stm32cube.common.mx_6.9.2.202309101412//db//plugins/boardmanager/
2023-11-06 13:12:03,478 [INFO] ApiDb:261 - Set plugin images path to: /Applications/STM32CubeIDE.app/Contents/Eclipse/plugins/com.st.stm32cube.common.mx_6.9.2.202309101412//db//plugins/mcufinder/images/
2023-11-06 13:12:03,479 [WARN] DbFile:41 - Overriding database path with different value: /Users/thomas/.stmcufinder/plugins/mcufinder/ => /Users/thomas/.stmcufinder/plugins/mcufinder
2023-11-06 13:12:03,479 [INFO] ApiDb:250 - Set database path to: /Users/thomas/.stmcufinder/plugins/mcufinder//mcu/
2023-11-06 13:12:03,479 [WARN] DbFile:41 - Overriding database path with different value: /Users/thomas/.stmcufinder/plugins/mcufinder/ => /Users/thomas/.stmcufinder/plugins/mcufinder
2023-11-06 13:12:03,479 [INFO] DbMcusAds:125 - Set database path to: /Users/thomas/.stmcufinder/plugins/mcufinder//mcu/
2023-11-06 13:12:03,479 [WARN] DbFile:41 - Overriding database path with different value: /Users/thomas/.stmcufinder/plugins/mcufinder/ => /Users/thomas/.stmcufinder/plugins/mcufinder
2023-11-06 13:12:03,479 [WARN] DbFile:41 - Overriding database path with different value: /Users/thomas/.stmcufinder/plugins/mcufinder/ => /Users/thomas/.stmcufinder/plugins/mcufinder
2023-11-06 13:12:03,480 [INFO] CrossReferenceDbSqlite:203 - Set database path to: /Users/thomas/.stmcufinder/plugins/mcufinder//mcu/cs/
2023-11-06 13:12:03,512 [INFO] ApplicationProperties:184 - Using Application install path: /Applications/STM32CubeIDE.app/Contents/Eclipse/plugins/com.st.stm32cube.common.mx_6.9.2.202309101412
2023-11-06 13:12:03,515 [INFO] PluginManage:196 - Search for loadable plugins [exclusion list=, ]
2023-11-06 13:12:03,518 [INFO] PluginManage:310 - Check plugin analytics
2023-11-06 13:12:03,831 [INFO] AnalyticsPlugin:253 - Accepted Software Licenses: 
2023-11-06 13:12:03,832 [INFO] AnalyticsPlugin:255 - Accepted CMSIS Pack Licenses: 
2023-11-06 13:12:03,832 [INFO] AnalyticsPlugin:257 - Accepted Firmware Licenses: FW.L4.1.18.0
2023-11-06 13:12:03,841 [INFO] PluginManage:359 - Loaded plugin analytics (category:tool,tabindex:-1)
2023-11-06 13:12:03,844 [INFO] PluginManage:310 - Check plugin cadmodel
2023-11-06 13:12:04,344 [INFO] CADModel:105 - Init CAD model plugin
2023-11-06 13:12:04,346 [INFO] PluginManage:359 - Loaded plugin cadmodel (category:power,tabindex:5)
2023-11-06 13:12:04,346 [INFO] PluginManage:310 - Check plugin clock
2023-11-06 13:12:04,362 [INFO] PluginManage:359 - Loaded plugin clock (category:base,tabindex:2)
2023-11-06 13:12:04,363 [INFO] PluginManage:310 - Check plugin ddr
2023-11-06 13:12:04,365 [INFO] PluginManage:359 - Loaded plugin ddr (category:tool,tabindex:6)
2023-11-06 13:12:04,365 [INFO] PluginManage:310 - Check plugin filemanager
2023-11-06 13:12:04,541 [INFO] PluginManage:359 - Loaded plugin filemanager (category:base,tabindex:10)
2023-11-06 13:12:04,541 [INFO] PluginManage:310 - Check plugin ipmanager
2023-11-06 13:12:04,550 [INFO] PluginManage:359 - Loaded plugin ipmanager (category:base,tabindex:5)
2023-11-06 13:12:04,551 [INFO] PluginManage:310 - Check plugin lpbam
2023-11-06 13:12:04,564 [INFO] PluginManage:359 - Loaded plugin lpbam (category:base,tabindex:0)
2023-11-06 13:12:04,564 [INFO] PluginManage:310 - Check plugin memorymap
2023-11-06 13:12:04,581 [INFO] PluginManage:359 - Loaded plugin memorymap (category:base,tabindex:4)
2023-11-06 13:12:04,582 [INFO] PluginManage:310 - Check plugin pinoutandconfiguration
2023-11-06 13:12:04,589 [INFO] PluginManage:359 - Loaded plugin pinoutandconfiguration (category:base,tabindex:1)
2023-11-06 13:12:04,589 [INFO] PluginManage:310 - Check plugin pinoutconfig
2023-11-06 13:12:04,711 [WARN] SupportedApi:132 - Cannot load RTOS API schema: s4s-elt-must-match.1: The content of 'definitions' must match (annotation?, (simpleType | complexType)?, (unique | key | keyref)*)). A problem was found starting at: attribute.
2023-11-06 13:12:04,957 [INFO] PluginManage:359 - Loaded plugin pinoutconfig (category:base,tabindex:0)
2023-11-06 13:12:04,957 [INFO] PluginManage:310 - Check plugin power
2023-11-06 13:12:04,979 [INFO] PluginManage:359 - Loaded plugin power (category:power,tabindex:4)
2023-11-06 13:12:04,979 [INFO] PluginManage:310 - Check plugin projectmanager
2023-11-06 13:12:05,021 [INFO] PluginManage:359 - Loaded plugin projectmanager (category:projectmanager,tabindex:3)
2023-11-06 13:12:05,021 [INFO] PluginManage:310 - Check plugin thirdparty
2023-11-06 13:12:05,255 [INFO] PluginManage:359 - Loaded plugin thirdparty (category:base,tabindex:-1)
2023-11-06 13:12:05,255 [INFO] PluginManage:310 - Check plugin tools
2023-11-06 13:12:05,255 [WARN] IntegrityCheckThread:84 - waiting for thirdparty lock release [integrity check]
2023-11-06 13:12:05,256 [INFO] IntegrityCheckThread:86 - entering critical section [integrity check]
2023-11-06 13:12:05,259 [INFO] ThirdPartyUpdaterWithRetryManager:70 - Updater plugin not ready yet. [1/15]
2023-11-06 13:12:05,259 [INFO] PluginManage:359 - Loaded plugin tools (category:base,tabindex:7)
2023-11-06 13:12:05,259 [INFO] PluginManage:310 - Check plugin tutovideos
2023-11-06 13:12:05,494 [INFO] PluginManage:359 - Loaded plugin tutovideos (category:base,tabindex:-1)
2023-11-06 13:12:05,495 [INFO] PluginManage:310 - Check plugin updater
2023-11-06 13:12:05,512 [INFO] PluginManage:359 - Loaded plugin updater (category:base,tabindex:12)
2023-11-06 13:12:05,513 [INFO] PluginManage:310 - Check plugin userauth
2023-11-06 13:12:05,520 [INFO] UserAuth:113 - Init User Auth plugin
2023-11-06 13:12:05,520 [INFO] PluginManage:359 - Loaded plugin userauth (category:base,tabindex:14)
2023-11-06 13:12:05,521 [INFO] PluginManage:283 - PluginManage : Loaded plugins [17]
2023-11-06 13:12:05,901 [INFO] PinOutPanel:1499 - setPackage(No Configuration,No Configuration)
2023-11-06 13:12:06,116 [INFO] CADModel:165 - CPN selected for project level
2023-11-06 13:12:06,116 [INFO] CADModel:114 - Register for checkConnection events
2023-11-06 13:12:06,135 [INFO] IPUIPlugin:80 - create IPUIPlugin
2023-11-06 13:12:06,137 [INFO] PluginManager:220 - loadIPPluginJar : add mdma
2023-11-06 13:12:06,148 [INFO] IPUIPlugin:80 - create IPUIPlugin
2023-11-06 13:12:06,149 [INFO] PluginManager:220 - loadIPPluginJar : add freertos
2023-11-06 13:12:06,158 [INFO] IPUIPlugin:80 - create IPUIPlugin
2023-11-06 13:12:06,158 [INFO] PluginManager:220 - loadIPPluginJar : add gic
2023-11-06 13:12:06,168 [INFO] IPUIPlugin:80 - create IPUIPlugin
2023-11-06 13:12:06,169 [INFO] PluginManager:220 - loadIPPluginJar : add adc
2023-11-06 13:12:06,173 [INFO] IPUIPlugin:80 - create IPUIPlugin
2023-11-06 13:12:06,173 [INFO] PluginManager:220 - loadIPPluginJar : add gtzc
2023-11-06 13:12:06,174 [INFO] IPUIPlugin:80 - create IPUIPlugin
2023-11-06 13:12:06,175 [INFO] PluginManager:220 - loadIPPluginJar : add quadspi
2023-11-06 13:12:06,177 [INFO] IPUIPlugin:80 - create IPUIPlugin
2023-11-06 13:12:06,177 [INFO] PluginManager:220 - loadIPPluginJar : add aes
2023-11-06 13:12:06,181 [INFO] IPUIPlugin:80 - create IPUIPlugin
2023-11-06 13:12:06,181 [INFO] PluginManager:220 - loadIPPluginJar : add pdm2pcm
2023-11-06 13:12:06,183 [INFO] IPUIPlugin:80 - create IPUIPlugin
2023-11-06 13:12:06,183 [INFO] PluginManager:220 - loadIPPluginJar : add hash
2023-11-06 13:12:06,186 [INFO] IPUIPlugin:80 - create IPUIPlugin
2023-11-06 13:12:06,186 [INFO] PluginManager:220 - loadIPPluginJar : add tim
2023-11-06 13:12:06,188 [INFO] IPUIPlugin:80 - create IPUIPlugin
2023-11-06 13:12:06,188 [INFO] PluginManager:220 - loadIPPluginJar : add tsc
2023-11-06 13:12:06,190 [INFO] IPUIPlugin:80 - create IPUIPlugin
2023-11-06 13:12:06,190 [INFO] PluginManager:220 - loadIPPluginJar : add ts
2023-11-06 13:12:06,192 [INFO] IPUIPlugin:80 - create IPUIPlugin
2023-11-06 13:12:06,192 [INFO] PluginManager:220 - loadIPPluginJar : add can
2023-11-06 13:12:06,196 [INFO] IPUIPlugin:80 - create IPUIPlugin
2023-11-06 13:12:06,196 [INFO] PluginManager:220 - loadIPPluginJar : add dma3
2023-11-06 13:12:06,198 [INFO] IPUIPlugin:80 - create IPUIPlugin
2023-11-06 13:12:06,198 [INFO] PluginManager:220 - loadIPPluginJar : add dfsdm
2023-11-06 13:12:06,199 [INFO] IPUIPlugin:80 - create IPUIPlugin
2023-11-06 13:12:06,199 [INFO] PluginManager:220 - loadIPPluginJar : add spi
2023-11-06 13:12:06,201 [INFO] IPUIPlugin:80 - create IPUIPlugin
2023-11-06 13:12:06,201 [INFO] PluginManager:220 - loadIPPluginJar : add gfxmmu
2023-11-06 13:12:06,202 [INFO] IPUIPlugin:80 - create IPUIPlugin
2023-11-06 13:12:06,202 [INFO] PluginManager:220 - loadIPPluginJar : add genericplugin
2023-11-06 13:12:06,206 [INFO] IPUIPlugin:80 - create IPUIPlugin
2023-11-06 13:12:06,207 [INFO] PluginManager:220 - loadIPPluginJar : add cryp
2023-11-06 13:12:06,210 [INFO] IPUIPlugin:80 - create IPUIPlugin
2023-11-06 13:12:06,210 [INFO] PluginManager:220 - loadIPPluginJar : add gpio
2023-11-06 13:12:06,212 [INFO] IPUIPlugin:80 - create IPUIPlugin
2023-11-06 13:12:06,213 [INFO] PluginManager:220 - loadIPPluginJar : add comp
2023-11-06 13:12:06,218 [INFO] IPUIPlugin:80 - create IPUIPlugin
2023-11-06 13:12:06,218 [INFO] PluginManager:220 - loadIPPluginJar : add tracer_emb
2023-11-06 13:12:06,222 [INFO] IPUIPlugin:80 - create IPUIPlugin
2023-11-06 13:12:06,223 [INFO] PluginManager:220 - loadIPPluginJar : add openamp
2023-11-06 13:12:06,228 [INFO] IPUIPlugin:80 - create IPUIPlugin
2023-11-06 13:12:06,228 [INFO] PluginManager:220 - loadIPPluginJar : add stm32_wpan
2023-11-06 13:12:06,234 [INFO] IPUIPlugin:80 - create IPUIPlugin
2023-11-06 13:12:06,237 [INFO] PluginManager:220 - loadIPPluginJar : add plateformsettings
2023-11-06 13:12:06,241 [INFO] IPUIPlugin:80 - create IPUIPlugin
2023-11-06 13:12:06,242 [INFO] PluginManager:220 - loadIPPluginJar : add ipddr
2023-11-06 13:12:06,247 [INFO] IPUIPlugin:80 - create IPUIPlugin
2023-11-06 13:12:06,247 [INFO] PluginManager:220 - loadIPPluginJar : add usart
2023-11-06 13:12:06,249 [INFO] IPUIPlugin:80 - create IPUIPlugin
2023-11-06 13:12:06,249 [INFO] PluginManager:220 - loadIPPluginJar : add ltdc
2023-11-06 13:12:06,253 [INFO] IPUIPlugin:80 - create IPUIPlugin
2023-11-06 13:12:06,253 [INFO] PluginManager:220 - loadIPPluginJar : add nvic
2023-11-06 13:12:06,254 [INFO] IPUIPlugin:80 - create IPUIPlugin
2023-11-06 13:12:06,254 [INFO] PluginManager:220 - loadIPPluginJar : add fatfs
2023-11-06 13:12:06,261 [INFO] IPUIPlugin:80 - create IPUIPlugin
2023-11-06 13:12:06,261 [INFO] PluginManager:220 - loadIPPluginJar : add linkedlist
2023-11-06 13:12:06,266 [INFO] IPUIPlugin:80 - create IPUIPlugin
2023-11-06 13:12:06,266 [INFO] PluginManager:220 - loadIPPluginJar : add dma
2023-11-06 13:12:06,270 [INFO] IPUIPlugin:80 - create IPUIPlugin
2023-11-06 13:12:06,271 [INFO] PluginManager:220 - loadIPPluginJar : add fmc
2023-11-06 13:12:06,273 [INFO] IPUIPlugin:80 - create IPUIPlugin
2023-11-06 13:12:06,274 [INFO] PluginManager:220 - loadIPPluginJar : add i2s
2023-11-06 13:12:06,275 [INFO] IPUIPlugin:80 - create IPUIPlugin
2023-11-06 13:12:06,275 [INFO] PluginManager:220 - loadIPPluginJar : add ucpd
2023-11-06 13:12:06,278 [INFO] IPUIPlugin:80 - create IPUIPlugin
2023-11-06 13:12:06,278 [INFO] PluginManager:220 - loadIPPluginJar : add lorawan
2023-11-06 13:12:06,280 [INFO] IPUIPlugin:80 - create IPUIPlugin
2023-11-06 13:12:06,280 [INFO] PluginManager:220 - loadIPPluginJar : add opamp
2023-11-06 13:12:06,283 [INFO] IPUIPlugin:80 - create IPUIPlugin
2023-11-06 13:12:06,283 [INFO] PluginManager:220 - loadIPPluginJar : add i3c
2023-11-06 13:12:06,286 [INFO] IPUIPlugin:80 - create IPUIPlugin
2023-11-06 13:12:06,287 [INFO] PluginManager:220 - loadIPPluginJar : add touchsensing
2023-11-06 13:12:06,290 [INFO] IPUIPlugin:80 - create IPUIPlugin
2023-11-06 13:12:06,290 [INFO] PluginManager:220 - loadIPPluginJar : add i2c
2023-11-06 13:12:06,294 [INFO] IPUIPlugin:80 - create IPUIPlugin
2023-11-06 13:12:06,294 [INFO] PluginManager:220 - loadIPPluginJar : add resmgrutility
2023-11-06 13:12:06,297 [INFO] IPUIPlugin:80 - create IPUIPlugin
2023-11-06 13:12:06,298 [INFO] PluginManager:220 - loadIPPluginJar : add sai
2023-11-06 13:12:06,301 [INFO] IPUIPlugin:80 - create IPUIPlugin
2023-11-06 13:12:06,302 [INFO] PluginManager:220 - loadIPPluginJar : add usbx
2023-11-06 13:12:06,435 [INFO] CADModel:165 - CPN selected for project level
2023-11-06 13:12:06,436 [INFO] CADModel:114 - Register for checkConnection events
2023-11-06 13:12:06,437 [FATAL] Updater:308 - Updater called before beeing initialized
2023-11-06 13:12:06,437 [ERROR] CADModel:125 - Updater not yet initialized, retry later 
2023-11-06 13:12:06,723 [INFO] CADModel:165 - CPN selected for project level
2023-11-06 13:12:06,724 [INFO] CADModel:114 - Register for checkConnection events
2023-11-06 13:12:06,725 [FATAL] Updater:308 - Updater called before beeing initialized
2023-11-06 13:12:06,726 [ERROR] CADModel:125 - Updater not yet initialized, retry later 
2023-11-06 13:12:06,733 [FATAL] Updater:308 - Updater called before beeing initialized
2023-11-06 13:12:07,190 [FATAL] Updater:308 - Updater called before beeing initialized
2023-11-06 13:12:07,214 [INFO] DbMcusAds:53 - JSON generation date=Tue Mar 07 09:50:55 CET 2023 (1678179055335)
2023-11-06 13:12:07,215 [FATAL] Updater:308 - Updater called before beeing initialized
2023-11-06 13:12:07,310 [WARN] DetailPanel:346 - Failed to get advertising image, set to default
2023-11-06 13:12:07,431 [FATAL] Updater:308 - Updater called before beeing initialized
2023-11-06 13:12:07,433 [FATAL] Updater:308 - Updater called before beeing initialized
2023-11-06 13:12:07,433 [FATAL] Updater:308 - Updater called before beeing initialized
2023-11-06 13:12:07,433 [WARN] DetailPanel:346 - Failed to get advertising image, set to default
2023-11-06 13:12:07,435 [FATAL] Updater:308 - Updater called before beeing initialized
2023-11-06 13:12:07,549 [ERROR] Updater:1120 - MainUpdater not yet initialized. External WinMGr cannot be set.
2023-11-06 13:12:07,617 [INFO] Updater:1056 - Updater Version found : 6.9.2
2023-11-06 13:12:07,638 [INFO] ApplicationProperties:184 - Using Application install path: /Applications/STM32CubeIDE.app/Contents/Eclipse/plugins/com.st.stm32cube.common.mx_6.9.2.202309101412
2023-11-06 13:12:07,917 [INFO] MainUpdater:2868 - connection check result : 10
2023-11-06 13:12:07,919 [INFO] MainUpdater:285 - Updater Check For Update Now.
2023-11-06 13:12:07,919 [INFO] MicroXplorer:498 - Change Database Version : DB.6.0.92
2023-11-06 13:12:07,926 [INFO] McuFinderGlobals:63 - Set McuFinder mode to 2 (CubeIDE integrated)
2023-11-06 13:12:07,928 [INFO] UserAuth:179 - activating auth plugin
2023-11-06 13:12:07,946 [INFO] UserAuth:393 - Internet connection configuration mode: 1
2023-11-06 13:12:07,964 [INFO] JxBrowserEngine:151 - Initiate JxBrowser Engine with user profile folder
2023-11-06 13:12:08,243 [INFO] CheckServerUpdateThread:120 - End of CheckServer Thread
2023-11-06 13:12:08,463 [WARN] PackLoader:240 - Cannot read IP mode file for STMicroelectronics.X-CUBE-SMBUS.2.1.0
2023-11-06 13:12:08,628 [WARN] PackLoader:240 - Cannot read IP mode file for STMicroelectronics.X-CUBE-AZRTOS-F7.1.1.0
2023-11-06 13:12:08,686 [WARN] PackLoader:240 - Cannot read IP mode file for STMicroelectronics.FP-SNS-MOTENV1.4.3.2
2023-11-06 13:12:08,732 [WARN] PackLoader:240 - Cannot read IP mode file for STMicroelectronics.X-CUBE-BLE1.6.2.4
2023-11-06 13:12:08,749 [WARN] PackLoader:240 - Cannot read IP mode file for STMicroelectronics.FP-SNS-FLIGHT1.5.0.2
2023-11-06 13:12:08,768 [WARN] PackLoader:240 - Cannot read IP mode file for STMicroelectronics.X-CUBE-DISPLAY.3.0.0
2023-11-06 13:12:08,819 [WARN] PackLoader:240 - Cannot read IP mode file for STMicroelectronics.X-CUBE-BLE1.7.0.0
2023-11-06 13:12:08,835 [WARN] PackLoader:240 - Cannot read IP mode file for STMicroelectronics.X-CUBE-TOUCHGFX.4.22.1
2023-11-06 13:12:08,845 [WARN] PackLoader:240 - Cannot read IP mode file for STMicroelectronics.FP-SNS-SMARTAG2.1.2.0
2023-11-06 13:12:08,871 [INFO] LogOutputStream:77 - [STDOUT_REDIRECT] 1 : Invalid condition id : UX_CORESTACK_Condition cause : null
2023-11-06 13:12:08,872 [INFO] LogOutputStream:77 - [STDOUT_REDIRECT] 1 : Invalid condition id : UX_CORESTACK_Condition cause : null
2023-11-06 13:12:08,873 [INFO] LogOutputStream:77 - [STDOUT_REDIRECT] 1 : Invalid condition id : UX_CORESTACK_Condition cause : null
2023-11-06 13:12:08,873 [INFO] LogOutputStream:77 - [STDOUT_REDIRECT] 1 : Invalid condition id : UX_CORESTACK_Condition cause : null
2023-11-06 13:12:08,873 [INFO] LogOutputStream:77 - [STDOUT_REDIRECT] 1 : Invalid condition id : UX_CORESTACK_Condition cause : null
2023-11-06 13:12:08,883 [WARN] PackLoader:240 - Cannot read IP mode file for STMicroelectronics.X-CUBE-AZRTOS-WL.2.0.0
2023-11-06 13:12:08,925 [WARN] PackLoader:240 - Cannot read IP mode file for WES.I-CUBE-Cesium.1.3.0
2023-11-06 13:12:08,963 [WARN] PackLoader:240 - Cannot read IP mode file for STMicroelectronics.X-CUBE-BLE2.3.3.0
2023-11-06 13:12:08,989 [WARN] PackLoader:240 - Cannot read IP mode file for STMicroelectronics.X-CUBE-TOUCHGFX.4.21.3
2023-11-06 13:12:09,043 [WARN] PackLoader:240 - Cannot read IP mode file for STMicroelectronics.X-CUBE-ALGOBUILD.1.3.0
2023-11-06 13:12:09,163 [WARN] PackLoader:240 - Cannot read IP mode file for STMicroelectronics.X-CUBE-AZRTOS-G0.1.1.0
2023-11-06 13:12:09,252 [WARN] PackLoader:240 - Cannot read IP mode file for STMicroelectronics.X-CUBE-NFC4.3.0.0
2023-11-06 13:12:09,358 [WARN] PackLoader:240 - Cannot read IP mode file for STMicroelectronics.X-CUBE-BLEMGR.3.0.0
2023-11-06 13:12:09,430 [WARN] PackLoader:240 - Cannot read IP mode file for STMicroelectronics.FP-ATR-SIGFOX1.3.2.0
2023-11-06 13:12:09,717 [WARN] PackLoader:240 - Cannot read IP mode file for STMicroelectronics.X-CUBE-MEMS1.9.5.0
2023-11-06 13:12:10,741 [WARN] PackLoader:240 - Cannot read IP mode file for SEGGER.I-CUBE-embOS.1.3.1
2023-11-06 13:12:11,033 [WARN] PackLoader:240 - Cannot read IP mode file for STMicroelectronics.X-CUBE-GNSS1.6.0.0
2023-11-06 13:12:11,300 [WARN] PackLoader:240 - Cannot read IP mode file for STMicroelectronics.X-CUBE-AZRTOS-F4.1.1.0
2023-11-06 13:12:11,362 [WARN] PackLoader:240 - Cannot read IP mode file for wolfSSL.I-CUBE-wolfSSL.5.6.0
2023-11-06 13:12:11,437 [WARN] PackLoader:240 - Cannot read IP mode file for STMicroelectronics.X-CUBE-AZRTOS-L5.2.0.0
2023-11-06 13:12:11,493 [WARN] PackLoader:240 - Cannot read IP mode file for STMicroelectronics.X-CUBE-EEPRMA1.4.2.0
2023-11-06 13:12:11,521 [WARN] PackLoader:240 - Cannot read IP mode file for ITTIA_DB.I-CUBE-ITTIADB.8.8.0
2023-11-06 13:12:11,540 [WARN] PackLoader:240 - Cannot read IP mode file for emotas.I-CUBE-CANOPEN.1.1.3
2023-11-06 13:12:11,572 [WARN] PackLoader:240 - Cannot read IP mode file for STMicroelectronics.X-CUBE-BLEMGR.2.0.0
2023-11-06 13:12:11,634 [WARN] ConditionMgr:438 - getConditionDescription Invalid condition id : UX DEVICE CLASS RTOS Condition cause : null
2023-11-06 13:12:11,635 [WARN] ConditionMgr:438 - getConditionDescription Invalid condition id : UX DEVICE CLASS RTOS Condition cause : null
2023-11-06 13:12:11,644 [WARN] PackLoader:240 - Cannot read IP mode file for STMicroelectronics.X-CUBE-AZRTOS-H7.3.1.0
2023-11-06 13:12:11,648 [WARN] ConditionMgr:1039 - genDependencies : Invalid condition id : UX DEVICE CLASS RTOS Condition cause : null
2023-11-06 13:12:11,649 [WARN] ConditionMgr:1039 - genDependencies : Invalid condition id : UX DEVICE CLASS RTOS Condition cause : null
2023-11-06 13:12:11,651 [WARN] ConditionMgr:1039 - genDependencies : Invalid condition id : UX DEVICE CLASS RTOS Condition cause : null
2023-11-06 13:12:11,652 [WARN] ConditionMgr:1039 - genDependencies : Invalid condition id : UX DEVICE CLASS RTOS Condition cause : null
2023-11-06 13:12:11,652 [WARN] ConditionMgr:1039 - genDependencies : Invalid condition id : UX DEVICE CLASS RTOS Condition cause : null
2023-11-06 13:12:11,680 [WARN] PackLoader:240 - Cannot read IP mode file for STMicroelectronics.X-CUBE-NFC7.1.0.1
2023-11-06 13:12:11,712 [WARN] PackLoader:240 - Cannot read IP mode file for STMicroelectronics.X-CUBE-NFC7.1.0.0
2023-11-06 13:12:11,731 [WARN] PackLoader:240 - Cannot read IP mode file for STMicroelectronics.X-CUBE-NFC6.3.0.0
2023-11-06 13:12:11,746 [WARN] PackLoader:240 - Cannot read IP mode file for STMicroelectronics.X-CUBE-EEPRMA1.4.1.0
2023-11-06 13:12:11,761 [WARN] PackLoader:240 - Cannot read IP mode file for STMicroelectronics.X-CUBE-AI.8.1.0
2023-11-06 13:12:11,802 [WARN] ConditionMgr:438 - getConditionDescription Invalid condition id : LAN8742 Phy interface Condition cause : null
2023-11-06 13:12:11,804 [WARN] PackLoader:240 - Cannot read IP mode file for STMicroelectronics.X-CUBE-AZRTOS-L4.2.0.0
2023-11-06 13:12:11,808 [WARN] ConditionMgr:1039 - genDependencies : Invalid condition id : LAN8742 Phy interface Condition cause : null
2023-11-06 13:12:11,809 [WARN] ConditionMgr:1039 - genDependencies : Invalid condition id : LAN8742 Phy interface Condition cause : null
2023-11-06 13:12:11,811 [WARN] ConditionMgr:1039 - genDependencies : Invalid condition id : LAN8742 Phy interface Condition cause : null
2023-11-06 13:12:11,832 [WARN] PackLoader:240 - Cannot read IP mode file for STMicroelectronics.X-CUBE-SFXS2LP1.4.0.0
2023-11-06 13:12:11,876 [WARN] PackLoader:240 - Cannot read IP mode file for STMicroelectronics.X-CUBE-AZRTOS-H7.3.0.0
2023-11-06 13:12:11,904 [WARN] PackLoader:240 - Cannot read IP mode file for STMicroelectronics.X-CUBE-ISPU.1.1.0
2023-11-06 13:12:11,996 [WARN] PackLoader:240 - Cannot read IP mode file for RoweBots.I-CUBE-UNISONRTOS.5.5.0-4
2023-11-06 13:12:12,039 [WARN] PackLoader:240 - Cannot read IP mode file for STMicroelectronics.X-CUBE-AI.8.0.0
2023-11-06 13:12:12,077 [WARN] ConditionMgr:438 - getConditionDescription Invalid condition id : UX DEVICE CLASS RTOS Condition cause : null
2023-11-06 13:12:12,078 [WARN] ConditionMgr:438 - getConditionDescription Invalid condition id : UX DEVICE CLASS RTOS Condition cause : null
2023-11-06 13:12:12,084 [WARN] PackLoader:240 - Cannot read IP mode file for STMicroelectronics.X-CUBE-AZRTOS-WB.2.0.0
2023-11-06 13:12:12,087 [WARN] ConditionMgr:1039 - genDependencies : Invalid condition id : UX DEVICE CLASS RTOS Condition cause : null
2023-11-06 13:12:12,087 [WARN] ConditionMgr:1039 - genDependencies : Invalid condition id : UX DEVICE CLASS RTOS Condition cause : null
2023-11-06 13:12:12,088 [WARN] ConditionMgr:1039 - genDependencies : Invalid condition id : UX DEVICE CLASS RTOS Condition cause : null
2023-11-06 13:12:12,088 [WARN] ConditionMgr:1039 - genDependencies : Invalid condition id : UX DEVICE CLASS RTOS Condition cause : null
2023-11-06 13:12:12,089 [WARN] ConditionMgr:1039 - genDependencies : Invalid condition id : UX DEVICE CLASS RTOS Condition cause : null
2023-11-06 13:12:12,115 [WARN] PackLoader:240 - Cannot read IP mode file for STMicroelectronics.X-CUBE-FREERTOS.1.0.0
2023-11-06 13:12:12,143 [WARN] PackLoader:240 - Cannot read IP mode file for STMicroelectronics.X-CUBE-AZRTOS-L5.1.1.0
2023-11-06 13:12:12,169 [WARN] PackLoader:240 - Cannot read IP mode file for STMicroelectronics.X-CUBE-SUBG2.5.0.0
2023-11-06 13:12:12,201 [WARN] PackLoader:240 - Cannot read IP mode file for STMicroelectronics.X-CUBE-TOF1.3.3.1
2023-11-06 13:12:12,236 [WARN] PackLoader:240 - Cannot read IP mode file for STMicroelectronics.X-CUBE-AZRTOS-G4.2.0.0
2023-11-06 13:12:12,259 [WARN] PackLoader:240 - Cannot read IP mode file for STMicroelectronics.X-CUBE-TOF1.3.3.0
2023-11-06 13:12:12,275 [WARN] PackLoader:240 - Cannot read IP mode file for STMicroelectronics.FP-ATR-ASTRA1.1.1.1
2023-11-06 13:12:12,295 [WARN] PackLoader:240 - Cannot read IP mode file for Infineon.AIROC-Wi-Fi-Bluetooth-STM32.1.5.1
2023-11-06 13:12:12,321 [WARN] PackLoader:240 - Cannot read IP mode file for STMicroelectronics.X-CUBE-AZRTOS-G4.1.0.0
2023-11-06 13:12:12,373 [WARN] PackLoader:240 - Cannot read IP mode file for STMicroelectronics.X-CUBE-AZRTOS-L4.1.0.0
2023-11-06 13:12:12,476 [WARN] PackLoader:240 - Cannot read IP mode file for STMicroelectronics.X-CUBE-MEMS1.10.0.0
2023-11-06 13:12:12,744 [WARN] PackLoader:240 - Cannot read IP mode file for STMicroelectronics.X-CUBE-FREERTOS.1.1.0
2023-11-06 13:12:12,767 [WARN] PackLoader:240 - Cannot read IP mode file for STMicroelectronics.X-CUBE-AZRTOS-WL.1.0.0
2023-11-06 13:12:12,779 [WARN] PackLoader:240 - Cannot read IP mode file for portGmbH.I-Cube-SoM-uGOAL.1.1.0
2023-11-06 13:12:12,786 [WARN] PackLoader:240 - Cannot read IP mode file for STMicroelectronics.X-CUBE-ALS.1.0.1
2023-11-06 13:12:12,808 [WARN] PackLoader:240 - Cannot read IP mode file for STMicroelectronics.X-CUBE-AZRTOS-WB.1.1.0
2023-11-06 13:12:12,831 [WARN] PackLoader:240 - Cannot read IP mode file for STMicroelectronics.FP-ATR-ASTRA1.2.0.0
2023-11-06 13:12:12,843 [INFO] ThirdParty:978 - Integrity check success = true
2023-11-06 13:12:12,843 [INFO] IntegrityCheckThread:100 - exiting critical section [integrity check]
2023-11-06 13:12:12,843 [INFO] IntegrityCheckThread:103 - End integrity checks thread
2023-11-06 13:12:14,099 [INFO] WebApp:157 - Instantiating new browser for Auth
2023-11-06 13:12:15,702 [INFO] WebApp:753 - Register for checkConnection events
2023-11-06 13:12:15,703 [INFO] WebApp:390 - Apply proxy settings
2023-11-06 13:12:15,724 [INFO] WebApp:455 - Chromium authenticates against System proxy
2023-11-06 13:12:15,971 [INFO] WebApp:188 - Starting web application
2023-11-06 13:12:15,971 [INFO] WebApp:520 - Web application path used /Applications/STM32CubeIDE.app/Contents/Eclipse/plugins/com.st.stm32cube.common.mx_6.9.2.202309101412/db/plugins/mcufinder/reactClient1/index.html
2023-11-06 13:12:37,991 [ERROR] LogOutputStream:75 - [STDERR_REDIRECT] SLF4J: Failed to load class "org.slf4j.impl.StaticLoggerBinder".
2023-11-06 13:12:37,993 [ERROR] LogOutputStream:75 - [STDERR_REDIRECT] SLF4J: Defaulting to no-operation (NOP) logger implementation
2023-11-06 13:12:37,993 [ERROR] LogOutputStream:75 - [STDERR_REDIRECT] SLF4J: See http://www.slf4j.org/codes.html#StaticLoggerBinder for further details.
