2023-11-09 10:55:49,317 [INFO] Activator:176 - 


2023-11-09 10:55:49,325 [INFO] Activator:177 - !SESSION log4j initialized
2023-11-09 10:55:57,593 [ERROR] LogOutputStream:75 - [STDERR_REDIRECT] 
2023-11-09 10:55:59,229 [INFO] LogOutputStream:77 - [STDOUT_REDIRECT] 
2023-11-09 10:56:00,848 [INFO] LogOutputStream:77 - [STDOUT_REDIRECT] 
2023-11-09 10:56:04,247 [INFO] ApplicationProperties:184 - Using Application install path: /Applications/STM32CubeIDE.app/Contents/Eclipse/plugins/com.st.stm32cube.common.mx_6.9.2.202309101412
2023-11-09 10:56:04,289 [INFO] DbMcusXml:78 - Set database path to: /Applications/STM32CubeIDE.app/Contents/Eclipse/plugins/com.st.stm32cube.common.mx_6.9.2.202309101412//db//mcu/
2023-11-09 10:56:04,290 [INFO] ApiDb:274 - Set plugin database path to: /Applications/STM32CubeIDE.app/Contents/Eclipse/plugins/com.st.stm32cube.common.mx_6.9.2.202309101412//db//plugins/boardmanager/
2023-11-09 10:56:04,292 [WARN] ApiDb:259 - Overriding images path with different value:  => /Applications/STM32CubeIDE.app/Contents/Eclipse/plugins/com.st.stm32cube.common.mx_6.9.2.202309101412//db//plugins/mcufinder/images/
2023-11-09 10:56:04,330 [INFO] ApiDb:250 - Set database path to: /Users/thomas/.stmcufinder/plugins/mcufinder//mcu/
2023-11-09 10:56:04,332 [INFO] DbMcusAds:125 - Set database path to: /Users/thomas/.stmcufinder/plugins/mcufinder//mcu/
2023-11-09 10:56:04,334 [INFO] CrossReferenceDbSqlite:203 - Set database path to: /Users/thomas/.stmcufinder/plugins/mcufinder//mcu/cs/
2023-11-09 10:56:04,532 [INFO] RulesReader:64 - Compatibility file has been processed (293 Rules)
2023-11-09 10:56:04,632 [INFO] DbMcusXml:78 - Set database path to: /Applications/STM32CubeIDE.app/Contents/Eclipse/plugins/com.st.stm32cube.common.mx_6.9.2.202309101412//db//mcu/
2023-11-09 10:56:04,633 [INFO] ApiDb:274 - Set plugin database path to: /Applications/STM32CubeIDE.app/Contents/Eclipse/plugins/com.st.stm32cube.common.mx_6.9.2.202309101412//db//plugins/boardmanager/
2023-11-09 10:56:04,633 [INFO] ApiDb:261 - Set plugin images path to: /Applications/STM32CubeIDE.app/Contents/Eclipse/plugins/com.st.stm32cube.common.mx_6.9.2.202309101412//db//plugins/mcufinder/images/
2023-11-09 10:56:04,634 [WARN] DbFile:41 - Overriding database path with different value: /Users/thomas/.stmcufinder/plugins/mcufinder/ => /Users/thomas/.stmcufinder/plugins/mcufinder
2023-11-09 10:56:04,634 [INFO] ApiDb:250 - Set database path to: /Users/thomas/.stmcufinder/plugins/mcufinder//mcu/
2023-11-09 10:56:04,634 [WARN] DbFile:41 - Overriding database path with different value: /Users/thomas/.stmcufinder/plugins/mcufinder/ => /Users/thomas/.stmcufinder/plugins/mcufinder
2023-11-09 10:56:04,634 [INFO] DbMcusAds:125 - Set database path to: /Users/thomas/.stmcufinder/plugins/mcufinder//mcu/
2023-11-09 10:56:04,634 [WARN] DbFile:41 - Overriding database path with different value: /Users/thomas/.stmcufinder/plugins/mcufinder/ => /Users/thomas/.stmcufinder/plugins/mcufinder
2023-11-09 10:56:04,634 [WARN] DbFile:41 - Overriding database path with different value: /Users/thomas/.stmcufinder/plugins/mcufinder/ => /Users/thomas/.stmcufinder/plugins/mcufinder
2023-11-09 10:56:04,635 [INFO] CrossReferenceDbSqlite:203 - Set database path to: /Users/thomas/.stmcufinder/plugins/mcufinder//mcu/cs/
2023-11-09 10:56:04,807 [INFO] MainPanel:262 - HeapMemory: 268435456
2023-11-09 10:56:04,937 [INFO] DbMcusXml:78 - Set database path to: /Applications/STM32CubeIDE.app/Contents/Eclipse/plugins/com.st.stm32cube.common.mx_6.9.2.202309101412//db//mcu/
2023-11-09 10:56:04,938 [INFO] ApiDb:274 - Set plugin database path to: /Applications/STM32CubeIDE.app/Contents/Eclipse/plugins/com.st.stm32cube.common.mx_6.9.2.202309101412//db//plugins/boardmanager/
2023-11-09 10:56:04,938 [INFO] ApiDb:261 - Set plugin images path to: /Applications/STM32CubeIDE.app/Contents/Eclipse/plugins/com.st.stm32cube.common.mx_6.9.2.202309101412//db//plugins/mcufinder/images/
2023-11-09 10:56:04,939 [WARN] DbFile:41 - Overriding database path with different value: /Users/thomas/.stmcufinder/plugins/mcufinder/ => /Users/thomas/.stmcufinder/plugins/mcufinder
2023-11-09 10:56:04,939 [INFO] ApiDb:250 - Set database path to: /Users/thomas/.stmcufinder/plugins/mcufinder//mcu/
2023-11-09 10:56:04,939 [WARN] DbFile:41 - Overriding database path with different value: /Users/thomas/.stmcufinder/plugins/mcufinder/ => /Users/thomas/.stmcufinder/plugins/mcufinder
2023-11-09 10:56:04,939 [INFO] DbMcusAds:125 - Set database path to: /Users/thomas/.stmcufinder/plugins/mcufinder//mcu/
2023-11-09 10:56:04,939 [WARN] DbFile:41 - Overriding database path with different value: /Users/thomas/.stmcufinder/plugins/mcufinder/ => /Users/thomas/.stmcufinder/plugins/mcufinder
2023-11-09 10:56:04,939 [WARN] DbFile:41 - Overriding database path with different value: /Users/thomas/.stmcufinder/plugins/mcufinder/ => /Users/thomas/.stmcufinder/plugins/mcufinder
2023-11-09 10:56:04,939 [INFO] CrossReferenceDbSqlite:203 - Set database path to: /Users/thomas/.stmcufinder/plugins/mcufinder//mcu/cs/
2023-11-09 10:56:04,960 [INFO] ApplicationProperties:184 - Using Application install path: /Applications/STM32CubeIDE.app/Contents/Eclipse/plugins/com.st.stm32cube.common.mx_6.9.2.202309101412
2023-11-09 10:56:04,962 [INFO] PluginManage:196 - Search for loadable plugins [exclusion list=, ]
2023-11-09 10:56:04,966 [INFO] PluginManage:310 - Check plugin analytics
2023-11-09 10:56:05,280 [INFO] AnalyticsPlugin:253 - Accepted Software Licenses: 
2023-11-09 10:56:05,281 [INFO] AnalyticsPlugin:255 - Accepted CMSIS Pack Licenses: 
2023-11-09 10:56:05,281 [INFO] AnalyticsPlugin:257 - Accepted Firmware Licenses: FW.L4.1.18.0
2023-11-09 10:56:05,293 [INFO] PluginManage:359 - Loaded plugin analytics (category:tool,tabindex:-1)
2023-11-09 10:56:05,295 [INFO] PluginManage:310 - Check plugin cadmodel
2023-11-09 10:56:05,844 [INFO] CADModel:105 - Init CAD model plugin
2023-11-09 10:56:05,845 [INFO] PluginManage:359 - Loaded plugin cadmodel (category:power,tabindex:5)
2023-11-09 10:56:05,846 [INFO] PluginManage:310 - Check plugin clock
2023-11-09 10:56:05,868 [INFO] PluginManage:359 - Loaded plugin clock (category:base,tabindex:2)
2023-11-09 10:56:05,868 [INFO] PluginManage:310 - Check plugin ddr
2023-11-09 10:56:05,872 [INFO] PluginManage:359 - Loaded plugin ddr (category:tool,tabindex:6)
2023-11-09 10:56:05,873 [INFO] PluginManage:310 - Check plugin filemanager
2023-11-09 10:56:06,101 [INFO] PluginManage:359 - Loaded plugin filemanager (category:base,tabindex:10)
2023-11-09 10:56:06,102 [INFO] PluginManage:310 - Check plugin ipmanager
2023-11-09 10:56:06,113 [INFO] PluginManage:359 - Loaded plugin ipmanager (category:base,tabindex:5)
2023-11-09 10:56:06,113 [INFO] PluginManage:310 - Check plugin lpbam
2023-11-09 10:56:06,125 [INFO] PluginManage:359 - Loaded plugin lpbam (category:base,tabindex:0)
2023-11-09 10:56:06,125 [INFO] PluginManage:310 - Check plugin memorymap
2023-11-09 10:56:06,140 [INFO] PluginManage:359 - Loaded plugin memorymap (category:base,tabindex:4)
2023-11-09 10:56:06,140 [INFO] PluginManage:310 - Check plugin pinoutandconfiguration
2023-11-09 10:56:06,151 [INFO] PluginManage:359 - Loaded plugin pinoutandconfiguration (category:base,tabindex:1)
2023-11-09 10:56:06,151 [INFO] PluginManage:310 - Check plugin pinoutconfig
2023-11-09 10:56:06,285 [WARN] SupportedApi:132 - Cannot load RTOS API schema: s4s-elt-must-match.1: The content of 'definitions' must match (annotation?, (simpleType | complexType)?, (unique | key | keyref)*)). A problem was found starting at: attribute.
2023-11-09 10:56:06,506 [INFO] PluginManage:359 - Loaded plugin pinoutconfig (category:base,tabindex:0)
2023-11-09 10:56:06,506 [INFO] PluginManage:310 - Check plugin power
2023-11-09 10:56:06,527 [INFO] PluginManage:359 - Loaded plugin power (category:power,tabindex:4)
2023-11-09 10:56:06,527 [INFO] PluginManage:310 - Check plugin projectmanager
2023-11-09 10:56:06,567 [INFO] PluginManage:359 - Loaded plugin projectmanager (category:projectmanager,tabindex:3)
2023-11-09 10:56:06,568 [INFO] PluginManage:310 - Check plugin thirdparty
2023-11-09 10:56:06,768 [INFO] PluginManage:359 - Loaded plugin thirdparty (category:base,tabindex:-1)
2023-11-09 10:56:06,768 [INFO] PluginManage:310 - Check plugin tools
2023-11-09 10:56:06,768 [WARN] IntegrityCheckThread:84 - waiting for thirdparty lock release [integrity check]
2023-11-09 10:56:06,771 [INFO] IntegrityCheckThread:86 - entering critical section [integrity check]
2023-11-09 10:56:06,772 [INFO] ThirdPartyUpdaterWithRetryManager:70 - Updater plugin not ready yet. [1/15]
2023-11-09 10:56:06,773 [INFO] PluginManage:359 - Loaded plugin tools (category:base,tabindex:7)
2023-11-09 10:56:06,774 [INFO] PluginManage:310 - Check plugin tutovideos
2023-11-09 10:56:06,995 [INFO] PluginManage:359 - Loaded plugin tutovideos (category:base,tabindex:-1)
2023-11-09 10:56:06,996 [INFO] PluginManage:310 - Check plugin updater
2023-11-09 10:56:07,012 [INFO] PluginManage:359 - Loaded plugin updater (category:base,tabindex:12)
2023-11-09 10:56:07,012 [INFO] PluginManage:310 - Check plugin userauth
2023-11-09 10:56:07,019 [INFO] UserAuth:113 - Init User Auth plugin
2023-11-09 10:56:07,020 [INFO] PluginManage:359 - Loaded plugin userauth (category:base,tabindex:14)
2023-11-09 10:56:07,020 [INFO] PluginManage:283 - PluginManage : Loaded plugins [17]
2023-11-09 10:56:07,392 [INFO] PinOutPanel:1499 - setPackage(No Configuration,No Configuration)
2023-11-09 10:56:07,576 [INFO] CADModel:165 - CPN selected for project level
2023-11-09 10:56:07,577 [INFO] CADModel:114 - Register for checkConnection events
2023-11-09 10:56:07,605 [INFO] IPUIPlugin:80 - create IPUIPlugin
2023-11-09 10:56:07,607 [INFO] PluginManager:220 - loadIPPluginJar : add mdma
2023-11-09 10:56:07,619 [INFO] IPUIPlugin:80 - create IPUIPlugin
2023-11-09 10:56:07,620 [INFO] PluginManager:220 - loadIPPluginJar : add freertos
2023-11-09 10:56:07,626 [INFO] IPUIPlugin:80 - create IPUIPlugin
2023-11-09 10:56:07,626 [INFO] PluginManager:220 - loadIPPluginJar : add gic
2023-11-09 10:56:07,637 [INFO] IPUIPlugin:80 - create IPUIPlugin
2023-11-09 10:56:07,638 [INFO] PluginManager:220 - loadIPPluginJar : add adc
2023-11-09 10:56:07,643 [INFO] IPUIPlugin:80 - create IPUIPlugin
2023-11-09 10:56:07,643 [INFO] PluginManager:220 - loadIPPluginJar : add gtzc
2023-11-09 10:56:07,645 [INFO] IPUIPlugin:80 - create IPUIPlugin
2023-11-09 10:56:07,645 [INFO] PluginManager:220 - loadIPPluginJar : add quadspi
2023-11-09 10:56:07,647 [INFO] IPUIPlugin:80 - create IPUIPlugin
2023-11-09 10:56:07,648 [INFO] PluginManager:220 - loadIPPluginJar : add aes
2023-11-09 10:56:07,651 [INFO] IPUIPlugin:80 - create IPUIPlugin
2023-11-09 10:56:07,651 [INFO] PluginManager:220 - loadIPPluginJar : add pdm2pcm
2023-11-09 10:56:07,654 [INFO] IPUIPlugin:80 - create IPUIPlugin
2023-11-09 10:56:07,654 [INFO] PluginManager:220 - loadIPPluginJar : add hash
2023-11-09 10:56:07,656 [INFO] IPUIPlugin:80 - create IPUIPlugin
2023-11-09 10:56:07,657 [INFO] PluginManager:220 - loadIPPluginJar : add tim
2023-11-09 10:56:07,659 [INFO] IPUIPlugin:80 - create IPUIPlugin
2023-11-09 10:56:07,659 [INFO] PluginManager:220 - loadIPPluginJar : add tsc
2023-11-09 10:56:07,661 [INFO] IPUIPlugin:80 - create IPUIPlugin
2023-11-09 10:56:07,662 [INFO] PluginManager:220 - loadIPPluginJar : add ts
2023-11-09 10:56:07,666 [INFO] IPUIPlugin:80 - create IPUIPlugin
2023-11-09 10:56:07,666 [INFO] PluginManager:220 - loadIPPluginJar : add can
2023-11-09 10:56:07,670 [INFO] IPUIPlugin:80 - create IPUIPlugin
2023-11-09 10:56:07,670 [INFO] PluginManager:220 - loadIPPluginJar : add dma3
2023-11-09 10:56:07,671 [INFO] IPUIPlugin:80 - create IPUIPlugin
2023-11-09 10:56:07,672 [INFO] PluginManager:220 - loadIPPluginJar : add dfsdm
2023-11-09 10:56:07,673 [INFO] IPUIPlugin:80 - create IPUIPlugin
2023-11-09 10:56:07,673 [INFO] PluginManager:220 - loadIPPluginJar : add spi
2023-11-09 10:56:07,675 [INFO] IPUIPlugin:80 - create IPUIPlugin
2023-11-09 10:56:07,675 [INFO] PluginManager:220 - loadIPPluginJar : add gfxmmu
2023-11-09 10:56:07,677 [INFO] IPUIPlugin:80 - create IPUIPlugin
2023-11-09 10:56:07,678 [INFO] PluginManager:220 - loadIPPluginJar : add genericplugin
2023-11-09 10:56:07,679 [INFO] IPUIPlugin:80 - create IPUIPlugin
2023-11-09 10:56:07,679 [INFO] PluginManager:220 - loadIPPluginJar : add cryp
2023-11-09 10:56:07,683 [INFO] IPUIPlugin:80 - create IPUIPlugin
2023-11-09 10:56:07,683 [INFO] PluginManager:220 - loadIPPluginJar : add gpio
2023-11-09 10:56:07,684 [INFO] IPUIPlugin:80 - create IPUIPlugin
2023-11-09 10:56:07,684 [INFO] PluginManager:220 - loadIPPluginJar : add comp
2023-11-09 10:56:07,690 [INFO] IPUIPlugin:80 - create IPUIPlugin
2023-11-09 10:56:07,690 [INFO] PluginManager:220 - loadIPPluginJar : add tracer_emb
2023-11-09 10:56:07,692 [INFO] IPUIPlugin:80 - create IPUIPlugin
2023-11-09 10:56:07,693 [INFO] PluginManager:220 - loadIPPluginJar : add openamp
2023-11-09 10:56:07,697 [INFO] IPUIPlugin:80 - create IPUIPlugin
2023-11-09 10:56:07,697 [INFO] PluginManager:220 - loadIPPluginJar : add stm32_wpan
2023-11-09 10:56:07,702 [INFO] IPUIPlugin:80 - create IPUIPlugin
2023-11-09 10:56:07,720 [INFO] PluginManager:220 - loadIPPluginJar : add plateformsettings
2023-11-09 10:56:07,724 [INFO] IPUIPlugin:80 - create IPUIPlugin
2023-11-09 10:56:07,724 [INFO] PluginManager:220 - loadIPPluginJar : add ipddr
2023-11-09 10:56:07,727 [INFO] IPUIPlugin:80 - create IPUIPlugin
2023-11-09 10:56:07,727 [INFO] PluginManager:220 - loadIPPluginJar : add usart
2023-11-09 10:56:07,728 [INFO] IPUIPlugin:80 - create IPUIPlugin
2023-11-09 10:56:07,729 [INFO] PluginManager:220 - loadIPPluginJar : add ltdc
2023-11-09 10:56:07,732 [INFO] IPUIPlugin:80 - create IPUIPlugin
2023-11-09 10:56:07,732 [INFO] PluginManager:220 - loadIPPluginJar : add nvic
2023-11-09 10:56:07,735 [INFO] IPUIPlugin:80 - create IPUIPlugin
2023-11-09 10:56:07,735 [INFO] PluginManager:220 - loadIPPluginJar : add fatfs
2023-11-09 10:56:07,743 [INFO] IPUIPlugin:80 - create IPUIPlugin
2023-11-09 10:56:07,743 [INFO] PluginManager:220 - loadIPPluginJar : add linkedlist
2023-11-09 10:56:07,747 [INFO] IPUIPlugin:80 - create IPUIPlugin
2023-11-09 10:56:07,747 [INFO] PluginManager:220 - loadIPPluginJar : add dma
2023-11-09 10:56:07,751 [INFO] IPUIPlugin:80 - create IPUIPlugin
2023-11-09 10:56:07,751 [INFO] PluginManager:220 - loadIPPluginJar : add fmc
2023-11-09 10:56:07,753 [INFO] IPUIPlugin:80 - create IPUIPlugin
2023-11-09 10:56:07,753 [INFO] PluginManager:220 - loadIPPluginJar : add i2s
2023-11-09 10:56:07,754 [INFO] IPUIPlugin:80 - create IPUIPlugin
2023-11-09 10:56:07,754 [INFO] PluginManager:220 - loadIPPluginJar : add ucpd
2023-11-09 10:56:07,757 [INFO] IPUIPlugin:80 - create IPUIPlugin
2023-11-09 10:56:07,757 [INFO] PluginManager:220 - loadIPPluginJar : add lorawan
2023-11-09 10:56:07,759 [INFO] IPUIPlugin:80 - create IPUIPlugin
2023-11-09 10:56:07,759 [INFO] PluginManager:220 - loadIPPluginJar : add opamp
2023-11-09 10:56:07,760 [INFO] IPUIPlugin:80 - create IPUIPlugin
2023-11-09 10:56:07,761 [INFO] PluginManager:220 - loadIPPluginJar : add i3c
2023-11-09 10:56:07,763 [INFO] IPUIPlugin:80 - create IPUIPlugin
2023-11-09 10:56:07,763 [INFO] PluginManager:220 - loadIPPluginJar : add touchsensing
2023-11-09 10:56:07,765 [INFO] IPUIPlugin:80 - create IPUIPlugin
2023-11-09 10:56:07,765 [INFO] PluginManager:220 - loadIPPluginJar : add i2c
2023-11-09 10:56:07,767 [INFO] IPUIPlugin:80 - create IPUIPlugin
2023-11-09 10:56:07,767 [INFO] PluginManager:220 - loadIPPluginJar : add resmgrutility
2023-11-09 10:56:07,769 [INFO] IPUIPlugin:80 - create IPUIPlugin
2023-11-09 10:56:07,769 [INFO] PluginManager:220 - loadIPPluginJar : add sai
2023-11-09 10:56:07,771 [INFO] IPUIPlugin:80 - create IPUIPlugin
2023-11-09 10:56:07,771 [INFO] PluginManager:220 - loadIPPluginJar : add usbx
2023-11-09 10:56:07,939 [INFO] CADModel:165 - CPN selected for project level
2023-11-09 10:56:07,940 [INFO] CADModel:114 - Register for checkConnection events
2023-11-09 10:56:07,941 [FATAL] Updater:308 - Updater called before beeing initialized
2023-11-09 10:56:07,941 [ERROR] CADModel:125 - Updater not yet initialized, retry later 
2023-11-09 10:56:08,290 [INFO] CADModel:165 - CPN selected for project level
2023-11-09 10:56:08,290 [INFO] CADModel:114 - Register for checkConnection events
2023-11-09 10:56:08,291 [FATAL] Updater:308 - Updater called before beeing initialized
2023-11-09 10:56:08,291 [ERROR] CADModel:125 - Updater not yet initialized, retry later 
2023-11-09 10:56:08,295 [FATAL] Updater:308 - Updater called before beeing initialized
2023-11-09 10:56:08,521 [FATAL] Updater:308 - Updater called before beeing initialized
2023-11-09 10:56:08,531 [INFO] DbMcusAds:53 - JSON generation date=Tue Mar 07 09:50:55 CET 2023 (1678179055335)
2023-11-09 10:56:08,532 [FATAL] Updater:308 - Updater called before beeing initialized
2023-11-09 10:56:08,625 [WARN] DetailPanel:346 - Failed to get advertising image, set to default
2023-11-09 10:56:08,778 [FATAL] Updater:308 - Updater called before beeing initialized
2023-11-09 10:56:08,784 [FATAL] Updater:308 - Updater called before beeing initialized
2023-11-09 10:56:08,784 [FATAL] Updater:308 - Updater called before beeing initialized
2023-11-09 10:56:08,784 [WARN] DetailPanel:346 - Failed to get advertising image, set to default
2023-11-09 10:56:08,789 [FATAL] Updater:308 - Updater called before beeing initialized
2023-11-09 10:56:09,047 [ERROR] Updater:1120 - MainUpdater not yet initialized. External WinMGr cannot be set.
2023-11-09 10:56:09,121 [INFO] Updater:1056 - Updater Version found : 6.9.2
2023-11-09 10:56:09,141 [INFO] ApplicationProperties:184 - Using Application install path: /Applications/STM32CubeIDE.app/Contents/Eclipse/plugins/com.st.stm32cube.common.mx_6.9.2.202309101412
2023-11-09 10:56:09,502 [INFO] MainUpdater:2868 - connection check result : 10
2023-11-09 10:56:09,502 [INFO] MainUpdater:3562 - Updater definition file requires update
2023-11-09 10:56:09,503 [INFO] MainUpdater:285 - Updater Check For Update Now.
2023-11-09 10:56:09,504 [INFO] MicroXplorer:498 - Change Database Version : DB.6.0.92
2023-11-09 10:56:09,511 [INFO] McuFinderGlobals:63 - Set McuFinder mode to 2 (CubeIDE integrated)
2023-11-09 10:56:09,511 [INFO] UserAuth:179 - activating auth plugin
2023-11-09 10:56:09,517 [INFO] UserAuth:393 - Internet connection configuration mode: 1
2023-11-09 10:56:09,534 [INFO] JxBrowserEngine:151 - Initiate JxBrowser Engine with user profile folder
2023-11-09 10:56:09,537 [INFO] ServerAccessManage:473 - Download File updaters.zip
2023-11-09 10:56:09,711 [INFO] FileExtend:240 - Unzip File : updaters.zip
2023-11-09 10:56:09,711 [INFO] FileExtend:255 - Standard Zip Deflate
2023-11-09 10:56:09,778 [WARN] MainUpdater:1189 - Updater busy. Cannot search thirdparties
2023-11-09 10:56:09,788 [INFO] ThirdPartyUpdaterWithRetryManager:96 - Updater plugin is busy. [1/15]
2023-11-09 10:56:10,253 [INFO] ServerAccessManage:473 - Download File PacksControlFlags.xml
2023-11-09 10:56:10,447 [INFO] ServerAccessManage:473 - Download File cubemx.pidx
2023-11-09 10:56:11,167 [INFO] ServerAccessManage:473 - Download File STMicroelectronics.FP-SNS-MOTENVWB1.pdsc
2023-11-09 10:56:12,808 [WARN] MainUpdater:1189 - Updater busy. Cannot search thirdparties
2023-11-09 10:56:12,813 [INFO] ThirdPartyUpdaterWithRetryManager:96 - Updater plugin is busy. [2/15]
2023-11-09 10:56:13,032 [WARN] PackLoader:240 - Cannot read IP mode file for STMicroelectronics.FP-SNS-MOTENVWB1.1.3.0
2023-11-09 10:56:13,064 [INFO] PopulateThirdPartyThread:66 - Ending populate Thread
2023-11-09 10:56:13,073 [INFO] ThirdParty:1030 - CMSIS Pack Vendor :STMicroelectronics FP-SNS-MOTENVWB1 1.3.0
2023-11-09 10:56:13,073 [INFO] LoadServerUpdatesThread:373 - End of LoadServerUpdate Thread
2023-11-09 10:56:13,233 [INFO] CheckServerUpdateThread:120 - End of CheckServer Thread
2023-11-09 10:56:15,803 [INFO] WebApp:157 - Instantiating new browser for Auth
2023-11-09 10:56:16,014 [WARN] PackLoader:240 - Cannot read IP mode file for STMicroelectronics.X-CUBE-SMBUS.2.1.0
2023-11-09 10:56:16,089 [WARN] PackLoader:240 - Cannot read IP mode file for STMicroelectronics.X-CUBE-AZRTOS-F7.1.1.0
2023-11-09 10:56:16,170 [WARN] PackLoader:240 - Cannot read IP mode file for STMicroelectronics.FP-SNS-MOTENV1.4.3.2
2023-11-09 10:56:16,270 [WARN] PackLoader:240 - Cannot read IP mode file for STMicroelectronics.X-CUBE-BLE1.6.2.4
2023-11-09 10:56:16,306 [WARN] PackLoader:240 - Cannot read IP mode file for STMicroelectronics.FP-SNS-FLIGHT1.5.0.2
2023-11-09 10:56:16,345 [WARN] PackLoader:240 - Cannot read IP mode file for STMicroelectronics.X-CUBE-DISPLAY.3.0.0
2023-11-09 10:56:16,403 [WARN] PackLoader:240 - Cannot read IP mode file for STMicroelectronics.X-CUBE-BLE1.7.0.0
2023-11-09 10:56:16,461 [WARN] PackLoader:240 - Cannot read IP mode file for STMicroelectronics.X-CUBE-TOUCHGFX.4.22.1
2023-11-09 10:56:16,482 [WARN] PackLoader:240 - Cannot read IP mode file for STMicroelectronics.FP-SNS-SMARTAG2.1.2.0
2023-11-09 10:56:16,583 [INFO] LogOutputStream:77 - [STDOUT_REDIRECT] 1 : Invalid condition id : UX_CORESTACK_Condition cause : null
2023-11-09 10:56:16,592 [INFO] LogOutputStream:77 - [STDOUT_REDIRECT] 1 : Invalid condition id : UX_CORESTACK_Condition cause : null
2023-11-09 10:56:16,594 [INFO] LogOutputStream:77 - [STDOUT_REDIRECT] 1 : Invalid condition id : UX_CORESTACK_Condition cause : null
2023-11-09 10:56:16,596 [INFO] LogOutputStream:77 - [STDOUT_REDIRECT] 1 : Invalid condition id : UX_CORESTACK_Condition cause : null
2023-11-09 10:56:16,600 [INFO] LogOutputStream:77 - [STDOUT_REDIRECT] 1 : Invalid condition id : UX_CORESTACK_Condition cause : null
2023-11-09 10:56:16,658 [WARN] PackLoader:240 - Cannot read IP mode file for STMicroelectronics.X-CUBE-AZRTOS-WL.2.0.0
2023-11-09 10:56:16,832 [WARN] PackLoader:240 - Cannot read IP mode file for WES.I-CUBE-Cesium.1.3.0
2023-11-09 10:56:16,924 [WARN] PackLoader:240 - Cannot read IP mode file for STMicroelectronics.X-CUBE-BLE2.3.3.0
2023-11-09 10:56:16,965 [WARN] PackLoader:240 - Cannot read IP mode file for STMicroelectronics.X-CUBE-TOUCHGFX.4.21.3
2023-11-09 10:56:16,994 [WARN] PackLoader:240 - Cannot read IP mode file for STMicroelectronics.X-CUBE-ALGOBUILD.1.3.0
2023-11-09 10:56:17,094 [WARN] PackLoader:240 - Cannot read IP mode file for STMicroelectronics.X-CUBE-AZRTOS-G0.1.1.0
2023-11-09 10:56:17,209 [WARN] PackLoader:240 - Cannot read IP mode file for STMicroelectronics.X-CUBE-NFC4.3.0.0
2023-11-09 10:56:17,395 [WARN] PackLoader:240 - Cannot read IP mode file for STMicroelectronics.X-CUBE-BLEMGR.3.0.0
2023-11-09 10:56:17,446 [WARN] PackLoader:240 - Cannot read IP mode file for STMicroelectronics.FP-ATR-SIGFOX1.3.2.0
2023-11-09 10:56:17,617 [WARN] PackLoader:240 - Cannot read IP mode file for STMicroelectronics.X-CUBE-MEMS1.9.5.0
2023-11-09 10:56:18,010 [INFO] WebApp:753 - Register for checkConnection events
2023-11-09 10:56:18,011 [INFO] WebApp:390 - Apply proxy settings
2023-11-09 10:56:18,035 [INFO] WebApp:455 - Chromium authenticates against System proxy
2023-11-09 10:56:18,046 [WARN] PackLoader:240 - Cannot read IP mode file for SEGGER.I-CUBE-embOS.1.3.1
2023-11-09 10:56:18,173 [WARN] PackLoader:240 - Cannot read IP mode file for STMicroelectronics.X-CUBE-GNSS1.6.0.0
2023-11-09 10:56:18,233 [WARN] PackLoader:240 - Cannot read IP mode file for STMicroelectronics.X-CUBE-AZRTOS-F4.1.1.0
2023-11-09 10:56:18,252 [WARN] PackLoader:240 - Cannot read IP mode file for wolfSSL.I-CUBE-wolfSSL.5.6.0
2023-11-09 10:56:18,298 [WARN] PackLoader:240 - Cannot read IP mode file for STMicroelectronics.X-CUBE-AZRTOS-L5.2.0.0
2023-11-09 10:56:18,317 [WARN] PackLoader:240 - Cannot read IP mode file for STMicroelectronics.X-CUBE-EEPRMA1.4.2.0
2023-11-09 10:56:18,360 [WARN] PackLoader:240 - Cannot read IP mode file for ITTIA_DB.I-CUBE-ITTIADB.8.8.0
2023-11-09 10:56:18,377 [WARN] PackLoader:240 - Cannot read IP mode file for emotas.I-CUBE-CANOPEN.1.1.3
2023-11-09 10:56:18,384 [INFO] WebApp:188 - Starting web application
2023-11-09 10:56:18,384 [INFO] WebApp:520 - Web application path used /Applications/STM32CubeIDE.app/Contents/Eclipse/plugins/com.st.stm32cube.common.mx_6.9.2.202309101412/db/plugins/mcufinder/reactClient1/index.html
2023-11-09 10:56:18,406 [WARN] PackLoader:240 - Cannot read IP mode file for STMicroelectronics.X-CUBE-BLEMGR.2.0.0
2023-11-09 10:56:18,452 [WARN] ConditionMgr:438 - getConditionDescription Invalid condition id : UX DEVICE CLASS RTOS Condition cause : null
2023-11-09 10:56:18,453 [WARN] ConditionMgr:438 - getConditionDescription Invalid condition id : UX DEVICE CLASS RTOS Condition cause : null
2023-11-09 10:56:18,464 [WARN] PackLoader:240 - Cannot read IP mode file for STMicroelectronics.X-CUBE-AZRTOS-H7.3.1.0
2023-11-09 10:56:18,469 [WARN] ConditionMgr:1039 - genDependencies : Invalid condition id : UX DEVICE CLASS RTOS Condition cause : null
2023-11-09 10:56:18,470 [WARN] ConditionMgr:1039 - genDependencies : Invalid condition id : UX DEVICE CLASS RTOS Condition cause : null
2023-11-09 10:56:18,472 [WARN] ConditionMgr:1039 - genDependencies : Invalid condition id : UX DEVICE CLASS RTOS Condition cause : null
2023-11-09 10:56:18,474 [WARN] ConditionMgr:1039 - genDependencies : Invalid condition id : UX DEVICE CLASS RTOS Condition cause : null
2023-11-09 10:56:18,474 [WARN] ConditionMgr:1039 - genDependencies : Invalid condition id : UX DEVICE CLASS RTOS Condition cause : null
2023-11-09 10:56:18,500 [WARN] PackLoader:240 - Cannot read IP mode file for STMicroelectronics.X-CUBE-NFC7.1.0.1
2023-11-09 10:56:18,514 [WARN] PackLoader:240 - Cannot read IP mode file for STMicroelectronics.X-CUBE-NFC7.1.0.0
2023-11-09 10:56:18,531 [WARN] PackLoader:240 - Cannot read IP mode file for STMicroelectronics.X-CUBE-NFC6.3.0.0
2023-11-09 10:56:18,547 [WARN] PackLoader:240 - Cannot read IP mode file for STMicroelectronics.X-CUBE-EEPRMA1.4.1.0
2023-11-09 10:56:18,558 [WARN] PackLoader:240 - Cannot read IP mode file for STMicroelectronics.X-CUBE-AI.8.1.0
2023-11-09 10:56:18,598 [WARN] ConditionMgr:438 - getConditionDescription Invalid condition id : LAN8742 Phy interface Condition cause : null
2023-11-09 10:56:18,602 [WARN] PackLoader:240 - Cannot read IP mode file for STMicroelectronics.X-CUBE-AZRTOS-L4.2.0.0
2023-11-09 10:56:18,609 [WARN] ConditionMgr:1039 - genDependencies : Invalid condition id : LAN8742 Phy interface Condition cause : null
2023-11-09 10:56:18,610 [WARN] ConditionMgr:1039 - genDependencies : Invalid condition id : LAN8742 Phy interface Condition cause : null
2023-11-09 10:56:18,612 [WARN] ConditionMgr:1039 - genDependencies : Invalid condition id : LAN8742 Phy interface Condition cause : null
2023-11-09 10:56:18,625 [WARN] PackLoader:240 - Cannot read IP mode file for STMicroelectronics.X-CUBE-SFXS2LP1.4.0.0
2023-11-09 10:56:18,672 [WARN] PackLoader:240 - Cannot read IP mode file for STMicroelectronics.X-CUBE-AZRTOS-H7.3.0.0
2023-11-09 10:56:18,696 [WARN] PackLoader:240 - Cannot read IP mode file for STMicroelectronics.X-CUBE-ISPU.1.1.0
2023-11-09 10:56:18,712 [WARN] PackLoader:240 - Cannot read IP mode file for RoweBots.I-CUBE-UNISONRTOS.5.5.0-4
2023-11-09 10:56:18,723 [WARN] PackLoader:240 - Cannot read IP mode file for STMicroelectronics.X-CUBE-AI.8.0.0
2023-11-09 10:56:18,746 [WARN] ConditionMgr:438 - getConditionDescription Invalid condition id : UX DEVICE CLASS RTOS Condition cause : null
2023-11-09 10:56:18,747 [WARN] ConditionMgr:438 - getConditionDescription Invalid condition id : UX DEVICE CLASS RTOS Condition cause : null
2023-11-09 10:56:18,754 [WARN] PackLoader:240 - Cannot read IP mode file for STMicroelectronics.X-CUBE-AZRTOS-WB.2.0.0
2023-11-09 10:56:18,756 [WARN] ConditionMgr:1039 - genDependencies : Invalid condition id : UX DEVICE CLASS RTOS Condition cause : null
2023-11-09 10:56:18,756 [WARN] ConditionMgr:1039 - genDependencies : Invalid condition id : UX DEVICE CLASS RTOS Condition cause : null
2023-11-09 10:56:18,758 [WARN] ConditionMgr:1039 - genDependencies : Invalid condition id : UX DEVICE CLASS RTOS Condition cause : null
2023-11-09 10:56:18,758 [WARN] ConditionMgr:1039 - genDependencies : Invalid condition id : UX DEVICE CLASS RTOS Condition cause : null
2023-11-09 10:56:18,759 [WARN] ConditionMgr:1039 - genDependencies : Invalid condition id : UX DEVICE CLASS RTOS Condition cause : null
2023-11-09 10:56:18,777 [WARN] PackLoader:240 - Cannot read IP mode file for STMicroelectronics.X-CUBE-FREERTOS.1.0.0
2023-11-09 10:56:18,810 [WARN] PackLoader:240 - Cannot read IP mode file for STMicroelectronics.X-CUBE-AZRTOS-L5.1.1.0
2023-11-09 10:56:18,839 [WARN] PackLoader:240 - Cannot read IP mode file for STMicroelectronics.X-CUBE-SUBG2.5.0.0
2023-11-09 10:56:18,882 [WARN] PackLoader:240 - Cannot read IP mode file for STMicroelectronics.X-CUBE-TOF1.3.3.1
2023-11-09 10:56:18,928 [WARN] PackLoader:240 - Cannot read IP mode file for STMicroelectronics.X-CUBE-AZRTOS-G4.2.0.0
2023-11-09 10:56:18,955 [WARN] PackLoader:240 - Cannot read IP mode file for STMicroelectronics.X-CUBE-TOF1.3.3.0
2023-11-09 10:56:18,982 [WARN] PackLoader:240 - Cannot read IP mode file for STMicroelectronics.FP-ATR-ASTRA1.1.1.1
2023-11-09 10:56:19,020 [WARN] PackLoader:240 - Cannot read IP mode file for Infineon.AIROC-Wi-Fi-Bluetooth-STM32.1.5.1
2023-11-09 10:56:19,055 [WARN] PackLoader:240 - Cannot read IP mode file for STMicroelectronics.FP-SNS-MOTENVWB1.1.3.0
2023-11-09 10:56:19,196 [WARN] PackLoader:240 - Cannot read IP mode file for STMicroelectronics.X-CUBE-AZRTOS-G4.1.0.0
2023-11-09 10:56:19,618 [WARN] PackLoader:240 - Cannot read IP mode file for STMicroelectronics.X-CUBE-AZRTOS-L4.1.0.0
2023-11-09 10:56:19,993 [WARN] PackLoader:240 - Cannot read IP mode file for STMicroelectronics.X-CUBE-MEMS1.10.0.0
2023-11-09 10:56:20,237 [WARN] PackLoader:240 - Cannot read IP mode file for STMicroelectronics.X-CUBE-FREERTOS.1.1.0
2023-11-09 10:56:20,257 [WARN] PackLoader:240 - Cannot read IP mode file for STMicroelectronics.X-CUBE-AZRTOS-WL.1.0.0
2023-11-09 10:56:20,275 [WARN] PackLoader:240 - Cannot read IP mode file for portGmbH.I-Cube-SoM-uGOAL.1.1.0
2023-11-09 10:56:20,285 [WARN] PackLoader:240 - Cannot read IP mode file for STMicroelectronics.X-CUBE-ALS.1.0.1
2023-11-09 10:56:20,317 [WARN] PackLoader:240 - Cannot read IP mode file for STMicroelectronics.X-CUBE-AZRTOS-WB.1.1.0
2023-11-09 10:56:20,335 [WARN] PackLoader:240 - Cannot read IP mode file for STMicroelectronics.FP-ATR-ASTRA1.2.0.0
2023-11-09 10:56:20,342 [INFO] ThirdParty:978 - Integrity check success = true
2023-11-09 10:56:20,342 [INFO] IntegrityCheckThread:100 - exiting critical section [integrity check]
2023-11-09 10:56:20,342 [INFO] IntegrityCheckThread:103 - End integrity checks thread
2023-11-09 10:56:41,287 [ERROR] LogOutputStream:75 - [STDERR_REDIRECT] SLF4J: Failed to load class "org.slf4j.impl.StaticLoggerBinder".
2023-11-09 10:56:41,291 [ERROR] LogOutputStream:75 - [STDERR_REDIRECT] SLF4J: Defaulting to no-operation (NOP) logger implementation
2023-11-09 10:56:41,292 [ERROR] LogOutputStream:75 - [STDERR_REDIRECT] SLF4J: See http://www.slf4j.org/codes.html#StaticLoggerBinder for further details.
2023-11-09 12:19:05,407 [ERROR] LogOutputStream:75 - [STDERR_REDIRECT] 
2023-11-09 14:17:01,537 [INFO] Activator:176 - 


2023-11-09 14:17:01,540 [INFO] Activator:177 - !SESSION log4j initialized
2023-11-09 14:17:10,138 [ERROR] LogOutputStream:75 - [STDERR_REDIRECT] 
2023-11-09 14:17:13,595 [INFO] LogOutputStream:77 - [STDOUT_REDIRECT] 
2023-11-09 14:17:15,207 [INFO] ApplicationProperties:184 - Using Application install path: /Applications/STM32CubeIDE.app/Contents/Eclipse/plugins/com.st.stm32cube.common.mx_6.9.2.202309101412
2023-11-09 14:17:15,231 [INFO] DbMcusXml:78 - Set database path to: /Applications/STM32CubeIDE.app/Contents/Eclipse/plugins/com.st.stm32cube.common.mx_6.9.2.202309101412//db//mcu/
2023-11-09 14:17:15,231 [INFO] ApiDb:274 - Set plugin database path to: /Applications/STM32CubeIDE.app/Contents/Eclipse/plugins/com.st.stm32cube.common.mx_6.9.2.202309101412//db//plugins/boardmanager/
2023-11-09 14:17:15,232 [WARN] ApiDb:259 - Overriding images path with different value:  => /Applications/STM32CubeIDE.app/Contents/Eclipse/plugins/com.st.stm32cube.common.mx_6.9.2.202309101412//db//plugins/mcufinder/images/
2023-11-09 14:17:15,262 [INFO] ApiDb:250 - Set database path to: /Users/thomas/.stmcufinder/plugins/mcufinder//mcu/
2023-11-09 14:17:15,264 [INFO] DbMcusAds:125 - Set database path to: /Users/thomas/.stmcufinder/plugins/mcufinder//mcu/
2023-11-09 14:17:15,266 [INFO] CrossReferenceDbSqlite:203 - Set database path to: /Users/thomas/.stmcufinder/plugins/mcufinder//mcu/cs/
2023-11-09 14:17:15,443 [INFO] RulesReader:64 - Compatibility file has been processed (293 Rules)
2023-11-09 14:17:15,533 [INFO] DbMcusXml:78 - Set database path to: /Applications/STM32CubeIDE.app/Contents/Eclipse/plugins/com.st.stm32cube.common.mx_6.9.2.202309101412//db//mcu/
2023-11-09 14:17:15,534 [INFO] ApiDb:274 - Set plugin database path to: /Applications/STM32CubeIDE.app/Contents/Eclipse/plugins/com.st.stm32cube.common.mx_6.9.2.202309101412//db//plugins/boardmanager/
2023-11-09 14:17:15,535 [INFO] ApiDb:261 - Set plugin images path to: /Applications/STM32CubeIDE.app/Contents/Eclipse/plugins/com.st.stm32cube.common.mx_6.9.2.202309101412//db//plugins/mcufinder/images/
2023-11-09 14:17:15,536 [WARN] DbFile:41 - Overriding database path with different value: /Users/thomas/.stmcufinder/plugins/mcufinder/ => /Users/thomas/.stmcufinder/plugins/mcufinder
2023-11-09 14:17:15,537 [INFO] ApiDb:250 - Set database path to: /Users/thomas/.stmcufinder/plugins/mcufinder//mcu/
2023-11-09 14:17:15,537 [WARN] DbFile:41 - Overriding database path with different value: /Users/thomas/.stmcufinder/plugins/mcufinder/ => /Users/thomas/.stmcufinder/plugins/mcufinder
2023-11-09 14:17:15,537 [INFO] DbMcusAds:125 - Set database path to: /Users/thomas/.stmcufinder/plugins/mcufinder//mcu/
2023-11-09 14:17:15,537 [WARN] DbFile:41 - Overriding database path with different value: /Users/thomas/.stmcufinder/plugins/mcufinder/ => /Users/thomas/.stmcufinder/plugins/mcufinder
2023-11-09 14:17:15,537 [WARN] DbFile:41 - Overriding database path with different value: /Users/thomas/.stmcufinder/plugins/mcufinder/ => /Users/thomas/.stmcufinder/plugins/mcufinder
2023-11-09 14:17:15,537 [INFO] CrossReferenceDbSqlite:203 - Set database path to: /Users/thomas/.stmcufinder/plugins/mcufinder//mcu/cs/
2023-11-09 14:17:15,655 [INFO] MainPanel:262 - HeapMemory: 268435456
2023-11-09 14:17:15,767 [INFO] DbMcusXml:78 - Set database path to: /Applications/STM32CubeIDE.app/Contents/Eclipse/plugins/com.st.stm32cube.common.mx_6.9.2.202309101412//db//mcu/
2023-11-09 14:17:15,767 [INFO] ApiDb:274 - Set plugin database path to: /Applications/STM32CubeIDE.app/Contents/Eclipse/plugins/com.st.stm32cube.common.mx_6.9.2.202309101412//db//plugins/boardmanager/
2023-11-09 14:17:15,767 [INFO] ApiDb:261 - Set plugin images path to: /Applications/STM32CubeIDE.app/Contents/Eclipse/plugins/com.st.stm32cube.common.mx_6.9.2.202309101412//db//plugins/mcufinder/images/
2023-11-09 14:17:15,768 [WARN] DbFile:41 - Overriding database path with different value: /Users/thomas/.stmcufinder/plugins/mcufinder/ => /Users/thomas/.stmcufinder/plugins/mcufinder
2023-11-09 14:17:15,768 [INFO] ApiDb:250 - Set database path to: /Users/thomas/.stmcufinder/plugins/mcufinder//mcu/
2023-11-09 14:17:15,768 [WARN] DbFile:41 - Overriding database path with different value: /Users/thomas/.stmcufinder/plugins/mcufinder/ => /Users/thomas/.stmcufinder/plugins/mcufinder
2023-11-09 14:17:15,768 [INFO] DbMcusAds:125 - Set database path to: /Users/thomas/.stmcufinder/plugins/mcufinder//mcu/
2023-11-09 14:17:15,768 [WARN] DbFile:41 - Overriding database path with different value: /Users/thomas/.stmcufinder/plugins/mcufinder/ => /Users/thomas/.stmcufinder/plugins/mcufinder
2023-11-09 14:17:15,768 [WARN] DbFile:41 - Overriding database path with different value: /Users/thomas/.stmcufinder/plugins/mcufinder/ => /Users/thomas/.stmcufinder/plugins/mcufinder
2023-11-09 14:17:15,768 [INFO] CrossReferenceDbSqlite:203 - Set database path to: /Users/thomas/.stmcufinder/plugins/mcufinder//mcu/cs/
2023-11-09 14:17:15,797 [INFO] ApplicationProperties:184 - Using Application install path: /Applications/STM32CubeIDE.app/Contents/Eclipse/plugins/com.st.stm32cube.common.mx_6.9.2.202309101412
2023-11-09 14:17:15,798 [INFO] PluginManage:196 - Search for loadable plugins [exclusion list=, ]
2023-11-09 14:17:15,801 [INFO] PluginManage:310 - Check plugin analytics
2023-11-09 14:17:16,102 [INFO] AnalyticsPlugin:253 - Accepted Software Licenses: 
2023-11-09 14:17:16,102 [INFO] AnalyticsPlugin:255 - Accepted CMSIS Pack Licenses: 
2023-11-09 14:17:16,102 [INFO] AnalyticsPlugin:257 - Accepted Firmware Licenses: FW.L4.1.18.0
2023-11-09 14:17:16,109 [INFO] PluginManage:359 - Loaded plugin analytics (category:tool,tabindex:-1)
2023-11-09 14:17:16,114 [INFO] PluginManage:310 - Check plugin cadmodel
2023-11-09 14:17:16,591 [INFO] CADModel:105 - Init CAD model plugin
2023-11-09 14:17:16,592 [INFO] PluginManage:359 - Loaded plugin cadmodel (category:power,tabindex:5)
2023-11-09 14:17:16,592 [INFO] PluginManage:310 - Check plugin clock
2023-11-09 14:17:16,610 [INFO] PluginManage:359 - Loaded plugin clock (category:base,tabindex:2)
2023-11-09 14:17:16,612 [INFO] PluginManage:310 - Check plugin ddr
2023-11-09 14:17:16,616 [INFO] PluginManage:359 - Loaded plugin ddr (category:tool,tabindex:6)
2023-11-09 14:17:16,616 [INFO] PluginManage:310 - Check plugin filemanager
2023-11-09 14:17:16,806 [INFO] PluginManage:359 - Loaded plugin filemanager (category:base,tabindex:10)
2023-11-09 14:17:16,806 [INFO] PluginManage:310 - Check plugin ipmanager
2023-11-09 14:17:16,815 [INFO] PluginManage:359 - Loaded plugin ipmanager (category:base,tabindex:5)
2023-11-09 14:17:16,815 [INFO] PluginManage:310 - Check plugin lpbam
2023-11-09 14:17:16,825 [INFO] PluginManage:359 - Loaded plugin lpbam (category:base,tabindex:0)
2023-11-09 14:17:16,825 [INFO] PluginManage:310 - Check plugin memorymap
2023-11-09 14:17:16,837 [INFO] PluginManage:359 - Loaded plugin memorymap (category:base,tabindex:4)
2023-11-09 14:17:16,837 [INFO] PluginManage:310 - Check plugin pinoutandconfiguration
2023-11-09 14:17:16,844 [INFO] PluginManage:359 - Loaded plugin pinoutandconfiguration (category:base,tabindex:1)
2023-11-09 14:17:16,844 [INFO] PluginManage:310 - Check plugin pinoutconfig
2023-11-09 14:17:16,960 [WARN] SupportedApi:132 - Cannot load RTOS API schema: s4s-elt-must-match.1: The content of 'definitions' must match (annotation?, (simpleType | complexType)?, (unique | key | keyref)*)). A problem was found starting at: attribute.
2023-11-09 14:17:17,164 [INFO] PluginManage:359 - Loaded plugin pinoutconfig (category:base,tabindex:0)
2023-11-09 14:17:17,165 [INFO] PluginManage:310 - Check plugin power
2023-11-09 14:17:17,179 [INFO] PluginManage:359 - Loaded plugin power (category:power,tabindex:4)
2023-11-09 14:17:17,179 [INFO] PluginManage:310 - Check plugin projectmanager
2023-11-09 14:17:17,214 [INFO] PluginManage:359 - Loaded plugin projectmanager (category:projectmanager,tabindex:3)
2023-11-09 14:17:17,214 [INFO] PluginManage:310 - Check plugin thirdparty
2023-11-09 14:17:17,442 [INFO] PluginManage:359 - Loaded plugin thirdparty (category:base,tabindex:-1)
2023-11-09 14:17:17,443 [INFO] PluginManage:310 - Check plugin tools
2023-11-09 14:17:17,442 [WARN] IntegrityCheckThread:84 - waiting for thirdparty lock release [integrity check]
2023-11-09 14:17:17,443 [INFO] IntegrityCheckThread:86 - entering critical section [integrity check]
2023-11-09 14:17:17,443 [INFO] ThirdPartyUpdaterWithRetryManager:70 - Updater plugin not ready yet. [1/15]
2023-11-09 14:17:17,446 [INFO] PluginManage:359 - Loaded plugin tools (category:base,tabindex:7)
2023-11-09 14:17:17,447 [INFO] PluginManage:310 - Check plugin tutovideos
2023-11-09 14:17:17,692 [INFO] PluginManage:359 - Loaded plugin tutovideos (category:base,tabindex:-1)
2023-11-09 14:17:17,693 [INFO] PluginManage:310 - Check plugin updater
2023-11-09 14:17:17,712 [INFO] PluginManage:359 - Loaded plugin updater (category:base,tabindex:12)
2023-11-09 14:17:17,713 [INFO] PluginManage:310 - Check plugin userauth
2023-11-09 14:17:17,719 [INFO] UserAuth:113 - Init User Auth plugin
2023-11-09 14:17:17,720 [INFO] PluginManage:359 - Loaded plugin userauth (category:base,tabindex:14)
2023-11-09 14:17:17,721 [INFO] PluginManage:283 - PluginManage : Loaded plugins [17]
2023-11-09 14:17:18,052 [INFO] PinOutPanel:1499 - setPackage(No Configuration,No Configuration)
2023-11-09 14:17:18,284 [INFO] CADModel:165 - CPN selected for project level
2023-11-09 14:17:18,285 [INFO] CADModel:114 - Register for checkConnection events
2023-11-09 14:17:18,299 [INFO] IPUIPlugin:80 - create IPUIPlugin
2023-11-09 14:17:18,300 [INFO] PluginManager:220 - loadIPPluginJar : add mdma
2023-11-09 14:17:18,307 [INFO] IPUIPlugin:80 - create IPUIPlugin
2023-11-09 14:17:18,308 [INFO] PluginManager:220 - loadIPPluginJar : add freertos
2023-11-09 14:17:18,313 [INFO] IPUIPlugin:80 - create IPUIPlugin
2023-11-09 14:17:18,313 [INFO] PluginManager:220 - loadIPPluginJar : add gic
2023-11-09 14:17:18,322 [INFO] IPUIPlugin:80 - create IPUIPlugin
2023-11-09 14:17:18,322 [INFO] PluginManager:220 - loadIPPluginJar : add adc
2023-11-09 14:17:18,327 [INFO] IPUIPlugin:80 - create IPUIPlugin
2023-11-09 14:17:18,327 [INFO] PluginManager:220 - loadIPPluginJar : add gtzc
2023-11-09 14:17:18,328 [INFO] IPUIPlugin:80 - create IPUIPlugin
2023-11-09 14:17:18,329 [INFO] PluginManager:220 - loadIPPluginJar : add quadspi
2023-11-09 14:17:18,330 [INFO] IPUIPlugin:80 - create IPUIPlugin
2023-11-09 14:17:18,330 [INFO] PluginManager:220 - loadIPPluginJar : add aes
2023-11-09 14:17:18,332 [INFO] IPUIPlugin:80 - create IPUIPlugin
2023-11-09 14:17:18,332 [INFO] PluginManager:220 - loadIPPluginJar : add pdm2pcm
2023-11-09 14:17:18,334 [INFO] IPUIPlugin:80 - create IPUIPlugin
2023-11-09 14:17:18,334 [INFO] PluginManager:220 - loadIPPluginJar : add hash
2023-11-09 14:17:18,335 [INFO] IPUIPlugin:80 - create IPUIPlugin
2023-11-09 14:17:18,336 [INFO] PluginManager:220 - loadIPPluginJar : add tim
2023-11-09 14:17:18,337 [INFO] IPUIPlugin:80 - create IPUIPlugin
2023-11-09 14:17:18,337 [INFO] PluginManager:220 - loadIPPluginJar : add tsc
2023-11-09 14:17:18,338 [INFO] IPUIPlugin:80 - create IPUIPlugin
2023-11-09 14:17:18,338 [INFO] PluginManager:220 - loadIPPluginJar : add ts
2023-11-09 14:17:18,340 [INFO] IPUIPlugin:80 - create IPUIPlugin
2023-11-09 14:17:18,340 [INFO] PluginManager:220 - loadIPPluginJar : add can
2023-11-09 14:17:18,342 [INFO] IPUIPlugin:80 - create IPUIPlugin
2023-11-09 14:17:18,342 [INFO] PluginManager:220 - loadIPPluginJar : add dma3
2023-11-09 14:17:18,345 [INFO] IPUIPlugin:80 - create IPUIPlugin
2023-11-09 14:17:18,345 [INFO] PluginManager:220 - loadIPPluginJar : add dfsdm
2023-11-09 14:17:18,347 [INFO] IPUIPlugin:80 - create IPUIPlugin
2023-11-09 14:17:18,347 [INFO] PluginManager:220 - loadIPPluginJar : add spi
2023-11-09 14:17:18,349 [INFO] IPUIPlugin:80 - create IPUIPlugin
2023-11-09 14:17:18,349 [INFO] PluginManager:220 - loadIPPluginJar : add gfxmmu
2023-11-09 14:17:18,350 [INFO] IPUIPlugin:80 - create IPUIPlugin
2023-11-09 14:17:18,351 [INFO] PluginManager:220 - loadIPPluginJar : add genericplugin
2023-11-09 14:17:18,353 [INFO] IPUIPlugin:80 - create IPUIPlugin
2023-11-09 14:17:18,353 [INFO] PluginManager:220 - loadIPPluginJar : add cryp
2023-11-09 14:17:18,356 [INFO] IPUIPlugin:80 - create IPUIPlugin
2023-11-09 14:17:18,357 [INFO] PluginManager:220 - loadIPPluginJar : add gpio
2023-11-09 14:17:18,358 [INFO] IPUIPlugin:80 - create IPUIPlugin
2023-11-09 14:17:18,358 [INFO] PluginManager:220 - loadIPPluginJar : add comp
2023-11-09 14:17:18,362 [INFO] IPUIPlugin:80 - create IPUIPlugin
2023-11-09 14:17:18,362 [INFO] PluginManager:220 - loadIPPluginJar : add tracer_emb
2023-11-09 14:17:18,364 [INFO] IPUIPlugin:80 - create IPUIPlugin
2023-11-09 14:17:18,364 [INFO] PluginManager:220 - loadIPPluginJar : add openamp
2023-11-09 14:17:18,369 [INFO] IPUIPlugin:80 - create IPUIPlugin
2023-11-09 14:17:18,369 [INFO] PluginManager:220 - loadIPPluginJar : add stm32_wpan
2023-11-09 14:17:18,374 [INFO] IPUIPlugin:80 - create IPUIPlugin
2023-11-09 14:17:18,378 [INFO] PluginManager:220 - loadIPPluginJar : add plateformsettings
2023-11-09 14:17:18,381 [INFO] IPUIPlugin:80 - create IPUIPlugin
2023-11-09 14:17:18,381 [INFO] PluginManager:220 - loadIPPluginJar : add ipddr
2023-11-09 14:17:18,384 [INFO] IPUIPlugin:80 - create IPUIPlugin
2023-11-09 14:17:18,384 [INFO] PluginManager:220 - loadIPPluginJar : add usart
2023-11-09 14:17:18,385 [INFO] IPUIPlugin:80 - create IPUIPlugin
2023-11-09 14:17:18,386 [INFO] PluginManager:220 - loadIPPluginJar : add ltdc
2023-11-09 14:17:18,388 [INFO] IPUIPlugin:80 - create IPUIPlugin
2023-11-09 14:17:18,389 [INFO] PluginManager:220 - loadIPPluginJar : add nvic
2023-11-09 14:17:18,391 [INFO] IPUIPlugin:80 - create IPUIPlugin
2023-11-09 14:17:18,391 [INFO] PluginManager:220 - loadIPPluginJar : add fatfs
2023-11-09 14:17:18,405 [INFO] IPUIPlugin:80 - create IPUIPlugin
2023-11-09 14:17:18,405 [INFO] PluginManager:220 - loadIPPluginJar : add linkedlist
2023-11-09 14:17:18,410 [INFO] IPUIPlugin:80 - create IPUIPlugin
2023-11-09 14:17:18,411 [INFO] PluginManager:220 - loadIPPluginJar : add dma
2023-11-09 14:17:18,415 [INFO] IPUIPlugin:80 - create IPUIPlugin
2023-11-09 14:17:18,415 [INFO] PluginManager:220 - loadIPPluginJar : add fmc
2023-11-09 14:17:18,419 [INFO] IPUIPlugin:80 - create IPUIPlugin
2023-11-09 14:17:18,420 [INFO] PluginManager:220 - loadIPPluginJar : add i2s
2023-11-09 14:17:18,422 [INFO] IPUIPlugin:80 - create IPUIPlugin
2023-11-09 14:17:18,422 [INFO] PluginManager:220 - loadIPPluginJar : add ucpd
2023-11-09 14:17:18,424 [INFO] IPUIPlugin:80 - create IPUIPlugin
2023-11-09 14:17:18,424 [INFO] PluginManager:220 - loadIPPluginJar : add lorawan
2023-11-09 14:17:18,427 [INFO] IPUIPlugin:80 - create IPUIPlugin
2023-11-09 14:17:18,427 [INFO] PluginManager:220 - loadIPPluginJar : add opamp
2023-11-09 14:17:18,429 [INFO] IPUIPlugin:80 - create IPUIPlugin
2023-11-09 14:17:18,429 [INFO] PluginManager:220 - loadIPPluginJar : add i3c
2023-11-09 14:17:18,431 [INFO] IPUIPlugin:80 - create IPUIPlugin
2023-11-09 14:17:18,431 [INFO] PluginManager:220 - loadIPPluginJar : add touchsensing
2023-11-09 14:17:18,432 [INFO] IPUIPlugin:80 - create IPUIPlugin
2023-11-09 14:17:18,432 [INFO] PluginManager:220 - loadIPPluginJar : add i2c
2023-11-09 14:17:18,435 [INFO] IPUIPlugin:80 - create IPUIPlugin
2023-11-09 14:17:18,435 [INFO] PluginManager:220 - loadIPPluginJar : add resmgrutility
2023-11-09 14:17:18,437 [INFO] IPUIPlugin:80 - create IPUIPlugin
2023-11-09 14:17:18,438 [INFO] PluginManager:220 - loadIPPluginJar : add sai
2023-11-09 14:17:18,440 [INFO] IPUIPlugin:80 - create IPUIPlugin
2023-11-09 14:17:18,440 [INFO] PluginManager:220 - loadIPPluginJar : add usbx
2023-11-09 14:17:18,592 [INFO] CADModel:165 - CPN selected for project level
2023-11-09 14:17:18,593 [INFO] CADModel:114 - Register for checkConnection events
2023-11-09 14:17:18,593 [FATAL] Updater:308 - Updater called before beeing initialized
2023-11-09 14:17:18,593 [ERROR] CADModel:125 - Updater not yet initialized, retry later 
2023-11-09 14:17:18,921 [INFO] CADModel:165 - CPN selected for project level
2023-11-09 14:17:18,922 [INFO] CADModel:114 - Register for checkConnection events
2023-11-09 14:17:18,922 [FATAL] Updater:308 - Updater called before beeing initialized
2023-11-09 14:17:18,922 [ERROR] CADModel:125 - Updater not yet initialized, retry later 
2023-11-09 14:17:18,926 [FATAL] Updater:308 - Updater called before beeing initialized
2023-11-09 14:17:19,192 [FATAL] Updater:308 - Updater called before beeing initialized
2023-11-09 14:17:19,201 [INFO] DbMcusAds:53 - JSON generation date=Tue Mar 07 09:50:55 CET 2023 (1678179055335)
2023-11-09 14:17:19,201 [FATAL] Updater:308 - Updater called before beeing initialized
2023-11-09 14:17:19,304 [WARN] DetailPanel:346 - Failed to get advertising image, set to default
2023-11-09 14:17:19,419 [FATAL] Updater:308 - Updater called before beeing initialized
2023-11-09 14:17:19,421 [FATAL] Updater:308 - Updater called before beeing initialized
2023-11-09 14:17:19,421 [FATAL] Updater:308 - Updater called before beeing initialized
2023-11-09 14:17:19,422 [WARN] DetailPanel:346 - Failed to get advertising image, set to default
2023-11-09 14:17:19,424 [FATAL] Updater:308 - Updater called before beeing initialized
2023-11-09 14:17:19,555 [ERROR] Updater:1120 - MainUpdater not yet initialized. External WinMGr cannot be set.
2023-11-09 14:17:19,649 [INFO] Updater:1056 - Updater Version found : 6.9.2
2023-11-09 14:17:19,679 [INFO] ApplicationProperties:184 - Using Application install path: /Applications/STM32CubeIDE.app/Contents/Eclipse/plugins/com.st.stm32cube.common.mx_6.9.2.202309101412
2023-11-09 14:17:20,050 [INFO] MainUpdater:2868 - connection check result : 10
2023-11-09 14:17:20,052 [INFO] MainUpdater:285 - Updater Check For Update Now.
2023-11-09 14:17:20,052 [INFO] MicroXplorer:498 - Change Database Version : DB.6.0.92
2023-11-09 14:17:20,059 [INFO] McuFinderGlobals:63 - Set McuFinder mode to 2 (CubeIDE integrated)
2023-11-09 14:17:20,060 [INFO] UserAuth:179 - activating auth plugin
2023-11-09 14:17:20,085 [INFO] UserAuth:393 - Internet connection configuration mode: 1
2023-11-09 14:17:20,102 [INFO] JxBrowserEngine:151 - Initiate JxBrowser Engine with user profile folder
2023-11-09 14:17:20,384 [INFO] CheckServerUpdateThread:120 - End of CheckServer Thread
2023-11-09 14:17:20,646 [WARN] PackLoader:240 - Cannot read IP mode file for STMicroelectronics.X-CUBE-SMBUS.2.1.0
2023-11-09 14:17:20,752 [WARN] PackLoader:240 - Cannot read IP mode file for STMicroelectronics.X-CUBE-AZRTOS-F7.1.1.0
2023-11-09 14:17:20,817 [WARN] PackLoader:240 - Cannot read IP mode file for STMicroelectronics.FP-SNS-MOTENV1.4.3.2
2023-11-09 14:17:20,869 [WARN] PackLoader:240 - Cannot read IP mode file for STMicroelectronics.X-CUBE-BLE1.6.2.4
2023-11-09 14:17:20,897 [WARN] PackLoader:240 - Cannot read IP mode file for STMicroelectronics.FP-SNS-FLIGHT1.5.0.2
2023-11-09 14:17:20,932 [WARN] PackLoader:240 - Cannot read IP mode file for STMicroelectronics.X-CUBE-DISPLAY.3.0.0
2023-11-09 14:17:21,053 [WARN] PackLoader:240 - Cannot read IP mode file for STMicroelectronics.X-CUBE-BLE1.7.0.0
2023-11-09 14:17:21,079 [WARN] PackLoader:240 - Cannot read IP mode file for STMicroelectronics.X-CUBE-TOUCHGFX.4.22.1
2023-11-09 14:17:21,095 [WARN] PackLoader:240 - Cannot read IP mode file for STMicroelectronics.FP-SNS-SMARTAG2.1.2.0
2023-11-09 14:17:21,140 [INFO] LogOutputStream:77 - [STDOUT_REDIRECT] 1 : Invalid condition id : UX_CORESTACK_Condition cause : null
2023-11-09 14:17:21,144 [INFO] LogOutputStream:77 - [STDOUT_REDIRECT] 1 : Invalid condition id : UX_CORESTACK_Condition cause : null
2023-11-09 14:17:21,145 [INFO] LogOutputStream:77 - [STDOUT_REDIRECT] 1 : Invalid condition id : UX_CORESTACK_Condition cause : null
2023-11-09 14:17:21,145 [INFO] LogOutputStream:77 - [STDOUT_REDIRECT] 1 : Invalid condition id : UX_CORESTACK_Condition cause : null
2023-11-09 14:17:21,145 [INFO] LogOutputStream:77 - [STDOUT_REDIRECT] 1 : Invalid condition id : UX_CORESTACK_Condition cause : null
2023-11-09 14:17:21,162 [WARN] PackLoader:240 - Cannot read IP mode file for STMicroelectronics.X-CUBE-AZRTOS-WL.2.0.0
2023-11-09 14:17:21,235 [WARN] PackLoader:240 - Cannot read IP mode file for WES.I-CUBE-Cesium.1.3.0
2023-11-09 14:17:21,312 [WARN] PackLoader:240 - Cannot read IP mode file for STMicroelectronics.X-CUBE-BLE2.3.3.0
2023-11-09 14:17:21,323 [WARN] PackLoader:240 - Cannot read IP mode file for STMicroelectronics.X-CUBE-TOUCHGFX.4.21.3
2023-11-09 14:17:21,339 [WARN] PackLoader:240 - Cannot read IP mode file for STMicroelectronics.X-CUBE-ALGOBUILD.1.3.0
2023-11-09 14:17:21,397 [WARN] PackLoader:240 - Cannot read IP mode file for STMicroelectronics.X-CUBE-AZRTOS-G0.1.1.0
2023-11-09 14:17:21,437 [WARN] PackLoader:240 - Cannot read IP mode file for STMicroelectronics.X-CUBE-NFC4.3.0.0
2023-11-09 14:17:21,518 [WARN] PackLoader:240 - Cannot read IP mode file for STMicroelectronics.X-CUBE-BLEMGR.3.0.0
2023-11-09 14:17:21,563 [WARN] PackLoader:240 - Cannot read IP mode file for STMicroelectronics.FP-ATR-SIGFOX1.3.2.0
2023-11-09 14:17:21,751 [WARN] PackLoader:240 - Cannot read IP mode file for STMicroelectronics.X-CUBE-MEMS1.9.5.0
2023-11-09 14:17:22,166 [WARN] PackLoader:240 - Cannot read IP mode file for SEGGER.I-CUBE-embOS.1.3.1
2023-11-09 14:17:22,280 [WARN] PackLoader:240 - Cannot read IP mode file for STMicroelectronics.X-CUBE-GNSS1.6.0.0
2023-11-09 14:17:22,320 [WARN] PackLoader:240 - Cannot read IP mode file for STMicroelectronics.X-CUBE-AZRTOS-F4.1.1.0
2023-11-09 14:17:22,335 [WARN] PackLoader:240 - Cannot read IP mode file for wolfSSL.I-CUBE-wolfSSL.5.6.0
2023-11-09 14:17:22,392 [WARN] PackLoader:240 - Cannot read IP mode file for STMicroelectronics.X-CUBE-AZRTOS-L5.2.0.0
2023-11-09 14:17:22,476 [WARN] PackLoader:240 - Cannot read IP mode file for STMicroelectronics.X-CUBE-EEPRMA1.4.2.0
2023-11-09 14:17:22,694 [WARN] PackLoader:240 - Cannot read IP mode file for ITTIA_DB.I-CUBE-ITTIADB.8.8.0
2023-11-09 14:17:22,785 [WARN] PackLoader:240 - Cannot read IP mode file for emotas.I-CUBE-CANOPEN.1.1.3
2023-11-09 14:17:22,817 [WARN] PackLoader:240 - Cannot read IP mode file for STMicroelectronics.X-CUBE-BLEMGR.2.0.0
2023-11-09 14:17:22,866 [WARN] ConditionMgr:438 - getConditionDescription Invalid condition id : UX DEVICE CLASS RTOS Condition cause : null
2023-11-09 14:17:22,867 [WARN] ConditionMgr:438 - getConditionDescription Invalid condition id : UX DEVICE CLASS RTOS Condition cause : null
2023-11-09 14:17:22,878 [WARN] PackLoader:240 - Cannot read IP mode file for STMicroelectronics.X-CUBE-AZRTOS-H7.3.1.0
2023-11-09 14:17:22,947 [WARN] ConditionMgr:1039 - genDependencies : Invalid condition id : UX DEVICE CLASS RTOS Condition cause : null
2023-11-09 14:17:22,948 [WARN] ConditionMgr:1039 - genDependencies : Invalid condition id : UX DEVICE CLASS RTOS Condition cause : null
2023-11-09 14:17:22,955 [WARN] ConditionMgr:1039 - genDependencies : Invalid condition id : UX DEVICE CLASS RTOS Condition cause : null
2023-11-09 14:17:22,956 [WARN] ConditionMgr:1039 - genDependencies : Invalid condition id : UX DEVICE CLASS RTOS Condition cause : null
2023-11-09 14:17:22,956 [WARN] ConditionMgr:1039 - genDependencies : Invalid condition id : UX DEVICE CLASS RTOS Condition cause : null
2023-11-09 14:17:22,982 [WARN] PackLoader:240 - Cannot read IP mode file for STMicroelectronics.X-CUBE-NFC7.1.0.1
2023-11-09 14:17:22,994 [WARN] PackLoader:240 - Cannot read IP mode file for STMicroelectronics.X-CUBE-NFC7.1.0.0
2023-11-09 14:17:23,009 [WARN] PackLoader:240 - Cannot read IP mode file for STMicroelectronics.X-CUBE-NFC6.3.0.0
2023-11-09 14:17:23,024 [WARN] PackLoader:240 - Cannot read IP mode file for STMicroelectronics.X-CUBE-EEPRMA1.4.1.0
2023-11-09 14:17:23,033 [WARN] PackLoader:240 - Cannot read IP mode file for STMicroelectronics.X-CUBE-AI.8.1.0
2023-11-09 14:17:23,075 [WARN] ConditionMgr:438 - getConditionDescription Invalid condition id : LAN8742 Phy interface Condition cause : null
2023-11-09 14:17:23,080 [WARN] PackLoader:240 - Cannot read IP mode file for STMicroelectronics.X-CUBE-AZRTOS-L4.2.0.0
2023-11-09 14:17:23,088 [WARN] ConditionMgr:1039 - genDependencies : Invalid condition id : LAN8742 Phy interface Condition cause : null
2023-11-09 14:17:23,089 [WARN] ConditionMgr:1039 - genDependencies : Invalid condition id : LAN8742 Phy interface Condition cause : null
2023-11-09 14:17:23,091 [WARN] ConditionMgr:1039 - genDependencies : Invalid condition id : LAN8742 Phy interface Condition cause : null
2023-11-09 14:17:23,162 [WARN] PackLoader:240 - Cannot read IP mode file for STMicroelectronics.X-CUBE-SFXS2LP1.4.0.0
2023-11-09 14:17:23,233 [WARN] PackLoader:240 - Cannot read IP mode file for STMicroelectronics.X-CUBE-AZRTOS-H7.3.0.0
2023-11-09 14:17:23,349 [WARN] PackLoader:240 - Cannot read IP mode file for STMicroelectronics.X-CUBE-ISPU.1.1.0
2023-11-09 14:17:23,377 [WARN] PackLoader:240 - Cannot read IP mode file for RoweBots.I-CUBE-UNISONRTOS.5.5.0-4
2023-11-09 14:17:23,397 [WARN] PackLoader:240 - Cannot read IP mode file for STMicroelectronics.X-CUBE-AI.8.0.0
2023-11-09 14:17:23,416 [WARN] ConditionMgr:438 - getConditionDescription Invalid condition id : UX DEVICE CLASS RTOS Condition cause : null
2023-11-09 14:17:23,417 [WARN] ConditionMgr:438 - getConditionDescription Invalid condition id : UX DEVICE CLASS RTOS Condition cause : null
2023-11-09 14:17:23,423 [WARN] PackLoader:240 - Cannot read IP mode file for STMicroelectronics.X-CUBE-AZRTOS-WB.2.0.0
2023-11-09 14:17:23,425 [WARN] ConditionMgr:1039 - genDependencies : Invalid condition id : UX DEVICE CLASS RTOS Condition cause : null
2023-11-09 14:17:23,426 [WARN] ConditionMgr:1039 - genDependencies : Invalid condition id : UX DEVICE CLASS RTOS Condition cause : null
2023-11-09 14:17:23,427 [WARN] ConditionMgr:1039 - genDependencies : Invalid condition id : UX DEVICE CLASS RTOS Condition cause : null
2023-11-09 14:17:23,428 [WARN] ConditionMgr:1039 - genDependencies : Invalid condition id : UX DEVICE CLASS RTOS Condition cause : null
2023-11-09 14:17:23,428 [WARN] ConditionMgr:1039 - genDependencies : Invalid condition id : UX DEVICE CLASS RTOS Condition cause : null
2023-11-09 14:17:23,439 [WARN] PackLoader:240 - Cannot read IP mode file for STMicroelectronics.X-CUBE-FREERTOS.1.0.0
2023-11-09 14:17:23,469 [WARN] PackLoader:240 - Cannot read IP mode file for STMicroelectronics.X-CUBE-AZRTOS-L5.1.1.0
2023-11-09 14:17:23,502 [WARN] PackLoader:240 - Cannot read IP mode file for STMicroelectronics.X-CUBE-SUBG2.5.0.0
2023-11-09 14:17:23,533 [WARN] PackLoader:240 - Cannot read IP mode file for STMicroelectronics.X-CUBE-TOF1.3.3.1
2023-11-09 14:17:23,585 [WARN] PackLoader:240 - Cannot read IP mode file for STMicroelectronics.X-CUBE-AZRTOS-G4.2.0.0
2023-11-09 14:17:23,607 [WARN] PackLoader:240 - Cannot read IP mode file for STMicroelectronics.X-CUBE-TOF1.3.3.0
2023-11-09 14:17:23,626 [WARN] PackLoader:240 - Cannot read IP mode file for STMicroelectronics.FP-ATR-ASTRA1.1.1.1
2023-11-09 14:17:23,645 [WARN] PackLoader:240 - Cannot read IP mode file for Infineon.AIROC-Wi-Fi-Bluetooth-STM32.1.5.1
2023-11-09 14:17:23,656 [WARN] PackLoader:240 - Cannot read IP mode file for STMicroelectronics.FP-SNS-MOTENVWB1.1.3.0
2023-11-09 14:17:23,680 [WARN] PackLoader:240 - Cannot read IP mode file for STMicroelectronics.X-CUBE-AZRTOS-G4.1.0.0
2023-11-09 14:17:23,710 [WARN] PackLoader:240 - Cannot read IP mode file for STMicroelectronics.X-CUBE-AZRTOS-L4.1.0.0
2023-11-09 14:17:23,798 [WARN] PackLoader:240 - Cannot read IP mode file for STMicroelectronics.X-CUBE-MEMS1.10.0.0
2023-11-09 14:17:24,138 [WARN] PackLoader:240 - Cannot read IP mode file for STMicroelectronics.X-CUBE-FREERTOS.1.1.0
2023-11-09 14:17:24,176 [WARN] PackLoader:240 - Cannot read IP mode file for STMicroelectronics.X-CUBE-AZRTOS-WL.1.0.0
2023-11-09 14:17:24,190 [WARN] PackLoader:240 - Cannot read IP mode file for portGmbH.I-Cube-SoM-uGOAL.1.1.0
2023-11-09 14:17:24,197 [WARN] PackLoader:240 - Cannot read IP mode file for STMicroelectronics.X-CUBE-ALS.1.0.1
2023-11-09 14:17:24,234 [WARN] PackLoader:240 - Cannot read IP mode file for STMicroelectronics.X-CUBE-AZRTOS-WB.1.1.0
2023-11-09 14:17:24,248 [WARN] PackLoader:240 - Cannot read IP mode file for STMicroelectronics.FP-ATR-ASTRA1.2.0.0
2023-11-09 14:17:24,259 [INFO] ThirdParty:978 - Integrity check success = true
2023-11-09 14:17:24,260 [INFO] IntegrityCheckThread:100 - exiting critical section [integrity check]
2023-11-09 14:17:24,260 [INFO] IntegrityCheckThread:103 - End integrity checks thread
2023-11-09 14:17:26,788 [INFO] WebApp:157 - Instantiating new browser for Auth
2023-11-09 14:17:28,459 [INFO] WebApp:753 - Register for checkConnection events
2023-11-09 14:17:28,460 [INFO] WebApp:390 - Apply proxy settings
2023-11-09 14:17:28,484 [INFO] WebApp:455 - Chromium authenticates against System proxy
2023-11-09 14:17:28,750 [INFO] WebApp:188 - Starting web application
2023-11-09 14:17:28,750 [INFO] WebApp:520 - Web application path used /Applications/STM32CubeIDE.app/Contents/Eclipse/plugins/com.st.stm32cube.common.mx_6.9.2.202309101412/db/plugins/mcufinder/reactClient1/index.html
2023-11-09 14:17:51,073 [ERROR] LogOutputStream:75 - [STDERR_REDIRECT] SLF4J: Failed to load class "org.slf4j.impl.StaticLoggerBinder".
2023-11-09 14:17:51,077 [ERROR] LogOutputStream:75 - [STDERR_REDIRECT] SLF4J: Defaulting to no-operation (NOP) logger implementation
2023-11-09 14:17:51,078 [ERROR] LogOutputStream:75 - [STDERR_REDIRECT] SLF4J: See http://www.slf4j.org/codes.html#StaticLoggerBinder for further details.
2023-11-09 14:24:01,956 [ERROR] LogOutputStream:75 - [STDERR_REDIRECT] 
